2019-03-16 17:15:22.963 [restartedMain] INFO  com.hp.PcApplication - Starting PcApplication on DESKTOP-F1HOJGL with PID 382196 (E:\wx\hpwx\hp-parent\hp-wx-pc\target\classes started by gq in E:\wx\hpwx\hp-parent\hp-wx-pc)
2019-03-16 17:15:22.965 [restartedMain] DEBUG com.hp.PcApplication - Running with Spring Boot v1.5.4.RELEASE, Spring v4.3.9.RELEASE
2019-03-16 17:15:22.965 [restartedMain] INFO  com.hp.PcApplication - The following profiles are active: test
2019-03-16 17:15:23.025 [restartedMain] INFO  o.s.b.c.e.AnnotationConfigEmbeddedWebApplicationContext - Refreshing org.springframework.boot.context.embedded.AnnotationConfigEmbeddedWebApplicationContext@6ab5aac6: startup date [Sat Mar 16 17:15:23 CST 2019]; root of context hierarchy
2019-03-16 17:15:23.235 [background-preinit] INFO  org.hibernate.validator.internal.util.Version - HV000001: Hibernate Validator 5.3.5.Final
2019-03-16 17:15:25.256 [restartedMain] INFO  o.s.d.r.config.RepositoryConfigurationDelegate - Multiple Spring Data modules found, entering strict repository configuration mode!
2019-03-16 17:15:25.710 [restartedMain] INFO  c.u.j.c.EnableEncryptablePropertiesBeanFactoryPostProcessor - Post-processing PropertySource instances
2019-03-16 17:15:25.776 [restartedMain] INFO  c.u.j.c.EnableEncryptablePropertiesBeanFactoryPostProcessor - Converting PropertySource servletConfigInitParams [org.springframework.core.env.PropertySource$StubPropertySource] to EncryptablePropertySourceWrapper
2019-03-16 17:15:25.777 [restartedMain] INFO  c.u.j.c.EnableEncryptablePropertiesBeanFactoryPostProcessor - Converting PropertySource servletContextInitParams [org.springframework.core.env.PropertySource$StubPropertySource] to EncryptablePropertySourceWrapper
2019-03-16 17:15:25.777 [restartedMain] INFO  c.u.j.c.EnableEncryptablePropertiesBeanFactoryPostProcessor - Converting PropertySource systemProperties [org.springframework.core.env.MapPropertySource] to EncryptableMapPropertySourceWrapper
2019-03-16 17:15:25.777 [restartedMain] INFO  c.u.j.c.EnableEncryptablePropertiesBeanFactoryPostProcessor - Converting PropertySource systemEnvironment [org.springframework.core.env.SystemEnvironmentPropertySource] to EncryptableMapPropertySourceWrapper
2019-03-16 17:15:25.777 [restartedMain] INFO  c.u.j.c.EnableEncryptablePropertiesBeanFactoryPostProcessor - Converting PropertySource random [org.springframework.boot.context.config.RandomValuePropertySource] to EncryptablePropertySourceWrapper
2019-03-16 17:15:25.777 [restartedMain] INFO  c.u.j.c.EnableEncryptablePropertiesBeanFactoryPostProcessor - Converting PropertySource applicationConfig: [classpath:/application-test.yml] [org.springframework.core.env.MapPropertySource] to EncryptableMapPropertySourceWrapper
2019-03-16 17:15:25.777 [restartedMain] INFO  c.u.j.c.EnableEncryptablePropertiesBeanFactoryPostProcessor - Converting PropertySource applicationConfig: [classpath:/application.yml] [org.springframework.core.env.MapPropertySource] to EncryptableMapPropertySourceWrapper
2019-03-16 17:15:25.777 [restartedMain] INFO  c.u.j.c.EnableEncryptablePropertiesBeanFactoryPostProcessor - Converting PropertySource refresh [org.springframework.core.env.MapPropertySource] to EncryptableMapPropertySourceWrapper
2019-03-16 17:15:25.830 [restartedMain] INFO  o.s.c.s.PostProcessorRegistrationDelegate$BeanPostProcessorChecker - Bean 'shiroConfig' of type [com.hp.config.ShiroConfig$$EnhancerBySpringCGLIB$$e93f2a42] is not eligible for getting processed by all BeanPostProcessors (for example: not eligible for auto-proxying)
2019-03-16 17:15:26.189 [restartedMain] INFO  c.u.j.resolver.DefaultLazyPropertyResolver - Property Resolver custom Bean not found with name 'encryptablePropertyResolver'. Initializing Default Property Resolver
2019-03-16 17:15:26.198 [restartedMain] INFO  c.u.j.detector.DefaultLazyPropertyDetector - Property Detector custom Bean not found with name 'encryptablePropertyDetector'. Initializing Default Property Detector
2019-03-16 17:15:26.373 [restartedMain] INFO  o.s.c.s.PostProcessorRegistrationDelegate$BeanPostProcessorChecker - Bean 'mybatis-plus-com.baomidou.mybatisplus.spring.boot.starter.MybatisPlusProperties' of type [com.baomidou.mybatisplus.spring.boot.starter.MybatisPlusProperties] is not eligible for getting processed by all BeanPostProcessors (for example: not eligible for auto-proxying)
2019-03-16 17:15:26.380 [restartedMain] INFO  o.s.c.s.PostProcessorRegistrationDelegate$BeanPostProcessorChecker - Bean 'mybatisPlusConfig' of type [com.hp.config.MybatisPlusConfig$$EnhancerBySpringCGLIB$$6dc0771e] is not eligible for getting processed by all BeanPostProcessors (for example: not eligible for auto-proxying)
2019-03-16 17:15:26.400 [restartedMain] INFO  o.s.c.s.PostProcessorRegistrationDelegate$BeanPostProcessorChecker - Bean 'paginationInterceptor' of type [com.baomidou.mybatisplus.plugins.PaginationInterceptor] is not eligible for getting processed by all BeanPostProcessors (for example: not eligible for auto-proxying)
2019-03-16 17:15:26.417 [restartedMain] INFO  o.s.c.s.PostProcessorRegistrationDelegate$BeanPostProcessorChecker - Bean 'com.baomidou.mybatisplus.spring.boot.starter.MybatisPlusAutoConfiguration' of type [com.baomidou.mybatisplus.spring.boot.starter.MybatisPlusAutoConfiguration$$EnhancerBySpringCGLIB$$edc4337a] is not eligible for getting processed by all BeanPostProcessors (for example: not eligible for auto-proxying)
2019-03-16 17:15:26.429 [restartedMain] INFO  o.s.c.s.PostProcessorRegistrationDelegate$BeanPostProcessorChecker - Bean 'dynamicDataSourceConfig' of type [com.hp.datasources.DynamicDataSourceConfig$$EnhancerBySpringCGLIB$$76dd316f] is not eligible for getting processed by all BeanPostProcessors (for example: not eligible for auto-proxying)
2019-03-16 17:15:26.580 [restartedMain] INFO  o.s.c.s.PostProcessorRegistrationDelegate$BeanPostProcessorChecker - Bean 'spring.datasource-org.springframework.boot.autoconfigure.jdbc.DataSourceProperties' of type [org.springframework.boot.autoconfigure.jdbc.DataSourceProperties] is not eligible for getting processed by all BeanPostProcessors (for example: not eligible for auto-proxying)
2019-03-16 17:15:26.597 [restartedMain] INFO  o.s.c.s.PostProcessorRegistrationDelegate$BeanPostProcessorChecker - Bean 'com.alibaba.druid.spring.boot.autoconfigure.stat.DruidFilterConfiguration' of type [com.alibaba.druid.spring.boot.autoconfigure.stat.DruidFilterConfiguration] is not eligible for getting processed by all BeanPostProcessors (for example: not eligible for auto-proxying)
2019-03-16 17:15:26.951 [restartedMain] INFO  o.s.c.s.PostProcessorRegistrationDelegate$BeanPostProcessorChecker - Bean 'statFilter' of type [com.alibaba.druid.filter.stat.StatFilter] is not eligible for getting processed by all BeanPostProcessors (for example: not eligible for auto-proxying)
2019-03-16 17:15:27.323 [restartedMain] INFO  o.s.c.s.PostProcessorRegistrationDelegate$BeanPostProcessorChecker - Bean 'firstDataSource' of type [com.alibaba.druid.spring.boot.autoconfigure.DruidDataSourceWrapper] is not eligible for getting processed by all BeanPostProcessors (for example: not eligible for auto-proxying)
2019-03-16 17:15:27.560 [restartedMain] INFO  o.s.c.s.PostProcessorRegistrationDelegate$BeanPostProcessorChecker - Bean 'secondDataSource' of type [com.alibaba.druid.spring.boot.autoconfigure.DruidDataSourceWrapper] is not eligible for getting processed by all BeanPostProcessors (for example: not eligible for auto-proxying)
2019-03-16 17:15:27.569 [restartedMain] INFO  o.s.c.s.PostProcessorRegistrationDelegate$BeanPostProcessorChecker - Bean 'dataSource' of type [com.hp.datasources.DynamicDataSource] is not eligible for getting processed by all BeanPostProcessors (for example: not eligible for auto-proxying)
2019-03-16 17:15:30.538 [restartedMain] INFO  com.alibaba.druid.pool.DruidDataSource - {dataSource-1} inited
2019-03-16 17:15:31.285 [restartedMain] INFO  o.s.c.s.PostProcessorRegistrationDelegate$BeanPostProcessorChecker - Bean 'sqlSessionFactory' of type [org.apache.ibatis.session.defaults.DefaultSqlSessionFactory] is not eligible for getting processed by all BeanPostProcessors (for example: not eligible for auto-proxying)
2019-03-16 17:15:31.294 [restartedMain] INFO  o.s.c.s.PostProcessorRegistrationDelegate$BeanPostProcessorChecker - Bean 'sqlSessionTemplate' of type [org.mybatis.spring.SqlSessionTemplate] is not eligible for getting processed by all BeanPostProcessors (for example: not eligible for auto-proxying)
2019-03-16 17:15:31.295 [restartedMain] INFO  o.s.c.s.PostProcessorRegistrationDelegate$BeanPostProcessorChecker - Bean 'sysMenuDao' of type [org.mybatis.spring.mapper.MapperFactoryBean] is not eligible for getting processed by all BeanPostProcessors (for example: not eligible for auto-proxying)
2019-03-16 17:15:31.301 [restartedMain] INFO  o.s.c.s.PostProcessorRegistrationDelegate$BeanPostProcessorChecker - Bean 'sysMenuDao' of type [com.sun.proxy.$Proxy77] is not eligible for getting processed by all BeanPostProcessors (for example: not eligible for auto-proxying)
2019-03-16 17:15:31.304 [restartedMain] INFO  o.s.c.s.PostProcessorRegistrationDelegate$BeanPostProcessorChecker - Bean 'sysUserDao' of type [org.mybatis.spring.mapper.MapperFactoryBean] is not eligible for getting processed by all BeanPostProcessors (for example: not eligible for auto-proxying)
2019-03-16 17:15:31.306 [restartedMain] INFO  o.s.c.s.PostProcessorRegistrationDelegate$BeanPostProcessorChecker - Bean 'sysUserDao' of type [com.sun.proxy.$Proxy78] is not eligible for getting processed by all BeanPostProcessors (for example: not eligible for auto-proxying)
2019-03-16 17:15:31.309 [restartedMain] INFO  o.s.c.s.PostProcessorRegistrationDelegate$BeanPostProcessorChecker - Bean 'sysUserTokenDao' of type [org.mybatis.spring.mapper.MapperFactoryBean] is not eligible for getting processed by all BeanPostProcessors (for example: not eligible for auto-proxying)
2019-03-16 17:15:31.311 [restartedMain] INFO  o.s.c.s.PostProcessorRegistrationDelegate$BeanPostProcessorChecker - Bean 'sysUserTokenDao' of type [com.sun.proxy.$Proxy79] is not eligible for getting processed by all BeanPostProcessors (for example: not eligible for auto-proxying)
2019-03-16 17:15:31.312 [restartedMain] INFO  o.s.c.s.PostProcessorRegistrationDelegate$BeanPostProcessorChecker - Bean 'shiroServiceImpl' of type [com.hp.modules.sys.service.impl.ShiroServiceImpl] is not eligible for getting processed by all BeanPostProcessors (for example: not eligible for auto-proxying)
2019-03-16 17:15:31.312 [restartedMain] INFO  o.s.c.s.PostProcessorRegistrationDelegate$BeanPostProcessorChecker - Bean 'OAuth2Realm' of type [com.hp.modules.sys.oauth2.OAuth2Realm] is not eligible for getting processed by all BeanPostProcessors (for example: not eligible for auto-proxying)
2019-03-16 17:15:31.341 [restartedMain] INFO  o.s.c.s.PostProcessorRegistrationDelegate$BeanPostProcessorChecker - Bean 'sessionManager' of type [org.apache.shiro.web.session.mgt.DefaultWebSessionManager] is not eligible for getting processed by all BeanPostProcessors (for example: not eligible for auto-proxying)
2019-03-16 17:15:31.376 [restartedMain] INFO  o.s.c.s.PostProcessorRegistrationDelegate$BeanPostProcessorChecker - Bean 'securityManager' of type [org.apache.shiro.web.mgt.DefaultWebSecurityManager] is not eligible for getting processed by all BeanPostProcessors (for example: not eligible for auto-proxying)
2019-03-16 17:15:31.452 [restartedMain] INFO  o.s.c.s.PostProcessorRegistrationDelegate$BeanPostProcessorChecker - Bean 'authorizationAttributeSourceAdvisor' of type [org.apache.shiro.spring.security.interceptor.AuthorizationAttributeSourceAdvisor] is not eligible for getting processed by all BeanPostProcessors (for example: not eligible for auto-proxying)
2019-03-16 17:15:31.524 [restartedMain] INFO  o.s.c.s.PostProcessorRegistrationDelegate$BeanPostProcessorChecker - Bean 'org.springframework.transaction.annotation.ProxyTransactionManagementConfiguration' of type [org.springframework.transaction.annotation.ProxyTransactionManagementConfiguration$$EnhancerBySpringCGLIB$$a024951d] is not eligible for getting processed by all BeanPostProcessors (for example: not eligible for auto-proxying)
2019-03-16 17:15:32.289 [restartedMain] INFO  o.s.b.c.e.tomcat.TomcatEmbeddedServletContainer - Tomcat initialized with port(s): 5000 (http)
2019-03-16 17:15:32.300 [restartedMain] INFO  org.apache.catalina.core.StandardService - Starting service [Tomcat]
2019-03-16 17:15:32.301 [restartedMain] INFO  org.apache.catalina.core.StandardEngine - Starting Servlet Engine: Apache Tomcat/8.5.15
2019-03-16 17:15:32.418 [localhost-startStop-1] INFO  o.a.c.c.C.[Tomcat].[localhost].[/hpwxpc] - Initializing Spring embedded WebApplicationContext
2019-03-16 17:15:32.418 [localhost-startStop-1] INFO  org.springframework.web.context.ContextLoader - Root WebApplicationContext: initialization completed in 9393 ms
2019-03-16 17:15:32.889 [localhost-startStop-1] INFO  o.s.boot.web.servlet.FilterRegistrationBean - Mapping filter: 'characterEncodingFilter' to: [/*]
2019-03-16 17:15:32.889 [localhost-startStop-1] INFO  o.s.boot.web.servlet.FilterRegistrationBean - Mapping filter: 'hiddenHttpMethodFilter' to: [/*]
2019-03-16 17:15:32.889 [localhost-startStop-1] INFO  o.s.boot.web.servlet.FilterRegistrationBean - Mapping filter: 'httpPutFormContentFilter' to: [/*]
2019-03-16 17:15:32.889 [localhost-startStop-1] INFO  o.s.boot.web.servlet.FilterRegistrationBean - Mapping filter: 'requestContextFilter' to: [/*]
2019-03-16 17:15:32.890 [localhost-startStop-1] INFO  o.s.boot.web.servlet.FilterRegistrationBean - Mapping filter: 'delegatingFilterProxy' to urls: [/*]
2019-03-16 17:15:32.890 [localhost-startStop-1] INFO  o.s.boot.web.servlet.FilterRegistrationBean - Mapping filter: 'xssFilter' to urls: [/*]
2019-03-16 17:15:32.890 [localhost-startStop-1] INFO  o.s.boot.web.servlet.FilterRegistrationBean - Mapping filter: 'webStatFilter' to urls: [/*]
2019-03-16 17:15:32.890 [localhost-startStop-1] INFO  o.s.boot.web.servlet.FilterRegistrationBean - Mapping filter: 'shiroFilter' to: [/*]
2019-03-16 17:15:32.890 [localhost-startStop-1] INFO  o.s.boot.web.servlet.ServletRegistrationBean - Mapping servlet: 'dispatcherServlet' to [/]
2019-03-16 17:15:32.892 [localhost-startStop-1] INFO  o.s.boot.web.servlet.ServletRegistrationBean - Mapping servlet: 'statViewServlet' to [/druid/*]
2019-03-16 17:15:35.391 [restartedMain] INFO  org.springframework.aop.framework.CglibAopProxy - Method [java.util.List springfox.documentation.schema.property.OptimizedModelPropertiesProvider.candidateProperties(com.fasterxml.classmate.ResolvedType,com.fasterxml.jackson.databind.introspect.AnnotatedMember,com.fasterxml.jackson.databind.introspect.BeanPropertyDefinition,springfox.documentation.spi.schema.contexts.ModelContext)] is package-visible across different ClassLoaders and cannot get proxied via CGLIB: Declare this method as public or protected if you need to support invocations through the proxy.
2019-03-16 17:15:35.898 [restartedMain] INFO  o.s.w.s.m.m.a.RequestMappingHandlerMapping - Mapped "{[/getport]}" onto public java.lang.String com.hp.check.CheckHeathController.getPort()
2019-03-16 17:15:35.901 [restartedMain] INFO  o.s.w.s.m.m.a.RequestMappingHandlerMapping - Mapped "{[/health_check]}" onto public java.lang.String com.hp.check.CheckHeathController.healthcheck()
2019-03-16 17:15:35.907 [restartedMain] INFO  o.s.w.s.m.m.a.RequestMappingHandlerMapping - Mapped "{[/app/login],methods=[POST]}" onto public com.hp.common.utils.R com.hp.modules.app.controller.AppLoginController.login(com.hp.modules.app.form.LoginForm)
2019-03-16 17:15:35.908 [restartedMain] INFO  o.s.w.s.m.m.a.RequestMappingHandlerMapping - Mapped "{[/app/register],methods=[POST]}" onto public com.hp.common.utils.R com.hp.modules.app.controller.AppRegisterController.register(com.hp.modules.app.form.RegisterForm)
2019-03-16 17:15:35.911 [restartedMain] INFO  o.s.w.s.m.m.a.RequestMappingHandlerMapping - Mapped "{[/app/userId],methods=[GET]}" onto public com.hp.common.utils.R com.hp.modules.app.controller.AppTestController.userInfo(java.lang.Integer)
2019-03-16 17:15:35.911 [restartedMain] INFO  o.s.w.s.m.m.a.RequestMappingHandlerMapping - Mapped "{[/app/userInfo],methods=[GET]}" onto public com.hp.common.utils.R com.hp.modules.app.controller.AppTestController.userInfo(com.hp.modules.app.entity.UserEntity)
2019-03-16 17:15:35.911 [restartedMain] INFO  o.s.w.s.m.m.a.RequestMappingHandlerMapping - Mapped "{[/app/notToken],methods=[GET]}" onto public com.hp.common.utils.R com.hp.modules.app.controller.AppTestController.notToken()
2019-03-16 17:15:35.913 [restartedMain] INFO  o.s.w.s.m.m.a.RequestMappingHandlerMapping - Mapped "{[/sys/oss/delete],methods=[POST]}" onto public com.hp.common.utils.R com.hp.modules.oss.controller.SysOssController.delete(java.lang.Long[])
2019-03-16 17:15:35.913 [restartedMain] INFO  o.s.w.s.m.m.a.RequestMappingHandlerMapping - Mapped "{[/sys/oss/list],methods=[GET]}" onto public com.hp.common.utils.R com.hp.modules.oss.controller.SysOssController.list(java.util.Map<java.lang.String, java.lang.Object>)
2019-03-16 17:15:35.913 [restartedMain] INFO  o.s.w.s.m.m.a.RequestMappingHandlerMapping - Mapped "{[/sys/oss/config],methods=[GET]}" onto public com.hp.common.utils.R com.hp.modules.oss.controller.SysOssController.config()
2019-03-16 17:15:35.914 [restartedMain] INFO  o.s.w.s.m.m.a.RequestMappingHandlerMapping - Mapped "{[/sys/oss/saveConfig],methods=[POST]}" onto public com.hp.common.utils.R com.hp.modules.oss.controller.SysOssController.saveConfig(com.hp.modules.oss.cloud.CloudStorageConfig)
2019-03-16 17:15:35.914 [restartedMain] INFO  o.s.w.s.m.m.a.RequestMappingHandlerMapping - Mapped "{[/sys/oss/upload],methods=[POST]}" onto public com.hp.common.utils.R com.hp.modules.oss.controller.SysOssController.upload(org.springframework.web.multipart.MultipartFile) throws java.lang.Exception
2019-03-16 17:15:35.915 [restartedMain] INFO  o.s.w.s.m.m.a.RequestMappingHandlerMapping - Mapped "{[/sys/config/update],methods=[POST]}" onto public com.hp.common.utils.R com.hp.modules.sys.controller.SysConfigController.update(com.hp.modules.sys.entity.SysConfigEntity)
2019-03-16 17:15:35.917 [restartedMain] INFO  o.s.w.s.m.m.a.RequestMappingHandlerMapping - Mapped "{[/sys/config/delete],methods=[POST]}" onto public com.hp.common.utils.R com.hp.modules.sys.controller.SysConfigController.delete(java.lang.Long[])
2019-03-16 17:15:35.918 [restartedMain] INFO  o.s.w.s.m.m.a.RequestMappingHandlerMapping - Mapped "{[/sys/config/list],methods=[GET]}" onto public com.hp.common.utils.R com.hp.modules.sys.controller.SysConfigController.list(java.util.Map<java.lang.String, java.lang.Object>)
2019-03-16 17:15:35.918 [restartedMain] INFO  o.s.w.s.m.m.a.RequestMappingHandlerMapping - Mapped "{[/sys/config/save],methods=[POST]}" onto public com.hp.common.utils.R com.hp.modules.sys.controller.SysConfigController.save(com.hp.modules.sys.entity.SysConfigEntity)
2019-03-16 17:15:35.919 [restartedMain] INFO  o.s.w.s.m.m.a.RequestMappingHandlerMapping - Mapped "{[/sys/config/info/{id}],methods=[GET]}" onto public com.hp.common.utils.R com.hp.modules.sys.controller.SysConfigController.info(java.lang.Long)
2019-03-16 17:15:35.921 [restartedMain] INFO  o.s.w.s.m.m.a.RequestMappingHandlerMapping - Mapped "{[/sys/log/list],methods=[GET]}" onto public com.hp.common.utils.R com.hp.modules.sys.controller.SysLogController.list(java.util.Map<java.lang.String, java.lang.Object>)
2019-03-16 17:15:35.923 [restartedMain] INFO  o.s.w.s.m.m.a.RequestMappingHandlerMapping - Mapped "{[/sys/login],methods=[POST]}" onto public java.util.Map<java.lang.String, java.lang.Object> com.hp.modules.sys.controller.SysLoginController.login(com.hp.modules.sys.form.SysLoginForm) throws java.io.IOException
2019-03-16 17:15:35.923 [restartedMain] INFO  o.s.w.s.m.m.a.RequestMappingHandlerMapping - Mapped "{[/sys/logout],methods=[POST]}" onto public com.hp.common.utils.R com.hp.modules.sys.controller.SysLoginController.logout()
2019-03-16 17:15:35.923 [restartedMain] INFO  o.s.w.s.m.m.a.RequestMappingHandlerMapping - Mapped "{[/captcha.jpg],methods=[GET]}" onto public void com.hp.modules.sys.controller.SysLoginController.captcha(javax.servlet.http.HttpServletResponse,java.lang.String) throws javax.servlet.ServletException,java.io.IOException
2019-03-16 17:15:35.925 [restartedMain] INFO  o.s.w.s.m.m.a.RequestMappingHandlerMapping - Mapped "{[/sys/menu/update],methods=[POST]}" onto public com.hp.common.utils.R com.hp.modules.sys.controller.SysMenuController.update(com.hp.modules.sys.entity.SysMenuEntity)
2019-03-16 17:15:35.925 [restartedMain] INFO  o.s.w.s.m.m.a.RequestMappingHandlerMapping - Mapped "{[/sys/menu/delete/{menuId}],methods=[POST]}" onto public com.hp.common.utils.R com.hp.modules.sys.controller.SysMenuController.delete(long)
2019-03-16 17:15:35.926 [restartedMain] INFO  o.s.w.s.m.m.a.RequestMappingHandlerMapping - Mapped "{[/sys/menu/list],methods=[GET]}" onto public java.util.List<com.hp.modules.sys.entity.SysMenuEntity> com.hp.modules.sys.controller.SysMenuController.list()
2019-03-16 17:15:35.926 [restartedMain] INFO  o.s.w.s.m.m.a.RequestMappingHandlerMapping - Mapped "{[/sys/menu/save],methods=[POST]}" onto public com.hp.common.utils.R com.hp.modules.sys.controller.SysMenuController.save(com.hp.modules.sys.entity.SysMenuEntity)
2019-03-16 17:15:35.926 [restartedMain] INFO  o.s.w.s.m.m.a.RequestMappingHandlerMapping - Mapped "{[/sys/menu/info/{menuId}],methods=[GET]}" onto public com.hp.common.utils.R com.hp.modules.sys.controller.SysMenuController.info(java.lang.Long)
2019-03-16 17:15:35.926 [restartedMain] INFO  o.s.w.s.m.m.a.RequestMappingHandlerMapping - Mapped "{[/sys/menu/nav],methods=[GET]}" onto public com.hp.common.utils.R com.hp.modules.sys.controller.SysMenuController.nav()
2019-03-16 17:15:35.926 [restartedMain] INFO  o.s.w.s.m.m.a.RequestMappingHandlerMapping - Mapped "{[/sys/menu/select],methods=[GET]}" onto public com.hp.common.utils.R com.hp.modules.sys.controller.SysMenuController.select()
2019-03-16 17:15:35.934 [restartedMain] INFO  o.s.w.s.m.m.a.RequestMappingHandlerMapping - Mapped "{[/sys/role/update],methods=[POST]}" onto public com.hp.common.utils.R com.hp.modules.sys.controller.SysRoleController.update(com.hp.modules.sys.entity.SysRoleEntity)
2019-03-16 17:15:35.936 [restartedMain] INFO  o.s.w.s.m.m.a.RequestMappingHandlerMapping - Mapped "{[/sys/role/delete],methods=[POST]}" onto public com.hp.common.utils.R com.hp.modules.sys.controller.SysRoleController.delete(java.lang.Long[])
2019-03-16 17:15:35.936 [restartedMain] INFO  o.s.w.s.m.m.a.RequestMappingHandlerMapping - Mapped "{[/sys/role/list],methods=[GET]}" onto public com.hp.common.utils.R com.hp.modules.sys.controller.SysRoleController.list(java.util.Map<java.lang.String, java.lang.Object>)
2019-03-16 17:15:35.936 [restartedMain] INFO  o.s.w.s.m.m.a.RequestMappingHandlerMapping - Mapped "{[/sys/role/save],methods=[POST]}" onto public com.hp.common.utils.R com.hp.modules.sys.controller.SysRoleController.save(com.hp.modules.sys.entity.SysRoleEntity)
2019-03-16 17:15:35.937 [restartedMain] INFO  o.s.w.s.m.m.a.RequestMappingHandlerMapping - Mapped "{[/sys/role/info/{roleId}],methods=[GET]}" onto public com.hp.common.utils.R com.hp.modules.sys.controller.SysRoleController.info(java.lang.Long)
2019-03-16 17:15:35.937 [restartedMain] INFO  o.s.w.s.m.m.a.RequestMappingHandlerMapping - Mapped "{[/sys/role/select],methods=[GET]}" onto public com.hp.common.utils.R com.hp.modules.sys.controller.SysRoleController.select()
2019-03-16 17:15:35.939 [restartedMain] INFO  o.s.w.s.m.m.a.RequestMappingHandlerMapping - Mapped "{[/sys/user/update],methods=[POST]}" onto public com.hp.common.utils.R com.hp.modules.sys.controller.SysUserController.update(com.hp.modules.sys.entity.SysUserEntity)
2019-03-16 17:15:35.940 [restartedMain] INFO  o.s.w.s.m.m.a.RequestMappingHandlerMapping - Mapped "{[/sys/user/delete],methods=[POST]}" onto public com.hp.common.utils.R com.hp.modules.sys.controller.SysUserController.delete(java.lang.Long[])
2019-03-16 17:15:35.940 [restartedMain] INFO  o.s.w.s.m.m.a.RequestMappingHandlerMapping - Mapped "{[/sys/user/list],methods=[GET]}" onto public com.hp.common.utils.R com.hp.modules.sys.controller.SysUserController.list(java.util.Map<java.lang.String, java.lang.Object>)
2019-03-16 17:15:35.940 [restartedMain] INFO  o.s.w.s.m.m.a.RequestMappingHandlerMapping - Mapped "{[/sys/user/save],methods=[POST]}" onto public com.hp.common.utils.R com.hp.modules.sys.controller.SysUserController.save(com.hp.modules.sys.entity.SysUserEntity)
2019-03-16 17:15:35.940 [restartedMain] INFO  o.s.w.s.m.m.a.RequestMappingHandlerMapping - Mapped "{[/sys/user/info/{userId}],methods=[GET]}" onto public com.hp.common.utils.R com.hp.modules.sys.controller.SysUserController.info(java.lang.Long)
2019-03-16 17:15:35.940 [restartedMain] INFO  o.s.w.s.m.m.a.RequestMappingHandlerMapping - Mapped "{[/sys/user/info],methods=[GET]}" onto public com.hp.common.utils.R com.hp.modules.sys.controller.SysUserController.info()
2019-03-16 17:15:35.941 [restartedMain] INFO  o.s.w.s.m.m.a.RequestMappingHandlerMapping - Mapped "{[/sys/user/password],methods=[POST]}" onto public com.hp.common.utils.R com.hp.modules.sys.controller.SysUserController.password(com.hp.modules.sys.form.PasswordForm)
2019-03-16 17:15:35.944 [restartedMain] INFO  o.s.w.s.m.m.a.RequestMappingHandlerMapping - Mapped "{[/sys/questionnaire/add],methods=[POST]}" onto public com.hp.common.utils.R com.hp.modules.sys.controller.TQuestionnaireController.add(com.hp.modules.sys.entity.TQuestionnaire)
2019-03-16 17:15:35.944 [restartedMain] INFO  o.s.w.s.m.m.a.RequestMappingHandlerMapping - Mapped "{[/sys/questionnaire/update],methods=[GET]}" onto public com.hp.common.utils.R com.hp.modules.sys.controller.TQuestionnaireController.update(com.hp.modules.sys.entity.TQuestionnaire)
2019-03-16 17:15:35.945 [restartedMain] INFO  o.s.w.s.m.m.a.RequestMappingHandlerMapping - Mapped "{[/sys/questionnaire/delete],methods=[POST]}" onto public com.hp.common.utils.R com.hp.modules.sys.controller.TQuestionnaireController.delete(java.lang.Long[])
2019-03-16 17:15:35.945 [restartedMain] INFO  o.s.w.s.m.m.a.RequestMappingHandlerMapping - Mapped "{[/sys/questionnaire/list],methods=[GET]}" onto public com.hp.common.utils.R com.hp.modules.sys.controller.TQuestionnaireController.list(java.util.Map<java.lang.String, java.lang.Object>)
2019-03-16 17:15:35.945 [restartedMain] INFO  o.s.w.s.m.m.a.RequestMappingHandlerMapping - Mapped "{[/sys/questionnaire/info/{questionnaireId}],methods=[GET]}" onto public com.hp.common.utils.R com.hp.modules.sys.controller.TQuestionnaireController.info(java.lang.Long)
2019-03-16 17:15:35.945 [restartedMain] INFO  o.s.w.s.m.m.a.RequestMappingHandlerMapping - Mapped "{[/sys/questionnaire/upload],methods=[POST]}" onto public com.hp.common.utils.R com.hp.modules.sys.controller.TQuestionnaireController.upload(org.springframework.web.multipart.MultipartFile)
2019-03-16 17:15:35.946 [restartedMain] INFO  o.s.w.s.m.m.a.RequestMappingHandlerMapping - Mapped "{[/sys/questionnaire/statisticsOnSubject],methods=[POST]}" onto public com.hp.common.utils.R com.hp.modules.sys.controller.TQuestionnaireController.statisticsOnSubject(java.util.Map<java.lang.String, java.lang.Object>)
2019-03-16 17:15:35.946 [restartedMain] INFO  o.s.w.s.m.m.a.RequestMappingHandlerMapping - Mapped "{[/sys/questionnaire/answers/{questionnaireId}],methods=[GET]}" onto public com.hp.common.utils.R com.hp.modules.sys.controller.TQuestionnaireController.subjectsAndAnswers(java.lang.Long)
2019-03-16 17:15:35.947 [restartedMain] INFO  o.s.w.s.m.m.a.RequestMappingHandlerMapping - Mapped "{[/sys/questionnaire/statisticsOnResult],methods=[POST]}" onto public com.hp.common.utils.R com.hp.modules.sys.controller.TQuestionnaireController.statisticsOnResult(java.util.Map<java.lang.String, java.lang.Object>)
2019-03-16 17:15:35.947 [restartedMain] INFO  o.s.w.s.m.m.a.RequestMappingHandlerMapping - Mapped "{[/sys/questionnaire/statistics],methods=[GET]}" onto public com.hp.common.utils.R com.hp.modules.sys.controller.TQuestionnaireController.statistics(java.util.Map<java.lang.String, java.lang.Object>)
2019-03-16 17:15:35.947 [restartedMain] INFO  o.s.w.s.m.m.a.RequestMappingHandlerMapping - Mapped "{[/sys/questionnaire/subjects/{questionnaireId}],methods=[GET]}" onto public com.hp.common.utils.R com.hp.modules.sys.controller.TQuestionnaireController.subjects(java.lang.Long)
2019-03-16 17:15:35.949 [restartedMain] INFO  o.s.w.s.m.m.a.RequestMappingHandlerMapping - Mapped "{[/sys/subject/add],methods=[GET]}" onto public com.hp.common.utils.R com.hp.modules.sys.controller.TSubjectController.add(java.util.List<com.hp.modules.sys.entity.TSubject>)
2019-03-16 17:15:35.951 [restartedMain] INFO  o.s.w.s.m.m.a.RequestMappingHandlerMapping - Mapped "{[/sys/subject/update],methods=[GET]}" onto public com.hp.common.utils.R com.hp.modules.sys.controller.TSubjectController.update(com.hp.modules.sys.entity.TSubject)
2019-03-16 17:15:35.951 [restartedMain] INFO  o.s.w.s.m.m.a.RequestMappingHandlerMapping - Mapped "{[/sys/subject/delete],methods=[POST]}" onto public com.hp.common.utils.R com.hp.modules.sys.controller.TSubjectController.delete(java.lang.Long[])
2019-03-16 17:15:35.952 [restartedMain] INFO  o.s.w.s.m.m.a.RequestMappingHandlerMapping - Mapped "{[/sys/subject/list],methods=[GET]}" onto public com.hp.common.utils.R com.hp.modules.sys.controller.TSubjectController.list(java.util.Map<java.lang.String, java.lang.Object>)
2019-03-16 17:15:35.952 [restartedMain] INFO  o.s.w.s.m.m.a.RequestMappingHandlerMapping - Mapped "{[/sys/subject/addAnswers],methods=[GET]}" onto public com.hp.common.utils.R com.hp.modules.sys.controller.TSubjectController.addSubject(com.hp.modules.sys.entity.TSurveyAnswers)
2019-03-16 17:15:35.953 [restartedMain] INFO  o.s.w.s.m.m.a.RequestMappingHandlerMapping - Mapped "{[/v2/api-docs],methods=[GET]}" onto public org.springframework.http.ResponseEntity<springfox.documentation.spring.web.json.Json> springfox.documentation.swagger2.web.Swagger2Controller.getDocumentation(java.lang.String)
2019-03-16 17:15:35.957 [restartedMain] INFO  o.s.w.s.m.m.a.RequestMappingHandlerMapping - Mapped "{[/swagger-resources]}" onto org.springframework.http.ResponseEntity<java.util.List<springfox.documentation.swagger.web.SwaggerResource>> springfox.documentation.swagger.web.ApiResourceController.swaggerResources()
2019-03-16 17:15:35.958 [restartedMain] INFO  o.s.w.s.m.m.a.RequestMappingHandlerMapping - Mapped "{[/configuration/ui]}" onto org.springframework.http.ResponseEntity<springfox.documentation.swagger.web.UiConfiguration> springfox.documentation.swagger.web.ApiResourceController.uiConfiguration()
2019-03-16 17:15:35.958 [restartedMain] INFO  o.s.w.s.m.m.a.RequestMappingHandlerMapping - Mapped "{[/configuration/security]}" onto org.springframework.http.ResponseEntity<springfox.documentation.swagger.web.SecurityConfiguration> springfox.documentation.swagger.web.ApiResourceController.securityConfiguration()
2019-03-16 17:15:35.960 [restartedMain] INFO  o.s.w.s.m.m.a.RequestMappingHandlerMapping - Mapped "{[/error]}" onto public org.springframework.http.ResponseEntity<java.util.Map<java.lang.String, java.lang.Object>> org.springframework.boot.autoconfigure.web.BasicErrorController.error(javax.servlet.http.HttpServletRequest)
2019-03-16 17:15:35.960 [restartedMain] INFO  o.s.w.s.m.m.a.RequestMappingHandlerMapping - Mapped "{[/error],produces=[text/html]}" onto public org.springframework.web.servlet.ModelAndView org.springframework.boot.autoconfigure.web.BasicErrorController.errorHtml(javax.servlet.http.HttpServletRequest,javax.servlet.http.HttpServletResponse)
2019-03-16 17:15:37.646 [restartedMain] INFO  o.s.w.s.m.m.a.RequestMappingHandlerAdapter - Looking for @ControllerAdvice: org.springframework.boot.context.embedded.AnnotationConfigEmbeddedWebApplicationContext@6ab5aac6: startup date [Sat Mar 16 17:15:23 CST 2019]; root of context hierarchy
2019-03-16 17:15:37.872 [restartedMain] INFO  o.s.web.servlet.handler.SimpleUrlHandlerMapping - Mapped URL path [/swagger-ui.html] onto handler of type [class org.springframework.web.servlet.resource.ResourceHttpRequestHandler]
2019-03-16 17:15:37.873 [restartedMain] INFO  o.s.web.servlet.handler.SimpleUrlHandlerMapping - Mapped URL path [/webjars/**] onto handler of type [class org.springframework.web.servlet.resource.ResourceHttpRequestHandler]
2019-03-16 17:15:37.873 [restartedMain] INFO  o.s.web.servlet.handler.SimpleUrlHandlerMapping - Mapped URL path [/**] onto handler of type [class org.springframework.web.servlet.resource.ResourceHttpRequestHandler]
2019-03-16 17:15:37.912 [restartedMain] INFO  o.s.w.s.m.m.a.ExceptionHandlerExceptionResolver - Detected @ExceptionHandler methods in RRExceptionHandler
2019-03-16 17:15:37.989 [restartedMain] INFO  o.s.web.servlet.handler.SimpleUrlHandlerMapping - Mapped URL path [/**/favicon.ico] onto handler of type [class org.springframework.web.servlet.resource.ResourceHttpRequestHandler]
2019-03-16 17:15:38.811 [restartedMain] INFO  o.s.ui.freemarker.SpringTemplateLoader - SpringTemplateLoader for FreeMarker: using resource loader [org.springframework.boot.context.embedded.AnnotationConfigEmbeddedWebApplicationContext@6ab5aac6: startup date [Sat Mar 16 17:15:23 CST 2019]; root of context hierarchy] and template loader path [classpath:/templates/]
2019-03-16 17:15:38.813 [restartedMain] INFO  o.s.w.servlet.view.freemarker.FreeMarkerConfigurer - ClassTemplateLoader for Spring macros added to FreeMarker configuration
2019-03-16 17:15:39.959 [restartedMain] INFO  o.s.b.d.autoconfigure.OptionalLiveReloadServer - LiveReload server is running on port 35729
2019-03-16 17:15:40.061 [restartedMain] INFO  o.s.jmx.export.annotation.AnnotationMBeanExporter - Registering beans for JMX exposure on startup
2019-03-16 17:15:40.062 [restartedMain] INFO  o.s.jmx.export.annotation.AnnotationMBeanExporter - Bean with name 'firstDataSource' has been autodetected for JMX exposure
2019-03-16 17:15:40.063 [restartedMain] INFO  o.s.jmx.export.annotation.AnnotationMBeanExporter - Bean with name 'secondDataSource' has been autodetected for JMX exposure
2019-03-16 17:15:40.063 [restartedMain] INFO  o.s.jmx.export.annotation.AnnotationMBeanExporter - Bean with name 'statFilter' has been autodetected for JMX exposure
2019-03-16 17:15:40.071 [restartedMain] INFO  o.s.jmx.export.annotation.AnnotationMBeanExporter - Located MBean 'firstDataSource': registering with JMX server as MBean [com.alibaba.druid.spring.boot.autoconfigure:name=firstDataSource,type=DruidDataSourceWrapper]
2019-03-16 17:15:40.073 [restartedMain] INFO  o.s.jmx.export.annotation.AnnotationMBeanExporter - Located MBean 'secondDataSource': registering with JMX server as MBean [com.alibaba.druid.spring.boot.autoconfigure:name=secondDataSource,type=DruidDataSourceWrapper]
2019-03-16 17:15:40.074 [restartedMain] INFO  o.s.jmx.export.annotation.AnnotationMBeanExporter - Located MBean 'statFilter': registering with JMX server as MBean [com.alibaba.druid.filter.stat:name=statFilter,type=StatFilter]
2019-03-16 17:15:40.085 [restartedMain] INFO  s.d.s.web.plugins.DocumentationPluginsBootstrapper - Context refreshed
2019-03-16 17:15:40.118 [restartedMain] INFO  s.d.s.web.plugins.DocumentationPluginsBootstrapper - Found {0} custom documentation plugin(s)
2019-03-16 17:15:40.129 [restartedMain] INFO  s.d.spring.web.scanners.ApiListingReferenceScanner - Scanning for api listing references
2019-03-16 17:15:40.139 [restartedMain] INFO  s.d.s.web.ClassOrApiAnnotationResourceGrouping - Group for method login was app登录接口
2019-03-16 17:15:40.143 [restartedMain] INFO  s.d.spring.web.scanners.ApiListingReferenceScanner - Request mapping: login belongs to groups: [[ResourceGroup{groupName='app登录接口', position=0, controller=com.hp.modules.app.controller.AppLoginController}]] 
2019-03-16 17:15:40.145 [restartedMain] INFO  s.d.s.web.ClassOrApiAnnotationResourceGrouping - Group for method notToken was app测试接口
2019-03-16 17:15:40.145 [restartedMain] INFO  s.d.spring.web.scanners.ApiListingReferenceScanner - Request mapping: notToken belongs to groups: [[ResourceGroup{groupName='app测试接口', position=0, controller=com.hp.modules.app.controller.AppTestController}]] 
2019-03-16 17:15:40.145 [restartedMain] INFO  s.d.s.web.ClassOrApiAnnotationResourceGrouping - Group for method register was app注册接口
2019-03-16 17:15:40.145 [restartedMain] INFO  s.d.spring.web.scanners.ApiListingReferenceScanner - Request mapping: register belongs to groups: [[ResourceGroup{groupName='app注册接口', position=0, controller=com.hp.modules.app.controller.AppRegisterController}]] 
2019-03-16 17:15:40.146 [restartedMain] INFO  s.d.s.web.ClassOrApiAnnotationResourceGrouping - Group for method userInfo was app测试接口
2019-03-16 17:15:40.146 [restartedMain] INFO  s.d.spring.web.scanners.ApiListingReferenceScanner - Request mapping: userInfo belongs to groups: [[ResourceGroup{groupName='app测试接口', position=0, controller=com.hp.modules.app.controller.AppTestController}]] 
2019-03-16 17:15:40.146 [restartedMain] INFO  s.d.s.web.ClassOrApiAnnotationResourceGrouping - Group for method userInfo was app测试接口
2019-03-16 17:15:40.146 [restartedMain] INFO  s.d.spring.web.scanners.ApiListingReferenceScanner - Request mapping: userInfo belongs to groups: [[ResourceGroup{groupName='app测试接口', position=0, controller=com.hp.modules.app.controller.AppTestController}]] 
2019-03-16 17:15:40.150 [restartedMain] INFO  s.d.spring.web.scanners.ApiListingReferenceScanner - Created resource listing Path: /default/app登录接口 Description: app登录接口 Position: 0
2019-03-16 17:15:40.151 [restartedMain] INFO  s.d.spring.web.scanners.ApiListingReferenceScanner - Created resource listing Path: /default/app测试接口 Description: app测试接口 Position: 0
2019-03-16 17:15:40.151 [restartedMain] INFO  s.d.spring.web.scanners.ApiListingReferenceScanner - Created resource listing Path: /default/app注册接口 Description: app注册接口 Position: 0
2019-03-16 17:15:40.169 [restartedMain] INFO  s.documentation.schema.ModelContextKeyGenerator - Cache Key Generated: com.hp.modules.app.form.RegisterForm(false)
2019-03-16 17:15:40.169 [restartedMain] INFO  s.documentation.spring.web.caching.CachingAspect - Caching aspect applied for cache models with key com.hp.modules.app.form.RegisterForm(false)
2019-03-16 17:15:40.176 [restartedMain] INFO  s.d.schema.property.ModelPropertiesKeyGenerator - Cache key generated: com.hp.modules.app.form.RegisterForm(false)
2019-03-16 17:15:40.176 [restartedMain] INFO  s.documentation.spring.web.caching.CachingAspect - Caching aspect applied for cache modelProperties with key com.hp.modules.app.form.RegisterForm(false)
2019-03-16 17:15:40.219 [restartedMain] INFO  s.documentation.schema.ModelContextKeyGenerator - Cache Key Generated: com.hp.modules.app.form.RegisterForm(false)
2019-03-16 17:15:40.219 [restartedMain] INFO  s.documentation.spring.web.caching.CachingAspect - Caching aspect applied for cache modelDependencies with key com.hp.modules.app.form.RegisterForm(false)
2019-03-16 17:15:40.224 [restartedMain] INFO  s.d.schema.property.ModelPropertiesKeyGenerator - Cache key generated: com.hp.modules.app.form.RegisterForm(false)
2019-03-16 17:15:40.224 [restartedMain] INFO  s.documentation.spring.web.caching.CachingAspect - Caching aspect applied for cache modelProperties with key com.hp.modules.app.form.RegisterForm(false)
2019-03-16 17:15:40.227 [restartedMain] INFO  s.documentation.schema.ModelContextKeyGenerator - Cache Key Generated: com.hp.common.utils.R(true)
2019-03-16 17:15:40.227 [restartedMain] INFO  s.documentation.spring.web.caching.CachingAspect - Caching aspect applied for cache models with key com.hp.common.utils.R(true)
2019-03-16 17:15:40.227 [restartedMain] INFO  s.documentation.schema.ModelContextKeyGenerator - Cache Key Generated: com.hp.common.utils.R(true)
2019-03-16 17:15:40.227 [restartedMain] INFO  s.documentation.spring.web.caching.CachingAspect - Caching aspect applied for cache modelDependencies with key com.hp.common.utils.R(true)
2019-03-16 17:15:40.228 [restartedMain] INFO  s.d.schema.property.ModelPropertiesKeyGenerator - Cache key generated: com.hp.common.utils.R(true)
2019-03-16 17:15:40.228 [restartedMain] INFO  s.documentation.spring.web.caching.CachingAspect - Caching aspect applied for cache modelProperties with key com.hp.common.utils.R(true)
2019-03-16 17:15:40.235 [restartedMain] INFO  s.documentation.spring.web.OperationsKeyGenerator - Cache key generated: /app/register.com.hp.modules.app.controller.AppRegisterController.register.DefaultGenericTypeNamingStrategy
2019-03-16 17:15:40.235 [restartedMain] INFO  s.documentation.spring.web.caching.CachingAspect - Caching aspect applied for cache operations with key /app/register.com.hp.modules.app.controller.AppRegisterController.register.DefaultGenericTypeNamingStrategy
2019-03-16 17:15:40.258 [restartedMain] INFO  s.d.s.web.ClassOrApiAnnotationResourceGrouping - Group for method register was app注册接口
2019-03-16 17:15:40.279 [restartedMain] INFO  s.d.s.web.ClassOrApiAnnotationResourceGrouping - Group for method register was app注册接口
2019-03-16 17:15:40.300 [restartedMain] INFO  s.documentation.schema.ModelContextKeyGenerator - Cache Key Generated: com.hp.common.utils.R(true)
2019-03-16 17:15:40.300 [restartedMain] INFO  s.documentation.spring.web.caching.CachingAspect - Caching aspect applied for cache models with key com.hp.common.utils.R(true)
2019-03-16 17:15:40.300 [restartedMain] INFO  s.documentation.schema.ModelContextKeyGenerator - Cache Key Generated: com.hp.common.utils.R(true)
2019-03-16 17:15:40.300 [restartedMain] INFO  s.documentation.spring.web.caching.CachingAspect - Caching aspect applied for cache modelDependencies with key com.hp.common.utils.R(true)
2019-03-16 17:15:40.301 [restartedMain] INFO  s.documentation.spring.web.OperationsKeyGenerator - Cache key generated: /app/notToken.com.hp.modules.app.controller.AppTestController.notToken.DefaultGenericTypeNamingStrategy
2019-03-16 17:15:40.301 [restartedMain] INFO  s.documentation.spring.web.caching.CachingAspect - Caching aspect applied for cache operations with key /app/notToken.com.hp.modules.app.controller.AppTestController.notToken.DefaultGenericTypeNamingStrategy
2019-03-16 17:15:40.301 [restartedMain] INFO  s.d.s.web.ClassOrApiAnnotationResourceGrouping - Group for method notToken was app测试接口
2019-03-16 17:15:40.302 [restartedMain] INFO  s.d.s.web.ClassOrApiAnnotationResourceGrouping - Group for method notToken was app测试接口
2019-03-16 17:15:40.306 [restartedMain] INFO  s.documentation.schema.ModelContextKeyGenerator - Cache Key Generated: com.hp.common.utils.R(true)
2019-03-16 17:15:40.306 [restartedMain] INFO  s.documentation.spring.web.caching.CachingAspect - Caching aspect applied for cache models with key com.hp.common.utils.R(true)
2019-03-16 17:15:40.306 [restartedMain] INFO  s.documentation.schema.ModelContextKeyGenerator - Cache Key Generated: com.hp.common.utils.R(true)
2019-03-16 17:15:40.306 [restartedMain] INFO  s.documentation.spring.web.caching.CachingAspect - Caching aspect applied for cache modelDependencies with key com.hp.common.utils.R(true)
2019-03-16 17:15:40.306 [restartedMain] INFO  s.documentation.spring.web.OperationsKeyGenerator - Cache key generated: /app/userId.com.hp.modules.app.controller.AppTestController.userInfo.DefaultGenericTypeNamingStrategy
2019-03-16 17:15:40.306 [restartedMain] INFO  s.documentation.spring.web.caching.CachingAspect - Caching aspect applied for cache operations with key /app/userId.com.hp.modules.app.controller.AppTestController.userInfo.DefaultGenericTypeNamingStrategy
2019-03-16 17:15:40.309 [restartedMain] INFO  s.d.s.web.ClassOrApiAnnotationResourceGrouping - Group for method userInfo was app测试接口
2019-03-16 17:15:40.311 [restartedMain] INFO  s.d.s.web.ClassOrApiAnnotationResourceGrouping - Group for method userInfo was app测试接口
2019-03-16 17:15:40.312 [restartedMain] INFO  s.documentation.schema.ModelContextKeyGenerator - Cache Key Generated: com.hp.common.utils.R(true)
2019-03-16 17:15:40.312 [restartedMain] INFO  s.documentation.spring.web.caching.CachingAspect - Caching aspect applied for cache models with key com.hp.common.utils.R(true)
2019-03-16 17:15:40.312 [restartedMain] INFO  s.documentation.schema.ModelContextKeyGenerator - Cache Key Generated: com.hp.common.utils.R(true)
2019-03-16 17:15:40.313 [restartedMain] INFO  s.documentation.spring.web.caching.CachingAspect - Caching aspect applied for cache modelDependencies with key com.hp.common.utils.R(true)
2019-03-16 17:15:40.313 [restartedMain] INFO  s.documentation.spring.web.OperationsKeyGenerator - Cache key generated: /app/userInfo.com.hp.modules.app.controller.AppTestController.userInfo.DefaultGenericTypeNamingStrategy
2019-03-16 17:15:40.313 [restartedMain] INFO  s.documentation.spring.web.caching.CachingAspect - Caching aspect applied for cache operations with key /app/userInfo.com.hp.modules.app.controller.AppTestController.userInfo.DefaultGenericTypeNamingStrategy
2019-03-16 17:15:40.316 [restartedMain] INFO  s.d.s.web.ClassOrApiAnnotationResourceGrouping - Group for method userInfo was app测试接口
2019-03-16 17:15:40.317 [restartedMain] INFO  s.d.s.web.ClassOrApiAnnotationResourceGrouping - Group for method userInfo was app测试接口
2019-03-16 17:15:40.318 [restartedMain] INFO  s.d.s.w.r.operation.CachingOperationNameGenerator - Generating unique operation named: userInfoUsingGET_1
2019-03-16 17:15:40.319 [restartedMain] INFO  s.documentation.schema.ModelContextKeyGenerator - Cache Key Generated: com.hp.modules.app.form.LoginForm(false)
2019-03-16 17:15:40.320 [restartedMain] INFO  s.documentation.spring.web.caching.CachingAspect - Caching aspect applied for cache models with key com.hp.modules.app.form.LoginForm(false)
2019-03-16 17:15:40.320 [restartedMain] INFO  s.d.schema.property.ModelPropertiesKeyGenerator - Cache key generated: com.hp.modules.app.form.LoginForm(false)
2019-03-16 17:15:40.320 [restartedMain] INFO  s.documentation.spring.web.caching.CachingAspect - Caching aspect applied for cache modelProperties with key com.hp.modules.app.form.LoginForm(false)
2019-03-16 17:15:40.321 [restartedMain] INFO  s.documentation.schema.ModelContextKeyGenerator - Cache Key Generated: com.hp.modules.app.form.LoginForm(false)
2019-03-16 17:15:40.321 [restartedMain] INFO  s.documentation.spring.web.caching.CachingAspect - Caching aspect applied for cache modelDependencies with key com.hp.modules.app.form.LoginForm(false)
2019-03-16 17:15:40.322 [restartedMain] INFO  s.d.schema.property.ModelPropertiesKeyGenerator - Cache key generated: com.hp.modules.app.form.LoginForm(false)
2019-03-16 17:15:40.322 [restartedMain] INFO  s.documentation.spring.web.caching.CachingAspect - Caching aspect applied for cache modelProperties with key com.hp.modules.app.form.LoginForm(false)
2019-03-16 17:15:40.322 [restartedMain] INFO  s.documentation.schema.ModelContextKeyGenerator - Cache Key Generated: com.hp.common.utils.R(true)
2019-03-16 17:15:40.322 [restartedMain] INFO  s.documentation.spring.web.caching.CachingAspect - Caching aspect applied for cache models with key com.hp.common.utils.R(true)
2019-03-16 17:15:40.322 [restartedMain] INFO  s.documentation.schema.ModelContextKeyGenerator - Cache Key Generated: com.hp.common.utils.R(true)
2019-03-16 17:15:40.322 [restartedMain] INFO  s.documentation.spring.web.caching.CachingAspect - Caching aspect applied for cache modelDependencies with key com.hp.common.utils.R(true)
2019-03-16 17:15:40.322 [restartedMain] INFO  s.documentation.spring.web.OperationsKeyGenerator - Cache key generated: /app/login.com.hp.modules.app.controller.AppLoginController.login.DefaultGenericTypeNamingStrategy
2019-03-16 17:15:40.323 [restartedMain] INFO  s.documentation.spring.web.caching.CachingAspect - Caching aspect applied for cache operations with key /app/login.com.hp.modules.app.controller.AppLoginController.login.DefaultGenericTypeNamingStrategy
2019-03-16 17:15:40.325 [restartedMain] INFO  s.d.s.web.ClassOrApiAnnotationResourceGrouping - Group for method login was app登录接口
2019-03-16 17:15:40.326 [restartedMain] INFO  s.d.s.web.ClassOrApiAnnotationResourceGrouping - Group for method login was app登录接口
2019-03-16 17:15:40.346 [restartedMain] INFO  org.apache.coyote.http11.Http11NioProtocol - Initializing ProtocolHandler ["http-nio-5000"]
2019-03-16 17:15:40.360 [restartedMain] INFO  org.apache.coyote.http11.Http11NioProtocol - Starting ProtocolHandler ["http-nio-5000"]
2019-03-16 17:15:40.375 [restartedMain] INFO  org.apache.tomcat.util.net.NioSelectorPool - Using a shared selector for servlet write/read
2019-03-16 17:15:40.397 [restartedMain] INFO  o.s.b.c.e.tomcat.TomcatEmbeddedServletContainer - Tomcat started on port(s): 5000 (http)
2019-03-16 17:15:40.404 [restartedMain] INFO  com.hp.PcApplication - Started PcApplication in 17.894 seconds (JVM running for 18.417)
2019-03-16 17:15:40.404 [restartedMain] INFO  com.hp.PcApplication - 微信后台服务已启动......
2019-03-16 17:15:42.102 [http-nio-5000-exec-1] INFO  o.a.c.c.C.[Tomcat].[localhost].[/hpwxpc] - Initializing Spring FrameworkServlet 'dispatcherServlet'
2019-03-16 17:15:42.103 [http-nio-5000-exec-1] INFO  org.springframework.web.servlet.DispatcherServlet - FrameworkServlet 'dispatcherServlet': initialization started
2019-03-16 17:15:42.172 [http-nio-5000-exec-1] INFO  org.springframework.web.servlet.DispatcherServlet - FrameworkServlet 'dispatcherServlet': initialization completed in 69 ms
2019-03-16 17:15:42.220 [http-nio-5000-exec-1] INFO  o.a.s.session.mgt.AbstractValidatingSessionManager - Enabling session validation scheduler...
2019-03-16 17:15:42.893 [http-nio-5000-exec-14] DEBUG com.hp.modules.sys.dao.SysCaptchaDao.insert - ==>  Preparing: INSERT INTO sys_captcha ( uuid, code, expire_time ) VALUES ( ?, ?, ? ) 
2019-03-16 17:15:43.043 [http-nio-5000-exec-14] DEBUG com.hp.modules.sys.dao.SysCaptchaDao.insert - ==> Parameters: a0f2a04c-864a-45d0-8570-d83ee2add2ed(String), xnfyn(String), 2019-03-16 17:20:42.743(Timestamp)
2019-03-16 17:15:43.091 [http-nio-5000-exec-14] DEBUG com.hp.modules.sys.dao.SysCaptchaDao.insert - <==    Updates: 1
2019-03-16 17:15:52.812 [http-nio-5000-exec-28] DEBUG com.hp.modules.sys.dao.SysCaptchaDao.selectList - ==>  Preparing: SELECT uuid AS uuid,code,expire_time AS expireTime FROM sys_captcha WHERE (uuid = ?) 
2019-03-16 17:15:52.825 [http-nio-5000-exec-28] DEBUG com.hp.modules.sys.dao.SysCaptchaDao.selectList - ==> Parameters: a0f2a04c-864a-45d0-8570-d83ee2add2ed(String)
2019-03-16 17:15:52.853 [http-nio-5000-exec-28] DEBUG com.hp.modules.sys.dao.SysCaptchaDao.selectList - <==      Total: 1
2019-03-16 17:15:52.854 [http-nio-5000-exec-28] DEBUG com.hp.modules.sys.dao.SysCaptchaDao.deleteById - ==>  Preparing: DELETE FROM sys_captcha WHERE uuid=? 
2019-03-16 17:15:52.855 [http-nio-5000-exec-28] DEBUG com.hp.modules.sys.dao.SysCaptchaDao.deleteById - ==> Parameters: a0f2a04c-864a-45d0-8570-d83ee2add2ed(String)
2019-03-16 17:15:52.890 [http-nio-5000-exec-28] DEBUG com.hp.modules.sys.dao.SysCaptchaDao.deleteById - <==    Updates: 1
2019-03-16 17:15:52.904 [http-nio-5000-exec-28] DEBUG com.hp.modules.sys.dao.SysUserDao.queryByUserName - ==>  Preparing: select * from sys_user where username = ? 
2019-03-16 17:15:52.905 [http-nio-5000-exec-28] DEBUG com.hp.modules.sys.dao.SysUserDao.queryByUserName - ==> Parameters: admin(String)
2019-03-16 17:15:52.921 [http-nio-5000-exec-28] DEBUG com.hp.modules.sys.dao.SysUserDao.queryByUserName - <==      Total: 1
2019-03-16 17:15:52.943 [http-nio-5000-exec-28] DEBUG com.hp.modules.sys.dao.SysUserTokenDao.selectById - ==>  Preparing: SELECT user_id AS userId,token,expire_time AS expireTime,update_time AS updateTime FROM sys_user_token WHERE user_id=? 
2019-03-16 17:15:52.944 [http-nio-5000-exec-28] DEBUG com.hp.modules.sys.dao.SysUserTokenDao.selectById - ==> Parameters: 1(Long)
2019-03-16 17:15:52.964 [http-nio-5000-exec-28] DEBUG com.hp.modules.sys.dao.SysUserTokenDao.selectById - <==      Total: 1
2019-03-16 17:15:52.967 [http-nio-5000-exec-28] DEBUG com.hp.modules.sys.dao.SysUserTokenDao.updateById - ==>  Preparing: UPDATE sys_user_token SET token=?, expire_time=?, update_time=? WHERE user_id=? 
2019-03-16 17:15:52.971 [http-nio-5000-exec-28] DEBUG com.hp.modules.sys.dao.SysUserTokenDao.updateById - ==> Parameters: 7c68161be62594a784f8f1022a6eb519(String), 2019-03-17 05:15:52.943(Timestamp), 2019-03-16 17:15:52.943(Timestamp), 1(Long)
2019-03-16 17:15:53.004 [http-nio-5000-exec-28] DEBUG com.hp.modules.sys.dao.SysUserTokenDao.updateById - <==    Updates: 1
2019-03-16 17:15:53.301 [http-nio-5000-exec-16] DEBUG c.hp.modules.sys.dao.SysUserTokenDao.queryByToken - ==>  Preparing: select * from sys_user_token where token = ? 
2019-03-16 17:15:53.301 [http-nio-5000-exec-18] DEBUG c.hp.modules.sys.dao.SysUserTokenDao.queryByToken - ==>  Preparing: select * from sys_user_token where token = ? 
2019-03-16 17:15:53.303 [http-nio-5000-exec-18] DEBUG c.hp.modules.sys.dao.SysUserTokenDao.queryByToken - ==> Parameters: 7c68161be62594a784f8f1022a6eb519(String)
2019-03-16 17:15:53.302 [http-nio-5000-exec-16] DEBUG c.hp.modules.sys.dao.SysUserTokenDao.queryByToken - ==> Parameters: 7c68161be62594a784f8f1022a6eb519(String)
2019-03-16 17:15:53.316 [http-nio-5000-exec-18] DEBUG c.hp.modules.sys.dao.SysUserTokenDao.queryByToken - <==      Total: 1
2019-03-16 17:15:53.317 [http-nio-5000-exec-18] DEBUG com.hp.modules.sys.dao.SysUserDao.selectById - ==>  Preparing: SELECT user_id AS userId,username,`password`,salt,email,mobile,`status`,create_user_id AS createUserId,create_time AS createTime FROM sys_user WHERE user_id=? 
2019-03-16 17:15:53.319 [http-nio-5000-exec-18] DEBUG com.hp.modules.sys.dao.SysUserDao.selectById - ==> Parameters: 1(Long)
2019-03-16 17:15:53.321 [http-nio-5000-exec-16] DEBUG c.hp.modules.sys.dao.SysUserTokenDao.queryByToken - <==      Total: 1
2019-03-16 17:15:53.324 [http-nio-5000-exec-16] DEBUG com.hp.modules.sys.dao.SysUserDao.selectById - ==>  Preparing: SELECT user_id AS userId,username,`password`,salt,email,mobile,`status`,create_user_id AS createUserId,create_time AS createTime FROM sys_user WHERE user_id=? 
2019-03-16 17:15:53.325 [http-nio-5000-exec-16] DEBUG com.hp.modules.sys.dao.SysUserDao.selectById - ==> Parameters: 1(Long)
2019-03-16 17:15:53.330 [http-nio-5000-exec-18] DEBUG com.hp.modules.sys.dao.SysUserDao.selectById - <==      Total: 1
2019-03-16 17:15:53.345 [http-nio-5000-exec-16] DEBUG com.hp.modules.sys.dao.SysUserDao.selectById - <==      Total: 1
2019-03-16 17:15:53.403 [http-nio-5000-exec-16] DEBUG c.hp.modules.sys.dao.SysMenuDao.queryListParentId - ==>  Preparing: select * from sys_menu where parent_id = ? order by order_num asc 
2019-03-16 17:15:53.416 [http-nio-5000-exec-16] DEBUG c.hp.modules.sys.dao.SysMenuDao.queryListParentId - ==> Parameters: 0(Long)
2019-03-16 17:15:53.434 [http-nio-5000-exec-16] DEBUG c.hp.modules.sys.dao.SysMenuDao.queryListParentId - <==      Total: 4
2019-03-16 17:15:53.438 [http-nio-5000-exec-16] DEBUG c.hp.modules.sys.dao.SysMenuDao.queryListParentId - ==>  Preparing: select * from sys_menu where parent_id = ? order by order_num asc 
2019-03-16 17:15:53.439 [http-nio-5000-exec-16] DEBUG c.hp.modules.sys.dao.SysMenuDao.queryListParentId - ==> Parameters: 1(Long)
2019-03-16 17:15:53.459 [http-nio-5000-exec-16] DEBUG c.hp.modules.sys.dao.SysMenuDao.queryListParentId - <==      Total: 8
2019-03-16 17:15:53.462 [http-nio-5000-exec-16] DEBUG c.hp.modules.sys.dao.SysMenuDao.queryListParentId - ==>  Preparing: select * from sys_menu where parent_id = ? order by order_num asc 
2019-03-16 17:15:53.462 [http-nio-5000-exec-16] DEBUG c.hp.modules.sys.dao.SysMenuDao.queryListParentId - ==> Parameters: 31(Long)
2019-03-16 17:15:53.486 [http-nio-5000-exec-16] DEBUG c.hp.modules.sys.dao.SysMenuDao.queryListParentId - <==      Total: 5
2019-03-16 17:15:53.487 [http-nio-5000-exec-16] DEBUG c.hp.modules.sys.dao.SysMenuDao.queryListParentId - ==>  Preparing: select * from sys_menu where parent_id = ? order by order_num asc 
2019-03-16 17:15:53.488 [http-nio-5000-exec-16] DEBUG c.hp.modules.sys.dao.SysMenuDao.queryListParentId - ==> Parameters: 32(Long)
2019-03-16 17:15:53.504 [http-nio-5000-exec-16] DEBUG c.hp.modules.sys.dao.SysMenuDao.queryListParentId - <==      Total: 3
2019-03-16 17:15:53.506 [http-nio-5000-exec-16] DEBUG c.hp.modules.sys.dao.SysMenuDao.queryListParentId - ==>  Preparing: select * from sys_menu where parent_id = ? order by order_num asc 
2019-03-16 17:15:53.506 [http-nio-5000-exec-16] DEBUG c.hp.modules.sys.dao.SysMenuDao.queryListParentId - ==> Parameters: 33(Long)
2019-03-16 17:15:53.522 [http-nio-5000-exec-16] DEBUG c.hp.modules.sys.dao.SysMenuDao.queryListParentId - <==      Total: 4
2019-03-16 17:15:53.524 [http-nio-5000-exec-16] DEBUG com.hp.modules.sys.dao.SysMenuDao.selectList - ==>  Preparing: SELECT menu_id AS menuId,parent_id AS parentId,`name`,url,perms,`type`,icon,order_num AS orderNum FROM sys_menu 
2019-03-16 17:15:53.525 [http-nio-5000-exec-16] DEBUG com.hp.modules.sys.dao.SysMenuDao.selectList - ==> Parameters: 
2019-03-16 17:15:53.547 [http-nio-5000-exec-16] DEBUG com.hp.modules.sys.dao.SysMenuDao.selectList - <==      Total: 44
2019-03-16 18:22:48.465 [restartedMain] INFO  com.hp.PcApplication - Starting PcApplication on DESKTOP-F1HOJGL with PID 446476 (E:\wx\hpwx\hp-parent\hp-wx-pc\target\classes started by gq in E:\wx\hpwx\hp-parent\hp-wx-pc)
2019-03-16 18:22:48.468 [restartedMain] DEBUG com.hp.PcApplication - Running with Spring Boot v1.5.4.RELEASE, Spring v4.3.9.RELEASE
2019-03-16 18:22:48.469 [restartedMain] INFO  com.hp.PcApplication - The following profiles are active: test
2019-03-16 18:22:48.519 [restartedMain] INFO  o.s.b.c.e.AnnotationConfigEmbeddedWebApplicationContext - Refreshing org.springframework.boot.context.embedded.AnnotationConfigEmbeddedWebApplicationContext@71e152a7: startup date [Sat Mar 16 18:22:48 CST 2019]; root of context hierarchy
2019-03-16 18:22:48.805 [background-preinit] INFO  org.hibernate.validator.internal.util.Version - HV000001: Hibernate Validator 5.3.5.Final
2019-03-16 18:22:50.163 [restartedMain] INFO  o.s.d.r.config.RepositoryConfigurationDelegate - Multiple Spring Data modules found, entering strict repository configuration mode!
2019-03-16 18:22:50.655 [restartedMain] INFO  c.u.j.c.EnableEncryptablePropertiesBeanFactoryPostProcessor - Post-processing PropertySource instances
2019-03-16 18:22:50.732 [restartedMain] INFO  c.u.j.c.EnableEncryptablePropertiesBeanFactoryPostProcessor - Converting PropertySource servletConfigInitParams [org.springframework.core.env.PropertySource$StubPropertySource] to EncryptablePropertySourceWrapper
2019-03-16 18:22:50.733 [restartedMain] INFO  c.u.j.c.EnableEncryptablePropertiesBeanFactoryPostProcessor - Converting PropertySource servletContextInitParams [org.springframework.core.env.PropertySource$StubPropertySource] to EncryptablePropertySourceWrapper
2019-03-16 18:22:50.734 [restartedMain] INFO  c.u.j.c.EnableEncryptablePropertiesBeanFactoryPostProcessor - Converting PropertySource systemProperties [org.springframework.core.env.MapPropertySource] to EncryptableMapPropertySourceWrapper
2019-03-16 18:22:50.734 [restartedMain] INFO  c.u.j.c.EnableEncryptablePropertiesBeanFactoryPostProcessor - Converting PropertySource systemEnvironment [org.springframework.core.env.SystemEnvironmentPropertySource] to EncryptableMapPropertySourceWrapper
2019-03-16 18:22:50.735 [restartedMain] INFO  c.u.j.c.EnableEncryptablePropertiesBeanFactoryPostProcessor - Converting PropertySource random [org.springframework.boot.context.config.RandomValuePropertySource] to EncryptablePropertySourceWrapper
2019-03-16 18:22:50.735 [restartedMain] INFO  c.u.j.c.EnableEncryptablePropertiesBeanFactoryPostProcessor - Converting PropertySource applicationConfig: [classpath:/application-test.yml] [org.springframework.core.env.MapPropertySource] to EncryptableMapPropertySourceWrapper
2019-03-16 18:22:50.735 [restartedMain] INFO  c.u.j.c.EnableEncryptablePropertiesBeanFactoryPostProcessor - Converting PropertySource applicationConfig: [classpath:/application.yml] [org.springframework.core.env.MapPropertySource] to EncryptableMapPropertySourceWrapper
2019-03-16 18:22:50.735 [restartedMain] INFO  c.u.j.c.EnableEncryptablePropertiesBeanFactoryPostProcessor - Converting PropertySource refresh [org.springframework.core.env.MapPropertySource] to EncryptableMapPropertySourceWrapper
2019-03-16 18:22:50.786 [restartedMain] INFO  o.s.c.s.PostProcessorRegistrationDelegate$BeanPostProcessorChecker - Bean 'shiroConfig' of type [com.hp.config.ShiroConfig$$EnhancerBySpringCGLIB$$54aa7de9] is not eligible for getting processed by all BeanPostProcessors (for example: not eligible for auto-proxying)
2019-03-16 18:22:51.028 [restartedMain] INFO  c.u.j.resolver.DefaultLazyPropertyResolver - Property Resolver custom Bean not found with name 'encryptablePropertyResolver'. Initializing Default Property Resolver
2019-03-16 18:22:51.032 [restartedMain] INFO  c.u.j.detector.DefaultLazyPropertyDetector - Property Detector custom Bean not found with name 'encryptablePropertyDetector'. Initializing Default Property Detector
2019-03-16 18:22:51.110 [restartedMain] INFO  o.s.c.s.PostProcessorRegistrationDelegate$BeanPostProcessorChecker - Bean 'mybatis-plus-com.baomidou.mybatisplus.spring.boot.starter.MybatisPlusProperties' of type [com.baomidou.mybatisplus.spring.boot.starter.MybatisPlusProperties] is not eligible for getting processed by all BeanPostProcessors (for example: not eligible for auto-proxying)
2019-03-16 18:22:51.117 [restartedMain] INFO  o.s.c.s.PostProcessorRegistrationDelegate$BeanPostProcessorChecker - Bean 'mybatisPlusConfig' of type [com.hp.config.MybatisPlusConfig$$EnhancerBySpringCGLIB$$d92bcac5] is not eligible for getting processed by all BeanPostProcessors (for example: not eligible for auto-proxying)
2019-03-16 18:22:51.128 [restartedMain] INFO  o.s.c.s.PostProcessorRegistrationDelegate$BeanPostProcessorChecker - Bean 'paginationInterceptor' of type [com.baomidou.mybatisplus.plugins.PaginationInterceptor] is not eligible for getting processed by all BeanPostProcessors (for example: not eligible for auto-proxying)
2019-03-16 18:22:51.139 [restartedMain] INFO  o.s.c.s.PostProcessorRegistrationDelegate$BeanPostProcessorChecker - Bean 'com.baomidou.mybatisplus.spring.boot.starter.MybatisPlusAutoConfiguration' of type [com.baomidou.mybatisplus.spring.boot.starter.MybatisPlusAutoConfiguration$$EnhancerBySpringCGLIB$$592f8721] is not eligible for getting processed by all BeanPostProcessors (for example: not eligible for auto-proxying)
2019-03-16 18:22:51.144 [restartedMain] INFO  o.s.c.s.PostProcessorRegistrationDelegate$BeanPostProcessorChecker - Bean 'dynamicDataSourceConfig' of type [com.hp.datasources.DynamicDataSourceConfig$$EnhancerBySpringCGLIB$$e2488516] is not eligible for getting processed by all BeanPostProcessors (for example: not eligible for auto-proxying)
2019-03-16 18:22:51.233 [restartedMain] INFO  o.s.c.s.PostProcessorRegistrationDelegate$BeanPostProcessorChecker - Bean 'spring.datasource-org.springframework.boot.autoconfigure.jdbc.DataSourceProperties' of type [org.springframework.boot.autoconfigure.jdbc.DataSourceProperties] is not eligible for getting processed by all BeanPostProcessors (for example: not eligible for auto-proxying)
2019-03-16 18:22:51.240 [restartedMain] INFO  o.s.c.s.PostProcessorRegistrationDelegate$BeanPostProcessorChecker - Bean 'com.alibaba.druid.spring.boot.autoconfigure.stat.DruidFilterConfiguration' of type [com.alibaba.druid.spring.boot.autoconfigure.stat.DruidFilterConfiguration] is not eligible for getting processed by all BeanPostProcessors (for example: not eligible for auto-proxying)
2019-03-16 18:22:51.557 [restartedMain] INFO  o.s.c.s.PostProcessorRegistrationDelegate$BeanPostProcessorChecker - Bean 'statFilter' of type [com.alibaba.druid.filter.stat.StatFilter] is not eligible for getting processed by all BeanPostProcessors (for example: not eligible for auto-proxying)
2019-03-16 18:22:51.950 [restartedMain] INFO  o.s.c.s.PostProcessorRegistrationDelegate$BeanPostProcessorChecker - Bean 'firstDataSource' of type [com.alibaba.druid.spring.boot.autoconfigure.DruidDataSourceWrapper] is not eligible for getting processed by all BeanPostProcessors (for example: not eligible for auto-proxying)
2019-03-16 18:22:52.190 [restartedMain] INFO  o.s.c.s.PostProcessorRegistrationDelegate$BeanPostProcessorChecker - Bean 'secondDataSource' of type [com.alibaba.druid.spring.boot.autoconfigure.DruidDataSourceWrapper] is not eligible for getting processed by all BeanPostProcessors (for example: not eligible for auto-proxying)
2019-03-16 18:22:52.199 [restartedMain] INFO  o.s.c.s.PostProcessorRegistrationDelegate$BeanPostProcessorChecker - Bean 'dataSource' of type [com.hp.datasources.DynamicDataSource] is not eligible for getting processed by all BeanPostProcessors (for example: not eligible for auto-proxying)
2019-03-16 18:22:55.021 [restartedMain] INFO  com.alibaba.druid.pool.DruidDataSource - {dataSource-1} inited
