2019-03-15 14:58:06.510 [restartedMain] INFO  com.hp.PcApplication - Starting PcApplication on DESKTOP-F1HOJGL with PID 12700 (E:\wx\hpwx\hp-parent\hp-wx-pc\target\classes started by gq in E:\wx\hpwx\hp-parent\hp-wx-pc)
2019-03-15 14:58:06.521 [restartedMain] DEBUG com.hp.PcApplication - Running with Spring Boot v1.5.4.RELEASE, Spring v4.3.9.RELEASE
2019-03-15 14:58:06.521 [restartedMain] INFO  com.hp.PcApplication - The following profiles are active: test
2019-03-15 14:58:06.568 [restartedMain] INFO  o.s.b.c.e.AnnotationConfigEmbeddedWebApplicationContext - Refreshing org.springframework.boot.context.embedded.AnnotationConfigEmbeddedWebApplicationContext@4cb12ed3: startup date [Fri Mar 15 14:58:06 CST 2019]; root of context hierarchy
2019-03-15 14:58:06.870 [background-preinit] INFO  org.hibernate.validator.internal.util.Version - HV000001: Hibernate Validator 5.3.5.Final
2019-03-15 14:58:08.262 [restartedMain] INFO  o.s.d.r.config.RepositoryConfigurationDelegate - Multiple Spring Data modules found, entering strict repository configuration mode!
2019-03-15 14:58:08.893 [restartedMain] INFO  c.u.j.c.EnableEncryptablePropertiesBeanFactoryPostProcessor - Post-processing PropertySource instances
2019-03-15 14:58:08.972 [restartedMain] INFO  c.u.j.c.EnableEncryptablePropertiesBeanFactoryPostProcessor - Converting PropertySource servletConfigInitParams [org.springframework.core.env.PropertySource$StubPropertySource] to EncryptablePropertySourceWrapper
2019-03-15 14:58:08.973 [restartedMain] INFO  c.u.j.c.EnableEncryptablePropertiesBeanFactoryPostProcessor - Converting PropertySource servletContextInitParams [org.springframework.core.env.PropertySource$StubPropertySource] to EncryptablePropertySourceWrapper
2019-03-15 14:58:08.973 [restartedMain] INFO  c.u.j.c.EnableEncryptablePropertiesBeanFactoryPostProcessor - Converting PropertySource systemProperties [org.springframework.core.env.MapPropertySource] to EncryptableMapPropertySourceWrapper
2019-03-15 14:58:08.973 [restartedMain] INFO  c.u.j.c.EnableEncryptablePropertiesBeanFactoryPostProcessor - Converting PropertySource systemEnvironment [org.springframework.core.env.SystemEnvironmentPropertySource] to EncryptableMapPropertySourceWrapper
2019-03-15 14:58:08.973 [restartedMain] INFO  c.u.j.c.EnableEncryptablePropertiesBeanFactoryPostProcessor - Converting PropertySource random [org.springframework.boot.context.config.RandomValuePropertySource] to EncryptablePropertySourceWrapper
2019-03-15 14:58:08.973 [restartedMain] INFO  c.u.j.c.EnableEncryptablePropertiesBeanFactoryPostProcessor - Converting PropertySource applicationConfig: [classpath:/application-test.yml] [org.springframework.core.env.MapPropertySource] to EncryptableMapPropertySourceWrapper
2019-03-15 14:58:08.973 [restartedMain] INFO  c.u.j.c.EnableEncryptablePropertiesBeanFactoryPostProcessor - Converting PropertySource applicationConfig: [classpath:/application.yml] [org.springframework.core.env.MapPropertySource] to EncryptableMapPropertySourceWrapper
2019-03-15 14:58:08.973 [restartedMain] INFO  c.u.j.c.EnableEncryptablePropertiesBeanFactoryPostProcessor - Converting PropertySource refresh [org.springframework.core.env.MapPropertySource] to EncryptableMapPropertySourceWrapper
2019-03-15 14:58:09.055 [restartedMain] INFO  o.s.c.s.PostProcessorRegistrationDelegate$BeanPostProcessorChecker - Bean 'shiroConfig' of type [com.hp.config.ShiroConfig$$EnhancerBySpringCGLIB$$45aa6754] is not eligible for getting processed by all BeanPostProcessors (for example: not eligible for auto-proxying)
2019-03-15 14:58:09.319 [restartedMain] INFO  c.u.j.resolver.DefaultLazyPropertyResolver - Property Resolver custom Bean not found with name 'encryptablePropertyResolver'. Initializing Default Property Resolver
2019-03-15 14:58:09.323 [restartedMain] INFO  c.u.j.detector.DefaultLazyPropertyDetector - Property Detector custom Bean not found with name 'encryptablePropertyDetector'. Initializing Default Property Detector
2019-03-15 14:58:09.419 [restartedMain] INFO  o.s.c.s.PostProcessorRegistrationDelegate$BeanPostProcessorChecker - Bean 'mybatis-plus-com.baomidou.mybatisplus.spring.boot.starter.MybatisPlusProperties' of type [com.baomidou.mybatisplus.spring.boot.starter.MybatisPlusProperties] is not eligible for getting processed by all BeanPostProcessors (for example: not eligible for auto-proxying)
2019-03-15 14:58:09.429 [restartedMain] INFO  o.s.c.s.PostProcessorRegistrationDelegate$BeanPostProcessorChecker - Bean 'mybatisPlusConfig' of type [com.hp.config.MybatisPlusConfig$$EnhancerBySpringCGLIB$$ca2bb430] is not eligible for getting processed by all BeanPostProcessors (for example: not eligible for auto-proxying)
2019-03-15 14:58:09.443 [restartedMain] INFO  o.s.c.s.PostProcessorRegistrationDelegate$BeanPostProcessorChecker - Bean 'paginationInterceptor' of type [com.baomidou.mybatisplus.plugins.PaginationInterceptor] is not eligible for getting processed by all BeanPostProcessors (for example: not eligible for auto-proxying)
2019-03-15 14:58:09.462 [restartedMain] INFO  o.s.c.s.PostProcessorRegistrationDelegate$BeanPostProcessorChecker - Bean 'com.baomidou.mybatisplus.spring.boot.starter.MybatisPlusAutoConfiguration' of type [com.baomidou.mybatisplus.spring.boot.starter.MybatisPlusAutoConfiguration$$EnhancerBySpringCGLIB$$4a2f708c] is not eligible for getting processed by all BeanPostProcessors (for example: not eligible for auto-proxying)
2019-03-15 14:58:09.472 [restartedMain] INFO  o.s.c.s.PostProcessorRegistrationDelegate$BeanPostProcessorChecker - Bean 'dynamicDataSourceConfig' of type [com.hp.datasources.DynamicDataSourceConfig$$EnhancerBySpringCGLIB$$d3486e81] is not eligible for getting processed by all BeanPostProcessors (for example: not eligible for auto-proxying)
2019-03-15 14:58:09.579 [restartedMain] INFO  o.s.c.s.PostProcessorRegistrationDelegate$BeanPostProcessorChecker - Bean 'spring.datasource-org.springframework.boot.autoconfigure.jdbc.DataSourceProperties' of type [org.springframework.boot.autoconfigure.jdbc.DataSourceProperties] is not eligible for getting processed by all BeanPostProcessors (for example: not eligible for auto-proxying)
2019-03-15 14:58:09.590 [restartedMain] INFO  o.s.c.s.PostProcessorRegistrationDelegate$BeanPostProcessorChecker - Bean 'com.alibaba.druid.spring.boot.autoconfigure.stat.DruidFilterConfiguration' of type [com.alibaba.druid.spring.boot.autoconfigure.stat.DruidFilterConfiguration] is not eligible for getting processed by all BeanPostProcessors (for example: not eligible for auto-proxying)
2019-03-15 14:58:09.925 [restartedMain] INFO  o.s.c.s.PostProcessorRegistrationDelegate$BeanPostProcessorChecker - Bean 'statFilter' of type [com.alibaba.druid.filter.stat.StatFilter] is not eligible for getting processed by all BeanPostProcessors (for example: not eligible for auto-proxying)
2019-03-15 14:58:10.376 [restartedMain] INFO  o.s.c.s.PostProcessorRegistrationDelegate$BeanPostProcessorChecker - Bean 'firstDataSource' of type [com.alibaba.druid.spring.boot.autoconfigure.DruidDataSourceWrapper] is not eligible for getting processed by all BeanPostProcessors (for example: not eligible for auto-proxying)
2019-03-15 14:58:10.648 [restartedMain] INFO  o.s.c.s.PostProcessorRegistrationDelegate$BeanPostProcessorChecker - Bean 'secondDataSource' of type [com.alibaba.druid.spring.boot.autoconfigure.DruidDataSourceWrapper] is not eligible for getting processed by all BeanPostProcessors (for example: not eligible for auto-proxying)
2019-03-15 14:58:10.660 [restartedMain] INFO  o.s.c.s.PostProcessorRegistrationDelegate$BeanPostProcessorChecker - Bean 'dataSource' of type [com.hp.datasources.DynamicDataSource] is not eligible for getting processed by all BeanPostProcessors (for example: not eligible for auto-proxying)
2019-03-15 14:58:13.804 [restartedMain] INFO  com.alibaba.druid.pool.DruidDataSource - {dataSource-1} inited
2019-03-15 14:58:14.736 [restartedMain] INFO  o.s.c.s.PostProcessorRegistrationDelegate$BeanPostProcessorChecker - Bean 'sqlSessionFactory' of type [org.apache.ibatis.session.defaults.DefaultSqlSessionFactory] is not eligible for getting processed by all BeanPostProcessors (for example: not eligible for auto-proxying)
2019-03-15 14:58:14.755 [restartedMain] INFO  o.s.c.s.PostProcessorRegistrationDelegate$BeanPostProcessorChecker - Bean 'sqlSessionTemplate' of type [org.mybatis.spring.SqlSessionTemplate] is not eligible for getting processed by all BeanPostProcessors (for example: not eligible for auto-proxying)
2019-03-15 14:58:14.757 [restartedMain] INFO  o.s.c.s.PostProcessorRegistrationDelegate$BeanPostProcessorChecker - Bean 'sysMenuDao' of type [org.mybatis.spring.mapper.MapperFactoryBean] is not eligible for getting processed by all BeanPostProcessors (for example: not eligible for auto-proxying)
2019-03-15 14:58:14.768 [restartedMain] INFO  o.s.c.s.PostProcessorRegistrationDelegate$BeanPostProcessorChecker - Bean 'sysMenuDao' of type [com.sun.proxy.$Proxy77] is not eligible for getting processed by all BeanPostProcessors (for example: not eligible for auto-proxying)
2019-03-15 14:58:14.775 [restartedMain] INFO  o.s.c.s.PostProcessorRegistrationDelegate$BeanPostProcessorChecker - Bean 'sysUserDao' of type [org.mybatis.spring.mapper.MapperFactoryBean] is not eligible for getting processed by all BeanPostProcessors (for example: not eligible for auto-proxying)
2019-03-15 14:58:14.781 [restartedMain] INFO  o.s.c.s.PostProcessorRegistrationDelegate$BeanPostProcessorChecker - Bean 'sysUserDao' of type [com.sun.proxy.$Proxy78] is not eligible for getting processed by all BeanPostProcessors (for example: not eligible for auto-proxying)
2019-03-15 14:58:14.787 [restartedMain] INFO  o.s.c.s.PostProcessorRegistrationDelegate$BeanPostProcessorChecker - Bean 'sysUserTokenDao' of type [org.mybatis.spring.mapper.MapperFactoryBean] is not eligible for getting processed by all BeanPostProcessors (for example: not eligible for auto-proxying)
2019-03-15 14:58:14.793 [restartedMain] INFO  o.s.c.s.PostProcessorRegistrationDelegate$BeanPostProcessorChecker - Bean 'sysUserTokenDao' of type [com.sun.proxy.$Proxy79] is not eligible for getting processed by all BeanPostProcessors (for example: not eligible for auto-proxying)
2019-03-15 14:58:14.796 [restartedMain] INFO  o.s.c.s.PostProcessorRegistrationDelegate$BeanPostProcessorChecker - Bean 'shiroServiceImpl' of type [com.hp.modules.sys.service.impl.ShiroServiceImpl] is not eligible for getting processed by all BeanPostProcessors (for example: not eligible for auto-proxying)
2019-03-15 14:58:14.799 [restartedMain] INFO  o.s.c.s.PostProcessorRegistrationDelegate$BeanPostProcessorChecker - Bean 'OAuth2Realm' of type [com.hp.modules.sys.oauth2.OAuth2Realm] is not eligible for getting processed by all BeanPostProcessors (for example: not eligible for auto-proxying)
2019-03-15 14:58:14.864 [restartedMain] INFO  o.s.c.s.PostProcessorRegistrationDelegate$BeanPostProcessorChecker - Bean 'sessionManager' of type [org.apache.shiro.web.session.mgt.DefaultWebSessionManager] is not eligible for getting processed by all BeanPostProcessors (for example: not eligible for auto-proxying)
2019-03-15 14:58:14.976 [restartedMain] INFO  o.s.c.s.PostProcessorRegistrationDelegate$BeanPostProcessorChecker - Bean 'securityManager' of type [org.apache.shiro.web.mgt.DefaultWebSecurityManager] is not eligible for getting processed by all BeanPostProcessors (for example: not eligible for auto-proxying)
2019-03-15 14:58:15.132 [restartedMain] INFO  o.s.c.s.PostProcessorRegistrationDelegate$BeanPostProcessorChecker - Bean 'authorizationAttributeSourceAdvisor' of type [org.apache.shiro.spring.security.interceptor.AuthorizationAttributeSourceAdvisor] is not eligible for getting processed by all BeanPostProcessors (for example: not eligible for auto-proxying)
2019-03-15 14:58:15.283 [restartedMain] INFO  o.s.c.s.PostProcessorRegistrationDelegate$BeanPostProcessorChecker - Bean 'org.springframework.transaction.annotation.ProxyTransactionManagementConfiguration' of type [org.springframework.transaction.annotation.ProxyTransactionManagementConfiguration$$EnhancerBySpringCGLIB$$fc8fd22f] is not eligible for getting processed by all BeanPostProcessors (for example: not eligible for auto-proxying)
2019-03-15 14:58:17.153 [restartedMain] INFO  o.s.b.c.e.tomcat.TomcatEmbeddedServletContainer - Tomcat initialized with port(s): 5000 (http)
2019-03-15 14:58:17.180 [restartedMain] INFO  org.apache.catalina.core.StandardService - Starting service [Tomcat]
2019-03-15 14:58:17.182 [restartedMain] INFO  org.apache.catalina.core.StandardEngine - Starting Servlet Engine: Apache Tomcat/8.5.15
2019-03-15 14:58:17.455 [localhost-startStop-1] INFO  o.a.c.c.C.[Tomcat].[localhost].[/hpwxpc] - Initializing Spring embedded WebApplicationContext
2019-03-15 14:58:17.456 [localhost-startStop-1] INFO  org.springframework.web.context.ContextLoader - Root WebApplicationContext: initialization completed in 10887 ms
2019-03-15 14:58:19.068 [localhost-startStop-1] INFO  o.s.boot.web.servlet.FilterRegistrationBean - Mapping filter: 'characterEncodingFilter' to: [/*]
2019-03-15 14:58:19.069 [localhost-startStop-1] INFO  o.s.boot.web.servlet.FilterRegistrationBean - Mapping filter: 'hiddenHttpMethodFilter' to: [/*]
2019-03-15 14:58:19.070 [localhost-startStop-1] INFO  o.s.boot.web.servlet.FilterRegistrationBean - Mapping filter: 'httpPutFormContentFilter' to: [/*]
2019-03-15 14:58:19.070 [localhost-startStop-1] INFO  o.s.boot.web.servlet.FilterRegistrationBean - Mapping filter: 'requestContextFilter' to: [/*]
2019-03-15 14:58:19.071 [localhost-startStop-1] INFO  o.s.boot.web.servlet.FilterRegistrationBean - Mapping filter: 'delegatingFilterProxy' to urls: [/*]
2019-03-15 14:58:19.071 [localhost-startStop-1] INFO  o.s.boot.web.servlet.FilterRegistrationBean - Mapping filter: 'xssFilter' to urls: [/*]
2019-03-15 14:58:19.071 [localhost-startStop-1] INFO  o.s.boot.web.servlet.FilterRegistrationBean - Mapping filter: 'webStatFilter' to urls: [/*]
2019-03-15 14:58:19.071 [localhost-startStop-1] INFO  o.s.boot.web.servlet.FilterRegistrationBean - Mapping filter: 'shiroFilter' to: [/*]
2019-03-15 14:58:19.072 [localhost-startStop-1] INFO  o.s.boot.web.servlet.ServletRegistrationBean - Mapping servlet: 'dispatcherServlet' to [/]
2019-03-15 14:58:19.074 [localhost-startStop-1] INFO  o.s.boot.web.servlet.ServletRegistrationBean - Mapping servlet: 'statViewServlet' to [/druid/*]
2019-03-15 14:58:31.242 [restartedMain] INFO  org.springframework.aop.framework.CglibAopProxy - Method [java.util.List springfox.documentation.schema.property.OptimizedModelPropertiesProvider.candidateProperties(com.fasterxml.classmate.ResolvedType,com.fasterxml.jackson.databind.introspect.AnnotatedMember,com.fasterxml.jackson.databind.introspect.BeanPropertyDefinition,springfox.documentation.spi.schema.contexts.ModelContext)] is package-visible across different ClassLoaders and cannot get proxied via CGLIB: Declare this method as public or protected if you need to support invocations through the proxy.
2019-03-15 14:58:32.600 [restartedMain] INFO  o.s.w.s.m.m.a.RequestMappingHandlerMapping - Mapped "{[/getport]}" onto public java.lang.String com.hp.check.CheckHeathController.getPort()
2019-03-15 14:58:32.603 [restartedMain] INFO  o.s.w.s.m.m.a.RequestMappingHandlerMapping - Mapped "{[/health_check]}" onto public java.lang.String com.hp.check.CheckHeathController.healthcheck()
2019-03-15 14:58:32.613 [restartedMain] INFO  o.s.w.s.m.m.a.RequestMappingHandlerMapping - Mapped "{[/app/login],methods=[POST]}" onto public com.hp.common.utils.R com.hp.modules.app.controller.AppLoginController.login(com.hp.modules.app.form.LoginForm)
2019-03-15 14:58:32.615 [restartedMain] INFO  o.s.w.s.m.m.a.RequestMappingHandlerMapping - Mapped "{[/app/register],methods=[POST]}" onto public com.hp.common.utils.R com.hp.modules.app.controller.AppRegisterController.register(com.hp.modules.app.form.RegisterForm)
2019-03-15 14:58:32.620 [restartedMain] INFO  o.s.w.s.m.m.a.RequestMappingHandlerMapping - Mapped "{[/app/userId],methods=[GET]}" onto public com.hp.common.utils.R com.hp.modules.app.controller.AppTestController.userInfo(java.lang.Integer)
2019-03-15 14:58:32.621 [restartedMain] INFO  o.s.w.s.m.m.a.RequestMappingHandlerMapping - Mapped "{[/app/userInfo],methods=[GET]}" onto public com.hp.common.utils.R com.hp.modules.app.controller.AppTestController.userInfo(com.hp.modules.app.entity.UserEntity)
2019-03-15 14:58:32.622 [restartedMain] INFO  o.s.w.s.m.m.a.RequestMappingHandlerMapping - Mapped "{[/app/notToken],methods=[GET]}" onto public com.hp.common.utils.R com.hp.modules.app.controller.AppTestController.notToken()
2019-03-15 14:58:32.626 [restartedMain] INFO  o.s.w.s.m.m.a.RequestMappingHandlerMapping - Mapped "{[/sys/oss/delete],methods=[POST]}" onto public com.hp.common.utils.R com.hp.modules.oss.controller.SysOssController.delete(java.lang.Long[])
2019-03-15 14:58:32.627 [restartedMain] INFO  o.s.w.s.m.m.a.RequestMappingHandlerMapping - Mapped "{[/sys/oss/list],methods=[GET]}" onto public com.hp.common.utils.R com.hp.modules.oss.controller.SysOssController.list(java.util.Map<java.lang.String, java.lang.Object>)
2019-03-15 14:58:32.628 [restartedMain] INFO  o.s.w.s.m.m.a.RequestMappingHandlerMapping - Mapped "{[/sys/oss/config],methods=[GET]}" onto public com.hp.common.utils.R com.hp.modules.oss.controller.SysOssController.config()
2019-03-15 14:58:32.628 [restartedMain] INFO  o.s.w.s.m.m.a.RequestMappingHandlerMapping - Mapped "{[/sys/oss/saveConfig],methods=[POST]}" onto public com.hp.common.utils.R com.hp.modules.oss.controller.SysOssController.saveConfig(com.hp.modules.oss.cloud.CloudStorageConfig)
2019-03-15 14:58:32.629 [restartedMain] INFO  o.s.w.s.m.m.a.RequestMappingHandlerMapping - Mapped "{[/sys/oss/upload],methods=[POST]}" onto public com.hp.common.utils.R com.hp.modules.oss.controller.SysOssController.upload(org.springframework.web.multipart.MultipartFile) throws java.lang.Exception
2019-03-15 14:58:32.636 [restartedMain] INFO  o.s.w.s.m.m.a.RequestMappingHandlerMapping - Mapped "{[/sys/config/update],methods=[POST]}" onto public com.hp.common.utils.R com.hp.modules.sys.controller.SysConfigController.update(com.hp.modules.sys.entity.SysConfigEntity)
2019-03-15 14:58:32.637 [restartedMain] INFO  o.s.w.s.m.m.a.RequestMappingHandlerMapping - Mapped "{[/sys/config/delete],methods=[POST]}" onto public com.hp.common.utils.R com.hp.modules.sys.controller.SysConfigController.delete(java.lang.Long[])
2019-03-15 14:58:32.639 [restartedMain] INFO  o.s.w.s.m.m.a.RequestMappingHandlerMapping - Mapped "{[/sys/config/list],methods=[GET]}" onto public com.hp.common.utils.R com.hp.modules.sys.controller.SysConfigController.list(java.util.Map<java.lang.String, java.lang.Object>)
2019-03-15 14:58:32.640 [restartedMain] INFO  o.s.w.s.m.m.a.RequestMappingHandlerMapping - Mapped "{[/sys/config/save],methods=[POST]}" onto public com.hp.common.utils.R com.hp.modules.sys.controller.SysConfigController.save(com.hp.modules.sys.entity.SysConfigEntity)
2019-03-15 14:58:32.641 [restartedMain] INFO  o.s.w.s.m.m.a.RequestMappingHandlerMapping - Mapped "{[/sys/config/info/{id}],methods=[GET]}" onto public com.hp.common.utils.R com.hp.modules.sys.controller.SysConfigController.info(java.lang.Long)
2019-03-15 14:58:32.644 [restartedMain] INFO  o.s.w.s.m.m.a.RequestMappingHandlerMapping - Mapped "{[/sys/log/list],methods=[GET]}" onto public com.hp.common.utils.R com.hp.modules.sys.controller.SysLogController.list(java.util.Map<java.lang.String, java.lang.Object>)
2019-03-15 14:58:32.647 [restartedMain] INFO  o.s.w.s.m.m.a.RequestMappingHandlerMapping - Mapped "{[/sys/login],methods=[POST]}" onto public java.util.Map<java.lang.String, java.lang.Object> com.hp.modules.sys.controller.SysLoginController.login(com.hp.modules.sys.form.SysLoginForm) throws java.io.IOException
2019-03-15 14:58:32.648 [restartedMain] INFO  o.s.w.s.m.m.a.RequestMappingHandlerMapping - Mapped "{[/captcha.jpg],methods=[GET]}" onto public void com.hp.modules.sys.controller.SysLoginController.captcha(javax.servlet.http.HttpServletResponse,java.lang.String) throws javax.servlet.ServletException,java.io.IOException
2019-03-15 14:58:32.649 [restartedMain] INFO  o.s.w.s.m.m.a.RequestMappingHandlerMapping - Mapped "{[/sys/logout],methods=[POST]}" onto public com.hp.common.utils.R com.hp.modules.sys.controller.SysLoginController.logout()
2019-03-15 14:58:32.656 [restartedMain] INFO  o.s.w.s.m.m.a.RequestMappingHandlerMapping - Mapped "{[/sys/menu/update],methods=[POST]}" onto public com.hp.common.utils.R com.hp.modules.sys.controller.SysMenuController.update(com.hp.modules.sys.entity.SysMenuEntity)
2019-03-15 14:58:32.657 [restartedMain] INFO  o.s.w.s.m.m.a.RequestMappingHandlerMapping - Mapped "{[/sys/menu/delete/{menuId}],methods=[POST]}" onto public com.hp.common.utils.R com.hp.modules.sys.controller.SysMenuController.delete(long)
2019-03-15 14:58:32.657 [restartedMain] INFO  o.s.w.s.m.m.a.RequestMappingHandlerMapping - Mapped "{[/sys/menu/list],methods=[GET]}" onto public java.util.List<com.hp.modules.sys.entity.SysMenuEntity> com.hp.modules.sys.controller.SysMenuController.list()
2019-03-15 14:58:32.658 [restartedMain] INFO  o.s.w.s.m.m.a.RequestMappingHandlerMapping - Mapped "{[/sys/menu/save],methods=[POST]}" onto public com.hp.common.utils.R com.hp.modules.sys.controller.SysMenuController.save(com.hp.modules.sys.entity.SysMenuEntity)
2019-03-15 14:58:32.659 [restartedMain] INFO  o.s.w.s.m.m.a.RequestMappingHandlerMapping - Mapped "{[/sys/menu/info/{menuId}],methods=[GET]}" onto public com.hp.common.utils.R com.hp.modules.sys.controller.SysMenuController.info(java.lang.Long)
2019-03-15 14:58:32.661 [restartedMain] INFO  o.s.w.s.m.m.a.RequestMappingHandlerMapping - Mapped "{[/sys/menu/select],methods=[GET]}" onto public com.hp.common.utils.R com.hp.modules.sys.controller.SysMenuController.select()
2019-03-15 14:58:32.662 [restartedMain] INFO  o.s.w.s.m.m.a.RequestMappingHandlerMapping - Mapped "{[/sys/menu/nav],methods=[GET]}" onto public com.hp.common.utils.R com.hp.modules.sys.controller.SysMenuController.nav()
2019-03-15 14:58:32.675 [restartedMain] INFO  o.s.w.s.m.m.a.RequestMappingHandlerMapping - Mapped "{[/sys/role/update],methods=[POST]}" onto public com.hp.common.utils.R com.hp.modules.sys.controller.SysRoleController.update(com.hp.modules.sys.entity.SysRoleEntity)
2019-03-15 14:58:32.675 [restartedMain] INFO  o.s.w.s.m.m.a.RequestMappingHandlerMapping - Mapped "{[/sys/role/delete],methods=[POST]}" onto public com.hp.common.utils.R com.hp.modules.sys.controller.SysRoleController.delete(java.lang.Long[])
2019-03-15 14:58:32.676 [restartedMain] INFO  o.s.w.s.m.m.a.RequestMappingHandlerMapping - Mapped "{[/sys/role/list],methods=[GET]}" onto public com.hp.common.utils.R com.hp.modules.sys.controller.SysRoleController.list(java.util.Map<java.lang.String, java.lang.Object>)
2019-03-15 14:58:32.677 [restartedMain] INFO  o.s.w.s.m.m.a.RequestMappingHandlerMapping - Mapped "{[/sys/role/save],methods=[POST]}" onto public com.hp.common.utils.R com.hp.modules.sys.controller.SysRoleController.save(com.hp.modules.sys.entity.SysRoleEntity)
2019-03-15 14:58:32.678 [restartedMain] INFO  o.s.w.s.m.m.a.RequestMappingHandlerMapping - Mapped "{[/sys/role/info/{roleId}],methods=[GET]}" onto public com.hp.common.utils.R com.hp.modules.sys.controller.SysRoleController.info(java.lang.Long)
2019-03-15 14:58:32.678 [restartedMain] INFO  o.s.w.s.m.m.a.RequestMappingHandlerMapping - Mapped "{[/sys/role/select],methods=[GET]}" onto public com.hp.common.utils.R com.hp.modules.sys.controller.SysRoleController.select()
2019-03-15 14:58:32.685 [restartedMain] INFO  o.s.w.s.m.m.a.RequestMappingHandlerMapping - Mapped "{[/sys/user/update],methods=[POST]}" onto public com.hp.common.utils.R com.hp.modules.sys.controller.SysUserController.update(com.hp.modules.sys.entity.SysUserEntity)
2019-03-15 14:58:32.687 [restartedMain] INFO  o.s.w.s.m.m.a.RequestMappingHandlerMapping - Mapped "{[/sys/user/delete],methods=[POST]}" onto public com.hp.common.utils.R com.hp.modules.sys.controller.SysUserController.delete(java.lang.Long[])
2019-03-15 14:58:32.688 [restartedMain] INFO  o.s.w.s.m.m.a.RequestMappingHandlerMapping - Mapped "{[/sys/user/list],methods=[GET]}" onto public com.hp.common.utils.R com.hp.modules.sys.controller.SysUserController.list(java.util.Map<java.lang.String, java.lang.Object>)
2019-03-15 14:58:32.690 [restartedMain] INFO  o.s.w.s.m.m.a.RequestMappingHandlerMapping - Mapped "{[/sys/user/save],methods=[POST]}" onto public com.hp.common.utils.R com.hp.modules.sys.controller.SysUserController.save(com.hp.modules.sys.entity.SysUserEntity)
2019-03-15 14:58:32.691 [restartedMain] INFO  o.s.w.s.m.m.a.RequestMappingHandlerMapping - Mapped "{[/sys/user/info/{userId}],methods=[GET]}" onto public com.hp.common.utils.R com.hp.modules.sys.controller.SysUserController.info(java.lang.Long)
2019-03-15 14:58:32.693 [restartedMain] INFO  o.s.w.s.m.m.a.RequestMappingHandlerMapping - Mapped "{[/sys/user/info],methods=[GET]}" onto public com.hp.common.utils.R com.hp.modules.sys.controller.SysUserController.info()
2019-03-15 14:58:32.695 [restartedMain] INFO  o.s.w.s.m.m.a.RequestMappingHandlerMapping - Mapped "{[/sys/user/password],methods=[POST]}" onto public com.hp.common.utils.R com.hp.modules.sys.controller.SysUserController.password(com.hp.modules.sys.form.PasswordForm)
2019-03-15 14:58:32.708 [restartedMain] INFO  o.s.w.s.m.m.a.RequestMappingHandlerMapping - Mapped "{[/sys/questionnaire/add],methods=[POST]}" onto public com.hp.common.utils.R com.hp.modules.sys.controller.TQuestionnaireController.add(com.hp.modules.sys.entity.TQuestionnaire)
2019-03-15 14:58:32.711 [restartedMain] INFO  o.s.w.s.m.m.a.RequestMappingHandlerMapping - Mapped "{[/sys/questionnaire/update],methods=[GET]}" onto public com.hp.common.utils.R com.hp.modules.sys.controller.TQuestionnaireController.update(com.hp.modules.sys.entity.TQuestionnaire)
2019-03-15 14:58:32.713 [restartedMain] INFO  o.s.w.s.m.m.a.RequestMappingHandlerMapping - Mapped "{[/sys/questionnaire/delete],methods=[POST]}" onto public com.hp.common.utils.R com.hp.modules.sys.controller.TQuestionnaireController.delete(java.lang.Long[])
2019-03-15 14:58:32.716 [restartedMain] INFO  o.s.w.s.m.m.a.RequestMappingHandlerMapping - Mapped "{[/sys/questionnaire/list],methods=[GET]}" onto public com.hp.common.utils.R com.hp.modules.sys.controller.TQuestionnaireController.list(java.util.Map<java.lang.String, java.lang.Object>)
2019-03-15 14:58:32.717 [restartedMain] INFO  o.s.w.s.m.m.a.RequestMappingHandlerMapping - Mapped "{[/sys/questionnaire/info/{questionnaireId}],methods=[GET]}" onto public com.hp.common.utils.R com.hp.modules.sys.controller.TQuestionnaireController.info(java.lang.Long)
2019-03-15 14:58:32.718 [restartedMain] INFO  o.s.w.s.m.m.a.RequestMappingHandlerMapping - Mapped "{[/sys/questionnaire/upload],methods=[POST]}" onto public com.hp.common.utils.R com.hp.modules.sys.controller.TQuestionnaireController.upload(org.springframework.web.multipart.MultipartFile)
2019-03-15 14:58:32.720 [restartedMain] INFO  o.s.w.s.m.m.a.RequestMappingHandlerMapping - Mapped "{[/sys/questionnaire/subjects/{questionnaireId}],methods=[GET]}" onto public com.hp.common.utils.R com.hp.modules.sys.controller.TQuestionnaireController.subjects(java.lang.Long)
2019-03-15 14:58:32.722 [restartedMain] INFO  o.s.w.s.m.m.a.RequestMappingHandlerMapping - Mapped "{[/sys/questionnaire/statistics],methods=[GET]}" onto public com.hp.common.utils.R com.hp.modules.sys.controller.TQuestionnaireController.statistics(java.util.Map<java.lang.String, java.lang.Object>)
2019-03-15 14:58:32.724 [restartedMain] INFO  o.s.w.s.m.m.a.RequestMappingHandlerMapping - Mapped "{[/sys/questionnaire/statisticsOnResult],methods=[POST]}" onto public com.hp.common.utils.R com.hp.modules.sys.controller.TQuestionnaireController.statisticsOnResult(java.util.Map<java.lang.String, java.lang.Object>)
2019-03-15 14:58:32.726 [restartedMain] INFO  o.s.w.s.m.m.a.RequestMappingHandlerMapping - Mapped "{[/sys/questionnaire/answers/{questionnaireId}],methods=[GET]}" onto public com.hp.common.utils.R com.hp.modules.sys.controller.TQuestionnaireController.subjectsAndAnswers(java.lang.Long)
2019-03-15 14:58:32.727 [restartedMain] INFO  o.s.w.s.m.m.a.RequestMappingHandlerMapping - Mapped "{[/sys/questionnaire/statisticsOnSubject],methods=[POST]}" onto public com.hp.common.utils.R com.hp.modules.sys.controller.TQuestionnaireController.statisticsOnSubject(java.util.Map<java.lang.String, java.lang.Object>)
2019-03-15 14:58:32.732 [restartedMain] INFO  o.s.w.s.m.m.a.RequestMappingHandlerMapping - Mapped "{[/sys/subject/add],methods=[GET]}" onto public com.hp.common.utils.R com.hp.modules.sys.controller.TSubjectController.add(java.util.List<com.hp.modules.sys.entity.TSubject>)
2019-03-15 14:58:32.733 [restartedMain] INFO  o.s.w.s.m.m.a.RequestMappingHandlerMapping - Mapped "{[/sys/subject/update],methods=[GET]}" onto public com.hp.common.utils.R com.hp.modules.sys.controller.TSubjectController.update(com.hp.modules.sys.entity.TSubject)
2019-03-15 14:58:32.734 [restartedMain] INFO  o.s.w.s.m.m.a.RequestMappingHandlerMapping - Mapped "{[/sys/subject/delete],methods=[POST]}" onto public com.hp.common.utils.R com.hp.modules.sys.controller.TSubjectController.delete(java.lang.Long[])
2019-03-15 14:58:32.737 [restartedMain] INFO  o.s.w.s.m.m.a.RequestMappingHandlerMapping - Mapped "{[/sys/subject/list],methods=[GET]}" onto public com.hp.common.utils.R com.hp.modules.sys.controller.TSubjectController.list(java.util.Map<java.lang.String, java.lang.Object>)
2019-03-15 14:58:32.738 [restartedMain] INFO  o.s.w.s.m.m.a.RequestMappingHandlerMapping - Mapped "{[/sys/subject/addAnswers],methods=[GET]}" onto public com.hp.common.utils.R com.hp.modules.sys.controller.TSubjectController.addSubject(com.hp.modules.sys.entity.TSurveyAnswers)
2019-03-15 14:58:32.741 [restartedMain] INFO  o.s.w.s.m.m.a.RequestMappingHandlerMapping - Mapped "{[/v2/api-docs],methods=[GET]}" onto public org.springframework.http.ResponseEntity<springfox.documentation.spring.web.json.Json> springfox.documentation.swagger2.web.Swagger2Controller.getDocumentation(java.lang.String)
2019-03-15 14:58:32.748 [restartedMain] INFO  o.s.w.s.m.m.a.RequestMappingHandlerMapping - Mapped "{[/configuration/ui]}" onto org.springframework.http.ResponseEntity<springfox.documentation.swagger.web.UiConfiguration> springfox.documentation.swagger.web.ApiResourceController.uiConfiguration()
2019-03-15 14:58:32.749 [restartedMain] INFO  o.s.w.s.m.m.a.RequestMappingHandlerMapping - Mapped "{[/swagger-resources]}" onto org.springframework.http.ResponseEntity<java.util.List<springfox.documentation.swagger.web.SwaggerResource>> springfox.documentation.swagger.web.ApiResourceController.swaggerResources()
2019-03-15 14:58:32.751 [restartedMain] INFO  o.s.w.s.m.m.a.RequestMappingHandlerMapping - Mapped "{[/configuration/security]}" onto org.springframework.http.ResponseEntity<springfox.documentation.swagger.web.SecurityConfiguration> springfox.documentation.swagger.web.ApiResourceController.securityConfiguration()
2019-03-15 14:58:32.758 [restartedMain] INFO  o.s.w.s.m.m.a.RequestMappingHandlerMapping - Mapped "{[/error]}" onto public org.springframework.http.ResponseEntity<java.util.Map<java.lang.String, java.lang.Object>> org.springframework.boot.autoconfigure.web.BasicErrorController.error(javax.servlet.http.HttpServletRequest)
2019-03-15 14:58:32.760 [restartedMain] INFO  o.s.w.s.m.m.a.RequestMappingHandlerMapping - Mapped "{[/error],produces=[text/html]}" onto public org.springframework.web.servlet.ModelAndView org.springframework.boot.autoconfigure.web.BasicErrorController.errorHtml(javax.servlet.http.HttpServletRequest,javax.servlet.http.HttpServletResponse)
2019-03-15 14:58:37.294 [restartedMain] INFO  o.s.w.s.m.m.a.RequestMappingHandlerAdapter - Looking for @ControllerAdvice: org.springframework.boot.context.embedded.AnnotationConfigEmbeddedWebApplicationContext@4cb12ed3: startup date [Fri Mar 15 14:58:06 CST 2019]; root of context hierarchy
2019-03-15 14:58:37.853 [restartedMain] INFO  o.s.web.servlet.handler.SimpleUrlHandlerMapping - Mapped URL path [/swagger-ui.html] onto handler of type [class org.springframework.web.servlet.resource.ResourceHttpRequestHandler]
2019-03-15 14:58:37.853 [restartedMain] INFO  o.s.web.servlet.handler.SimpleUrlHandlerMapping - Mapped URL path [/webjars/**] onto handler of type [class org.springframework.web.servlet.resource.ResourceHttpRequestHandler]
2019-03-15 14:58:37.853 [restartedMain] INFO  o.s.web.servlet.handler.SimpleUrlHandlerMapping - Mapped URL path [/**] onto handler of type [class org.springframework.web.servlet.resource.ResourceHttpRequestHandler]
2019-03-15 14:58:38.021 [restartedMain] INFO  o.s.w.s.m.m.a.ExceptionHandlerExceptionResolver - Detected @ExceptionHandler methods in RRExceptionHandler
2019-03-15 14:58:38.218 [restartedMain] INFO  o.s.web.servlet.handler.SimpleUrlHandlerMapping - Mapped URL path [/**/favicon.ico] onto handler of type [class org.springframework.web.servlet.resource.ResourceHttpRequestHandler]
2019-03-15 14:58:40.296 [restartedMain] INFO  o.s.ui.freemarker.SpringTemplateLoader - SpringTemplateLoader for FreeMarker: using resource loader [org.springframework.boot.context.embedded.AnnotationConfigEmbeddedWebApplicationContext@4cb12ed3: startup date [Fri Mar 15 14:58:06 CST 2019]; root of context hierarchy] and template loader path [classpath:/templates/]
2019-03-15 14:58:40.297 [restartedMain] INFO  o.s.w.servlet.view.freemarker.FreeMarkerConfigurer - ClassTemplateLoader for Spring macros added to FreeMarker configuration
2019-03-15 14:58:42.770 [restartedMain] INFO  o.s.b.d.autoconfigure.OptionalLiveReloadServer - LiveReload server is running on port 35729
2019-03-15 14:58:43.579 [restartedMain] INFO  o.s.jmx.export.annotation.AnnotationMBeanExporter - Registering beans for JMX exposure on startup
2019-03-15 14:58:43.582 [restartedMain] INFO  o.s.jmx.export.annotation.AnnotationMBeanExporter - Bean with name 'firstDataSource' has been autodetected for JMX exposure
2019-03-15 14:58:43.582 [restartedMain] INFO  o.s.jmx.export.annotation.AnnotationMBeanExporter - Bean with name 'secondDataSource' has been autodetected for JMX exposure
2019-03-15 14:58:43.583 [restartedMain] INFO  o.s.jmx.export.annotation.AnnotationMBeanExporter - Bean with name 'statFilter' has been autodetected for JMX exposure
2019-03-15 14:58:43.590 [restartedMain] INFO  o.s.jmx.export.annotation.AnnotationMBeanExporter - Located MBean 'firstDataSource': registering with JMX server as MBean [com.alibaba.druid.spring.boot.autoconfigure:name=firstDataSource,type=DruidDataSourceWrapper]
2019-03-15 14:58:43.592 [restartedMain] INFO  o.s.jmx.export.annotation.AnnotationMBeanExporter - Located MBean 'secondDataSource': registering with JMX server as MBean [com.alibaba.druid.spring.boot.autoconfigure:name=secondDataSource,type=DruidDataSourceWrapper]
2019-03-15 14:58:43.593 [restartedMain] INFO  o.s.jmx.export.annotation.AnnotationMBeanExporter - Located MBean 'statFilter': registering with JMX server as MBean [com.alibaba.druid.filter.stat:name=statFilter,type=StatFilter]
2019-03-15 14:58:43.604 [restartedMain] INFO  s.d.s.web.plugins.DocumentationPluginsBootstrapper - Context refreshed
2019-03-15 14:58:43.653 [restartedMain] INFO  s.d.s.web.plugins.DocumentationPluginsBootstrapper - Found {0} custom documentation plugin(s)
2019-03-15 14:58:43.668 [restartedMain] INFO  s.d.spring.web.scanners.ApiListingReferenceScanner - Scanning for api listing references
2019-03-15 14:58:43.680 [restartedMain] INFO  s.d.s.web.ClassOrApiAnnotationResourceGrouping - Group for method login was app登录接口
2019-03-15 14:58:43.688 [restartedMain] INFO  s.d.spring.web.scanners.ApiListingReferenceScanner - Request mapping: login belongs to groups: [[ResourceGroup{groupName='app登录接口', position=0, controller=com.hp.modules.app.controller.AppLoginController}]] 
2019-03-15 14:58:43.691 [restartedMain] INFO  s.d.s.web.ClassOrApiAnnotationResourceGrouping - Group for method notToken was app测试接口
2019-03-15 14:58:43.691 [restartedMain] INFO  s.d.spring.web.scanners.ApiListingReferenceScanner - Request mapping: notToken belongs to groups: [[ResourceGroup{groupName='app测试接口', position=0, controller=com.hp.modules.app.controller.AppTestController}]] 
2019-03-15 14:58:43.692 [restartedMain] INFO  s.d.s.web.ClassOrApiAnnotationResourceGrouping - Group for method register was app注册接口
2019-03-15 14:58:43.692 [restartedMain] INFO  s.d.spring.web.scanners.ApiListingReferenceScanner - Request mapping: register belongs to groups: [[ResourceGroup{groupName='app注册接口', position=0, controller=com.hp.modules.app.controller.AppRegisterController}]] 
2019-03-15 14:58:43.693 [restartedMain] INFO  s.d.s.web.ClassOrApiAnnotationResourceGrouping - Group for method userInfo was app测试接口
2019-03-15 14:58:43.693 [restartedMain] INFO  s.d.spring.web.scanners.ApiListingReferenceScanner - Request mapping: userInfo belongs to groups: [[ResourceGroup{groupName='app测试接口', position=0, controller=com.hp.modules.app.controller.AppTestController}]] 
2019-03-15 14:58:43.694 [restartedMain] INFO  s.d.s.web.ClassOrApiAnnotationResourceGrouping - Group for method userInfo was app测试接口
2019-03-15 14:58:43.694 [restartedMain] INFO  s.d.spring.web.scanners.ApiListingReferenceScanner - Request mapping: userInfo belongs to groups: [[ResourceGroup{groupName='app测试接口', position=0, controller=com.hp.modules.app.controller.AppTestController}]] 
2019-03-15 14:58:43.710 [restartedMain] INFO  s.d.spring.web.scanners.ApiListingReferenceScanner - Created resource listing Path: /default/app登录接口 Description: app登录接口 Position: 0
2019-03-15 14:58:43.712 [restartedMain] INFO  s.d.spring.web.scanners.ApiListingReferenceScanner - Created resource listing Path: /default/app测试接口 Description: app测试接口 Position: 0
2019-03-15 14:58:43.713 [restartedMain] INFO  s.d.spring.web.scanners.ApiListingReferenceScanner - Created resource listing Path: /default/app注册接口 Description: app注册接口 Position: 0
2019-03-15 14:58:43.752 [restartedMain] INFO  s.documentation.schema.ModelContextKeyGenerator - Cache Key Generated: com.hp.modules.app.form.RegisterForm(false)
2019-03-15 14:58:43.752 [restartedMain] INFO  s.documentation.spring.web.caching.CachingAspect - Caching aspect applied for cache models with key com.hp.modules.app.form.RegisterForm(false)
2019-03-15 14:58:43.771 [restartedMain] INFO  s.d.schema.property.ModelPropertiesKeyGenerator - Cache key generated: com.hp.modules.app.form.RegisterForm(false)
2019-03-15 14:58:43.771 [restartedMain] INFO  s.documentation.spring.web.caching.CachingAspect - Caching aspect applied for cache modelProperties with key com.hp.modules.app.form.RegisterForm(false)
2019-03-15 14:58:43.839 [restartedMain] INFO  s.documentation.schema.ModelContextKeyGenerator - Cache Key Generated: com.hp.modules.app.form.RegisterForm(false)
2019-03-15 14:58:43.839 [restartedMain] INFO  s.documentation.spring.web.caching.CachingAspect - Caching aspect applied for cache modelDependencies with key com.hp.modules.app.form.RegisterForm(false)
2019-03-15 14:58:43.849 [restartedMain] INFO  s.d.schema.property.ModelPropertiesKeyGenerator - Cache key generated: com.hp.modules.app.form.RegisterForm(false)
2019-03-15 14:58:43.850 [restartedMain] INFO  s.documentation.spring.web.caching.CachingAspect - Caching aspect applied for cache modelProperties with key com.hp.modules.app.form.RegisterForm(false)
2019-03-15 14:58:43.854 [restartedMain] INFO  s.documentation.schema.ModelContextKeyGenerator - Cache Key Generated: com.hp.common.utils.R(true)
2019-03-15 14:58:43.854 [restartedMain] INFO  s.documentation.spring.web.caching.CachingAspect - Caching aspect applied for cache models with key com.hp.common.utils.R(true)
2019-03-15 14:58:43.854 [restartedMain] INFO  s.documentation.schema.ModelContextKeyGenerator - Cache Key Generated: com.hp.common.utils.R(true)
2019-03-15 14:58:43.855 [restartedMain] INFO  s.documentation.spring.web.caching.CachingAspect - Caching aspect applied for cache modelDependencies with key com.hp.common.utils.R(true)
2019-03-15 14:58:43.855 [restartedMain] INFO  s.d.schema.property.ModelPropertiesKeyGenerator - Cache key generated: com.hp.common.utils.R(true)
2019-03-15 14:58:43.855 [restartedMain] INFO  s.documentation.spring.web.caching.CachingAspect - Caching aspect applied for cache modelProperties with key com.hp.common.utils.R(true)
2019-03-15 14:58:43.867 [restartedMain] INFO  s.documentation.spring.web.OperationsKeyGenerator - Cache key generated: /app/register.com.hp.modules.app.controller.AppRegisterController.register.DefaultGenericTypeNamingStrategy
2019-03-15 14:58:43.867 [restartedMain] INFO  s.documentation.spring.web.caching.CachingAspect - Caching aspect applied for cache operations with key /app/register.com.hp.modules.app.controller.AppRegisterController.register.DefaultGenericTypeNamingStrategy
2019-03-15 14:58:43.890 [restartedMain] INFO  s.d.s.web.ClassOrApiAnnotationResourceGrouping - Group for method register was app注册接口
2019-03-15 14:58:43.917 [restartedMain] INFO  s.d.s.web.ClassOrApiAnnotationResourceGrouping - Group for method register was app注册接口
2019-03-15 14:58:43.940 [restartedMain] INFO  s.documentation.schema.ModelContextKeyGenerator - Cache Key Generated: com.hp.common.utils.R(true)
2019-03-15 14:58:43.940 [restartedMain] INFO  s.documentation.spring.web.caching.CachingAspect - Caching aspect applied for cache models with key com.hp.common.utils.R(true)
2019-03-15 14:58:43.941 [restartedMain] INFO  s.documentation.schema.ModelContextKeyGenerator - Cache Key Generated: com.hp.common.utils.R(true)
2019-03-15 14:58:43.941 [restartedMain] INFO  s.documentation.spring.web.caching.CachingAspect - Caching aspect applied for cache modelDependencies with key com.hp.common.utils.R(true)
2019-03-15 14:58:43.941 [restartedMain] INFO  s.documentation.spring.web.OperationsKeyGenerator - Cache key generated: /app/notToken.com.hp.modules.app.controller.AppTestController.notToken.DefaultGenericTypeNamingStrategy
2019-03-15 14:58:43.941 [restartedMain] INFO  s.documentation.spring.web.caching.CachingAspect - Caching aspect applied for cache operations with key /app/notToken.com.hp.modules.app.controller.AppTestController.notToken.DefaultGenericTypeNamingStrategy
2019-03-15 14:58:43.942 [restartedMain] INFO  s.d.s.web.ClassOrApiAnnotationResourceGrouping - Group for method notToken was app测试接口
2019-03-15 14:58:43.944 [restartedMain] INFO  s.d.s.web.ClassOrApiAnnotationResourceGrouping - Group for method notToken was app测试接口
2019-03-15 14:58:43.950 [restartedMain] INFO  s.documentation.schema.ModelContextKeyGenerator - Cache Key Generated: com.hp.common.utils.R(true)
2019-03-15 14:58:43.950 [restartedMain] INFO  s.documentation.spring.web.caching.CachingAspect - Caching aspect applied for cache models with key com.hp.common.utils.R(true)
2019-03-15 14:58:43.950 [restartedMain] INFO  s.documentation.schema.ModelContextKeyGenerator - Cache Key Generated: com.hp.common.utils.R(true)
2019-03-15 14:58:43.950 [restartedMain] INFO  s.documentation.spring.web.caching.CachingAspect - Caching aspect applied for cache modelDependencies with key com.hp.common.utils.R(true)
2019-03-15 14:58:43.950 [restartedMain] INFO  s.documentation.spring.web.OperationsKeyGenerator - Cache key generated: /app/userId.com.hp.modules.app.controller.AppTestController.userInfo.DefaultGenericTypeNamingStrategy
2019-03-15 14:58:43.950 [restartedMain] INFO  s.documentation.spring.web.caching.CachingAspect - Caching aspect applied for cache operations with key /app/userId.com.hp.modules.app.controller.AppTestController.userInfo.DefaultGenericTypeNamingStrategy
2019-03-15 14:58:43.955 [restartedMain] INFO  s.d.s.web.ClassOrApiAnnotationResourceGrouping - Group for method userInfo was app测试接口
2019-03-15 14:58:43.957 [restartedMain] INFO  s.d.s.web.ClassOrApiAnnotationResourceGrouping - Group for method userInfo was app测试接口
2019-03-15 14:58:43.960 [restartedMain] INFO  s.documentation.schema.ModelContextKeyGenerator - Cache Key Generated: com.hp.common.utils.R(true)
2019-03-15 14:58:43.960 [restartedMain] INFO  s.documentation.spring.web.caching.CachingAspect - Caching aspect applied for cache models with key com.hp.common.utils.R(true)
2019-03-15 14:58:43.960 [restartedMain] INFO  s.documentation.schema.ModelContextKeyGenerator - Cache Key Generated: com.hp.common.utils.R(true)
2019-03-15 14:58:43.961 [restartedMain] INFO  s.documentation.spring.web.caching.CachingAspect - Caching aspect applied for cache modelDependencies with key com.hp.common.utils.R(true)
2019-03-15 14:58:43.961 [restartedMain] INFO  s.documentation.spring.web.OperationsKeyGenerator - Cache key generated: /app/userInfo.com.hp.modules.app.controller.AppTestController.userInfo.DefaultGenericTypeNamingStrategy
2019-03-15 14:58:43.961 [restartedMain] INFO  s.documentation.spring.web.caching.CachingAspect - Caching aspect applied for cache operations with key /app/userInfo.com.hp.modules.app.controller.AppTestController.userInfo.DefaultGenericTypeNamingStrategy
2019-03-15 14:58:43.963 [restartedMain] INFO  s.d.s.web.ClassOrApiAnnotationResourceGrouping - Group for method userInfo was app测试接口
2019-03-15 14:58:43.965 [restartedMain] INFO  s.d.s.web.ClassOrApiAnnotationResourceGrouping - Group for method userInfo was app测试接口
2019-03-15 14:58:43.966 [restartedMain] INFO  s.d.s.w.r.operation.CachingOperationNameGenerator - Generating unique operation named: userInfoUsingGET_1
2019-03-15 14:58:43.968 [restartedMain] INFO  s.documentation.schema.ModelContextKeyGenerator - Cache Key Generated: com.hp.modules.app.form.LoginForm(false)
2019-03-15 14:58:43.968 [restartedMain] INFO  s.documentation.spring.web.caching.CachingAspect - Caching aspect applied for cache models with key com.hp.modules.app.form.LoginForm(false)
2019-03-15 14:58:43.969 [restartedMain] INFO  s.d.schema.property.ModelPropertiesKeyGenerator - Cache key generated: com.hp.modules.app.form.LoginForm(false)
2019-03-15 14:58:43.969 [restartedMain] INFO  s.documentation.spring.web.caching.CachingAspect - Caching aspect applied for cache modelProperties with key com.hp.modules.app.form.LoginForm(false)
2019-03-15 14:58:43.971 [restartedMain] INFO  s.documentation.schema.ModelContextKeyGenerator - Cache Key Generated: com.hp.modules.app.form.LoginForm(false)
2019-03-15 14:58:43.972 [restartedMain] INFO  s.documentation.spring.web.caching.CachingAspect - Caching aspect applied for cache modelDependencies with key com.hp.modules.app.form.LoginForm(false)
2019-03-15 14:58:43.972 [restartedMain] INFO  s.d.schema.property.ModelPropertiesKeyGenerator - Cache key generated: com.hp.modules.app.form.LoginForm(false)
2019-03-15 14:58:43.972 [restartedMain] INFO  s.documentation.spring.web.caching.CachingAspect - Caching aspect applied for cache modelProperties with key com.hp.modules.app.form.LoginForm(false)
2019-03-15 14:58:43.973 [restartedMain] INFO  s.documentation.schema.ModelContextKeyGenerator - Cache Key Generated: com.hp.common.utils.R(true)
2019-03-15 14:58:43.973 [restartedMain] INFO  s.documentation.spring.web.caching.CachingAspect - Caching aspect applied for cache models with key com.hp.common.utils.R(true)
2019-03-15 14:58:43.973 [restartedMain] INFO  s.documentation.schema.ModelContextKeyGenerator - Cache Key Generated: com.hp.common.utils.R(true)
2019-03-15 14:58:43.973 [restartedMain] INFO  s.documentation.spring.web.caching.CachingAspect - Caching aspect applied for cache modelDependencies with key com.hp.common.utils.R(true)
2019-03-15 14:58:43.974 [restartedMain] INFO  s.documentation.spring.web.OperationsKeyGenerator - Cache key generated: /app/login.com.hp.modules.app.controller.AppLoginController.login.DefaultGenericTypeNamingStrategy
2019-03-15 14:58:43.974 [restartedMain] INFO  s.documentation.spring.web.caching.CachingAspect - Caching aspect applied for cache operations with key /app/login.com.hp.modules.app.controller.AppLoginController.login.DefaultGenericTypeNamingStrategy
2019-03-15 14:58:43.977 [restartedMain] INFO  s.d.s.web.ClassOrApiAnnotationResourceGrouping - Group for method login was app登录接口
2019-03-15 14:58:43.978 [restartedMain] INFO  s.d.s.web.ClassOrApiAnnotationResourceGrouping - Group for method login was app登录接口
2019-03-15 14:58:44.014 [restartedMain] INFO  org.apache.coyote.http11.Http11NioProtocol - Initializing ProtocolHandler ["http-nio-5000"]
2019-03-15 14:58:44.039 [restartedMain] INFO  org.apache.coyote.http11.Http11NioProtocol - Starting ProtocolHandler ["http-nio-5000"]
2019-03-15 14:58:44.345 [restartedMain] INFO  org.apache.tomcat.util.net.NioSelectorPool - Using a shared selector for servlet write/read
2019-03-15 14:58:44.394 [restartedMain] INFO  o.s.b.c.e.tomcat.TomcatEmbeddedServletContainer - Tomcat started on port(s): 5000 (http)
2019-03-15 14:58:44.407 [restartedMain] INFO  com.hp.PcApplication - Started PcApplication in 38.412 seconds (JVM running for 39.114)
2019-03-15 14:58:44.407 [restartedMain] INFO  com.hp.PcApplication - 微信后台服务已启动......
2019-03-15 15:59:08.161 [restartedMain] INFO  com.hp.PcApplication - Starting PcApplication on DESKTOP-F1HOJGL with PID 56272 (E:\wx\hpwx\hp-parent\hp-wx-pc\target\classes started by gq in E:\wx\hpwx\hp-parent\hp-wx-pc)
2019-03-15 15:59:08.163 [restartedMain] DEBUG com.hp.PcApplication - Running with Spring Boot v1.5.4.RELEASE, Spring v4.3.9.RELEASE
2019-03-15 15:59:08.164 [restartedMain] INFO  com.hp.PcApplication - The following profiles are active: test
2019-03-15 15:59:08.209 [restartedMain] INFO  o.s.b.c.e.AnnotationConfigEmbeddedWebApplicationContext - Refreshing org.springframework.boot.context.embedded.AnnotationConfigEmbeddedWebApplicationContext@6ab5aac6: startup date [Fri Mar 15 15:59:08 CST 2019]; root of context hierarchy
2019-03-15 15:59:08.436 [background-preinit] INFO  org.hibernate.validator.internal.util.Version - HV000001: Hibernate Validator 5.3.5.Final
2019-03-15 15:59:09.748 [restartedMain] INFO  o.s.d.r.config.RepositoryConfigurationDelegate - Multiple Spring Data modules found, entering strict repository configuration mode!
2019-03-15 15:59:10.205 [restartedMain] INFO  c.u.j.c.EnableEncryptablePropertiesBeanFactoryPostProcessor - Post-processing PropertySource instances
2019-03-15 15:59:10.268 [restartedMain] INFO  c.u.j.c.EnableEncryptablePropertiesBeanFactoryPostProcessor - Converting PropertySource servletConfigInitParams [org.springframework.core.env.PropertySource$StubPropertySource] to EncryptablePropertySourceWrapper
2019-03-15 15:59:10.268 [restartedMain] INFO  c.u.j.c.EnableEncryptablePropertiesBeanFactoryPostProcessor - Converting PropertySource servletContextInitParams [org.springframework.core.env.PropertySource$StubPropertySource] to EncryptablePropertySourceWrapper
2019-03-15 15:59:10.269 [restartedMain] INFO  c.u.j.c.EnableEncryptablePropertiesBeanFactoryPostProcessor - Converting PropertySource systemProperties [org.springframework.core.env.MapPropertySource] to EncryptableMapPropertySourceWrapper
2019-03-15 15:59:10.269 [restartedMain] INFO  c.u.j.c.EnableEncryptablePropertiesBeanFactoryPostProcessor - Converting PropertySource systemEnvironment [org.springframework.core.env.SystemEnvironmentPropertySource] to EncryptableMapPropertySourceWrapper
2019-03-15 15:59:10.269 [restartedMain] INFO  c.u.j.c.EnableEncryptablePropertiesBeanFactoryPostProcessor - Converting PropertySource random [org.springframework.boot.context.config.RandomValuePropertySource] to EncryptablePropertySourceWrapper
2019-03-15 15:59:10.269 [restartedMain] INFO  c.u.j.c.EnableEncryptablePropertiesBeanFactoryPostProcessor - Converting PropertySource applicationConfig: [classpath:/application-test.yml] [org.springframework.core.env.MapPropertySource] to EncryptableMapPropertySourceWrapper
2019-03-15 15:59:10.269 [restartedMain] INFO  c.u.j.c.EnableEncryptablePropertiesBeanFactoryPostProcessor - Converting PropertySource applicationConfig: [classpath:/application.yml] [org.springframework.core.env.MapPropertySource] to EncryptableMapPropertySourceWrapper
2019-03-15 15:59:10.269 [restartedMain] INFO  c.u.j.c.EnableEncryptablePropertiesBeanFactoryPostProcessor - Converting PropertySource refresh [org.springframework.core.env.MapPropertySource] to EncryptableMapPropertySourceWrapper
2019-03-15 15:59:10.325 [restartedMain] INFO  o.s.c.s.PostProcessorRegistrationDelegate$BeanPostProcessorChecker - Bean 'shiroConfig' of type [com.hp.config.ShiroConfig$$EnhancerBySpringCGLIB$$d3c5113b] is not eligible for getting processed by all BeanPostProcessors (for example: not eligible for auto-proxying)
2019-03-15 15:59:10.516 [restartedMain] INFO  c.u.j.resolver.DefaultLazyPropertyResolver - Property Resolver custom Bean not found with name 'encryptablePropertyResolver'. Initializing Default Property Resolver
2019-03-15 15:59:10.519 [restartedMain] INFO  c.u.j.detector.DefaultLazyPropertyDetector - Property Detector custom Bean not found with name 'encryptablePropertyDetector'. Initializing Default Property Detector
2019-03-15 15:59:10.587 [restartedMain] INFO  o.s.c.s.PostProcessorRegistrationDelegate$BeanPostProcessorChecker - Bean 'mybatis-plus-com.baomidou.mybatisplus.spring.boot.starter.MybatisPlusProperties' of type [com.baomidou.mybatisplus.spring.boot.starter.MybatisPlusProperties] is not eligible for getting processed by all BeanPostProcessors (for example: not eligible for auto-proxying)
2019-03-15 15:59:10.595 [restartedMain] INFO  o.s.c.s.PostProcessorRegistrationDelegate$BeanPostProcessorChecker - Bean 'mybatisPlusConfig' of type [com.hp.config.MybatisPlusConfig$$EnhancerBySpringCGLIB$$58465e17] is not eligible for getting processed by all BeanPostProcessors (for example: not eligible for auto-proxying)
2019-03-15 15:59:10.604 [restartedMain] INFO  o.s.c.s.PostProcessorRegistrationDelegate$BeanPostProcessorChecker - Bean 'paginationInterceptor' of type [com.baomidou.mybatisplus.plugins.PaginationInterceptor] is not eligible for getting processed by all BeanPostProcessors (for example: not eligible for auto-proxying)
2019-03-15 15:59:10.616 [restartedMain] INFO  o.s.c.s.PostProcessorRegistrationDelegate$BeanPostProcessorChecker - Bean 'com.baomidou.mybatisplus.spring.boot.starter.MybatisPlusAutoConfiguration' of type [com.baomidou.mybatisplus.spring.boot.starter.MybatisPlusAutoConfiguration$$EnhancerBySpringCGLIB$$d84a1a73] is not eligible for getting processed by all BeanPostProcessors (for example: not eligible for auto-proxying)
2019-03-15 15:59:10.621 [restartedMain] INFO  o.s.c.s.PostProcessorRegistrationDelegate$BeanPostProcessorChecker - Bean 'dynamicDataSourceConfig' of type [com.hp.datasources.DynamicDataSourceConfig$$EnhancerBySpringCGLIB$$61631868] is not eligible for getting processed by all BeanPostProcessors (for example: not eligible for auto-proxying)
2019-03-15 15:59:10.723 [restartedMain] INFO  o.s.c.s.PostProcessorRegistrationDelegate$BeanPostProcessorChecker - Bean 'spring.datasource-org.springframework.boot.autoconfigure.jdbc.DataSourceProperties' of type [org.springframework.boot.autoconfigure.jdbc.DataSourceProperties] is not eligible for getting processed by all BeanPostProcessors (for example: not eligible for auto-proxying)
2019-03-15 15:59:10.732 [restartedMain] INFO  o.s.c.s.PostProcessorRegistrationDelegate$BeanPostProcessorChecker - Bean 'com.alibaba.druid.spring.boot.autoconfigure.stat.DruidFilterConfiguration' of type [com.alibaba.druid.spring.boot.autoconfigure.stat.DruidFilterConfiguration] is not eligible for getting processed by all BeanPostProcessors (for example: not eligible for auto-proxying)
2019-03-15 15:59:11.016 [restartedMain] INFO  o.s.c.s.PostProcessorRegistrationDelegate$BeanPostProcessorChecker - Bean 'statFilter' of type [com.alibaba.druid.filter.stat.StatFilter] is not eligible for getting processed by all BeanPostProcessors (for example: not eligible for auto-proxying)
2019-03-15 15:59:11.278 [restartedMain] INFO  o.s.c.s.PostProcessorRegistrationDelegate$BeanPostProcessorChecker - Bean 'firstDataSource' of type [com.alibaba.druid.spring.boot.autoconfigure.DruidDataSourceWrapper] is not eligible for getting processed by all BeanPostProcessors (for example: not eligible for auto-proxying)
2019-03-15 15:59:11.491 [restartedMain] INFO  o.s.c.s.PostProcessorRegistrationDelegate$BeanPostProcessorChecker - Bean 'secondDataSource' of type [com.alibaba.druid.spring.boot.autoconfigure.DruidDataSourceWrapper] is not eligible for getting processed by all BeanPostProcessors (for example: not eligible for auto-proxying)
2019-03-15 15:59:11.500 [restartedMain] INFO  o.s.c.s.PostProcessorRegistrationDelegate$BeanPostProcessorChecker - Bean 'dataSource' of type [com.hp.datasources.DynamicDataSource] is not eligible for getting processed by all BeanPostProcessors (for example: not eligible for auto-proxying)
2019-03-15 15:59:14.326 [restartedMain] INFO  com.alibaba.druid.pool.DruidDataSource - {dataSource-1} inited
2019-03-15 15:59:15.025 [restartedMain] INFO  o.s.c.s.PostProcessorRegistrationDelegate$BeanPostProcessorChecker - Bean 'sqlSessionFactory' of type [org.apache.ibatis.session.defaults.DefaultSqlSessionFactory] is not eligible for getting processed by all BeanPostProcessors (for example: not eligible for auto-proxying)
2019-03-15 15:59:15.034 [restartedMain] INFO  o.s.c.s.PostProcessorRegistrationDelegate$BeanPostProcessorChecker - Bean 'sqlSessionTemplate' of type [org.mybatis.spring.SqlSessionTemplate] is not eligible for getting processed by all BeanPostProcessors (for example: not eligible for auto-proxying)
2019-03-15 15:59:15.035 [restartedMain] INFO  o.s.c.s.PostProcessorRegistrationDelegate$BeanPostProcessorChecker - Bean 'sysMenuDao' of type [org.mybatis.spring.mapper.MapperFactoryBean] is not eligible for getting processed by all BeanPostProcessors (for example: not eligible for auto-proxying)
2019-03-15 15:59:15.040 [restartedMain] INFO  o.s.c.s.PostProcessorRegistrationDelegate$BeanPostProcessorChecker - Bean 'sysMenuDao' of type [com.sun.proxy.$Proxy77] is not eligible for getting processed by all BeanPostProcessors (for example: not eligible for auto-proxying)
2019-03-15 15:59:15.045 [restartedMain] INFO  o.s.c.s.PostProcessorRegistrationDelegate$BeanPostProcessorChecker - Bean 'sysUserDao' of type [org.mybatis.spring.mapper.MapperFactoryBean] is not eligible for getting processed by all BeanPostProcessors (for example: not eligible for auto-proxying)
2019-03-15 15:59:15.047 [restartedMain] INFO  o.s.c.s.PostProcessorRegistrationDelegate$BeanPostProcessorChecker - Bean 'sysUserDao' of type [com.sun.proxy.$Proxy78] is not eligible for getting processed by all BeanPostProcessors (for example: not eligible for auto-proxying)
2019-03-15 15:59:15.051 [restartedMain] INFO  o.s.c.s.PostProcessorRegistrationDelegate$BeanPostProcessorChecker - Bean 'sysUserTokenDao' of type [org.mybatis.spring.mapper.MapperFactoryBean] is not eligible for getting processed by all BeanPostProcessors (for example: not eligible for auto-proxying)
2019-03-15 15:59:15.053 [restartedMain] INFO  o.s.c.s.PostProcessorRegistrationDelegate$BeanPostProcessorChecker - Bean 'sysUserTokenDao' of type [com.sun.proxy.$Proxy79] is not eligible for getting processed by all BeanPostProcessors (for example: not eligible for auto-proxying)
2019-03-15 15:59:15.054 [restartedMain] INFO  o.s.c.s.PostProcessorRegistrationDelegate$BeanPostProcessorChecker - Bean 'shiroServiceImpl' of type [com.hp.modules.sys.service.impl.ShiroServiceImpl] is not eligible for getting processed by all BeanPostProcessors (for example: not eligible for auto-proxying)
2019-03-15 15:59:15.054 [restartedMain] INFO  o.s.c.s.PostProcessorRegistrationDelegate$BeanPostProcessorChecker - Bean 'OAuth2Realm' of type [com.hp.modules.sys.oauth2.OAuth2Realm] is not eligible for getting processed by all BeanPostProcessors (for example: not eligible for auto-proxying)
2019-03-15 15:59:15.076 [restartedMain] INFO  o.s.c.s.PostProcessorRegistrationDelegate$BeanPostProcessorChecker - Bean 'sessionManager' of type [org.apache.shiro.web.session.mgt.DefaultWebSessionManager] is not eligible for getting processed by all BeanPostProcessors (for example: not eligible for auto-proxying)
2019-03-15 15:59:15.115 [restartedMain] INFO  o.s.c.s.PostProcessorRegistrationDelegate$BeanPostProcessorChecker - Bean 'securityManager' of type [org.apache.shiro.web.mgt.DefaultWebSecurityManager] is not eligible for getting processed by all BeanPostProcessors (for example: not eligible for auto-proxying)
2019-03-15 15:59:15.178 [restartedMain] INFO  o.s.c.s.PostProcessorRegistrationDelegate$BeanPostProcessorChecker - Bean 'authorizationAttributeSourceAdvisor' of type [org.apache.shiro.spring.security.interceptor.AuthorizationAttributeSourceAdvisor] is not eligible for getting processed by all BeanPostProcessors (for example: not eligible for auto-proxying)
2019-03-15 15:59:15.255 [restartedMain] INFO  o.s.c.s.PostProcessorRegistrationDelegate$BeanPostProcessorChecker - Bean 'org.springframework.transaction.annotation.ProxyTransactionManagementConfiguration' of type [org.springframework.transaction.annotation.ProxyTransactionManagementConfiguration$$EnhancerBySpringCGLIB$$8aaa7c16] is not eligible for getting processed by all BeanPostProcessors (for example: not eligible for auto-proxying)
2019-03-15 15:59:16.042 [restartedMain] INFO  o.s.b.c.e.tomcat.TomcatEmbeddedServletContainer - Tomcat initialized with port(s): 5000 (http)
2019-03-15 15:59:16.054 [restartedMain] INFO  org.apache.catalina.core.StandardService - Starting service [Tomcat]
2019-03-15 15:59:16.055 [restartedMain] INFO  org.apache.catalina.core.StandardEngine - Starting Servlet Engine: Apache Tomcat/8.5.15
2019-03-15 15:59:16.158 [localhost-startStop-1] INFO  o.a.c.c.C.[Tomcat].[localhost].[/hpwxpc] - Initializing Spring embedded WebApplicationContext
2019-03-15 15:59:16.158 [localhost-startStop-1] INFO  org.springframework.web.context.ContextLoader - Root WebApplicationContext: initialization completed in 7950 ms
2019-03-15 15:59:16.642 [localhost-startStop-1] INFO  o.s.boot.web.servlet.FilterRegistrationBean - Mapping filter: 'characterEncodingFilter' to: [/*]
2019-03-15 15:59:16.643 [localhost-startStop-1] INFO  o.s.boot.web.servlet.FilterRegistrationBean - Mapping filter: 'hiddenHttpMethodFilter' to: [/*]
2019-03-15 15:59:16.643 [localhost-startStop-1] INFO  o.s.boot.web.servlet.FilterRegistrationBean - Mapping filter: 'httpPutFormContentFilter' to: [/*]
2019-03-15 15:59:16.643 [localhost-startStop-1] INFO  o.s.boot.web.servlet.FilterRegistrationBean - Mapping filter: 'requestContextFilter' to: [/*]
2019-03-15 15:59:16.644 [localhost-startStop-1] INFO  o.s.boot.web.servlet.FilterRegistrationBean - Mapping filter: 'delegatingFilterProxy' to urls: [/*]
2019-03-15 15:59:16.644 [localhost-startStop-1] INFO  o.s.boot.web.servlet.FilterRegistrationBean - Mapping filter: 'xssFilter' to urls: [/*]
2019-03-15 15:59:16.644 [localhost-startStop-1] INFO  o.s.boot.web.servlet.FilterRegistrationBean - Mapping filter: 'webStatFilter' to urls: [/*]
2019-03-15 15:59:16.644 [localhost-startStop-1] INFO  o.s.boot.web.servlet.FilterRegistrationBean - Mapping filter: 'shiroFilter' to: [/*]
2019-03-15 15:59:16.644 [localhost-startStop-1] INFO  o.s.boot.web.servlet.ServletRegistrationBean - Mapping servlet: 'dispatcherServlet' to [/]
2019-03-15 15:59:16.646 [localhost-startStop-1] INFO  o.s.boot.web.servlet.ServletRegistrationBean - Mapping servlet: 'statViewServlet' to [/druid/*]
2019-03-15 15:59:19.015 [restartedMain] INFO  org.springframework.aop.framework.CglibAopProxy - Method [java.util.List springfox.documentation.schema.property.OptimizedModelPropertiesProvider.candidateProperties(com.fasterxml.classmate.ResolvedType,com.fasterxml.jackson.databind.introspect.AnnotatedMember,com.fasterxml.jackson.databind.introspect.BeanPropertyDefinition,springfox.documentation.spi.schema.contexts.ModelContext)] is package-visible across different ClassLoaders and cannot get proxied via CGLIB: Declare this method as public or protected if you need to support invocations through the proxy.
2019-03-15 15:59:19.409 [restartedMain] INFO  o.s.w.s.m.m.a.RequestMappingHandlerMapping - Mapped "{[/getport]}" onto public java.lang.String com.hp.check.CheckHeathController.getPort()
2019-03-15 15:59:19.410 [restartedMain] INFO  o.s.w.s.m.m.a.RequestMappingHandlerMapping - Mapped "{[/health_check]}" onto public java.lang.String com.hp.check.CheckHeathController.healthcheck()
2019-03-15 15:59:19.414 [restartedMain] INFO  o.s.w.s.m.m.a.RequestMappingHandlerMapping - Mapped "{[/app/login],methods=[POST]}" onto public com.hp.common.utils.R com.hp.modules.app.controller.AppLoginController.login(com.hp.modules.app.form.LoginForm)
2019-03-15 15:59:19.415 [restartedMain] INFO  o.s.w.s.m.m.a.RequestMappingHandlerMapping - Mapped "{[/app/register],methods=[POST]}" onto public com.hp.common.utils.R com.hp.modules.app.controller.AppRegisterController.register(com.hp.modules.app.form.RegisterForm)
2019-03-15 15:59:19.417 [restartedMain] INFO  o.s.w.s.m.m.a.RequestMappingHandlerMapping - Mapped "{[/app/userId],methods=[GET]}" onto public com.hp.common.utils.R com.hp.modules.app.controller.AppTestController.userInfo(java.lang.Integer)
2019-03-15 15:59:19.418 [restartedMain] INFO  o.s.w.s.m.m.a.RequestMappingHandlerMapping - Mapped "{[/app/userInfo],methods=[GET]}" onto public com.hp.common.utils.R com.hp.modules.app.controller.AppTestController.userInfo(com.hp.modules.app.entity.UserEntity)
2019-03-15 15:59:19.418 [restartedMain] INFO  o.s.w.s.m.m.a.RequestMappingHandlerMapping - Mapped "{[/app/notToken],methods=[GET]}" onto public com.hp.common.utils.R com.hp.modules.app.controller.AppTestController.notToken()
2019-03-15 15:59:19.420 [restartedMain] INFO  o.s.w.s.m.m.a.RequestMappingHandlerMapping - Mapped "{[/sys/oss/delete],methods=[POST]}" onto public com.hp.common.utils.R com.hp.modules.oss.controller.SysOssController.delete(java.lang.Long[])
2019-03-15 15:59:19.420 [restartedMain] INFO  o.s.w.s.m.m.a.RequestMappingHandlerMapping - Mapped "{[/sys/oss/list],methods=[GET]}" onto public com.hp.common.utils.R com.hp.modules.oss.controller.SysOssController.list(java.util.Map<java.lang.String, java.lang.Object>)
2019-03-15 15:59:19.421 [restartedMain] INFO  o.s.w.s.m.m.a.RequestMappingHandlerMapping - Mapped "{[/sys/oss/config],methods=[GET]}" onto public com.hp.common.utils.R com.hp.modules.oss.controller.SysOssController.config()
2019-03-15 15:59:19.421 [restartedMain] INFO  o.s.w.s.m.m.a.RequestMappingHandlerMapping - Mapped "{[/sys/oss/saveConfig],methods=[POST]}" onto public com.hp.common.utils.R com.hp.modules.oss.controller.SysOssController.saveConfig(com.hp.modules.oss.cloud.CloudStorageConfig)
2019-03-15 15:59:19.421 [restartedMain] INFO  o.s.w.s.m.m.a.RequestMappingHandlerMapping - Mapped "{[/sys/oss/upload],methods=[POST]}" onto public com.hp.common.utils.R com.hp.modules.oss.controller.SysOssController.upload(org.springframework.web.multipart.MultipartFile) throws java.lang.Exception
2019-03-15 15:59:19.423 [restartedMain] INFO  o.s.w.s.m.m.a.RequestMappingHandlerMapping - Mapped "{[/sys/config/update],methods=[POST]}" onto public com.hp.common.utils.R com.hp.modules.sys.controller.SysConfigController.update(com.hp.modules.sys.entity.SysConfigEntity)
2019-03-15 15:59:19.424 [restartedMain] INFO  o.s.w.s.m.m.a.RequestMappingHandlerMapping - Mapped "{[/sys/config/delete],methods=[POST]}" onto public com.hp.common.utils.R com.hp.modules.sys.controller.SysConfigController.delete(java.lang.Long[])
2019-03-15 15:59:19.424 [restartedMain] INFO  o.s.w.s.m.m.a.RequestMappingHandlerMapping - Mapped "{[/sys/config/list],methods=[GET]}" onto public com.hp.common.utils.R com.hp.modules.sys.controller.SysConfigController.list(java.util.Map<java.lang.String, java.lang.Object>)
2019-03-15 15:59:19.424 [restartedMain] INFO  o.s.w.s.m.m.a.RequestMappingHandlerMapping - Mapped "{[/sys/config/save],methods=[POST]}" onto public com.hp.common.utils.R com.hp.modules.sys.controller.SysConfigController.save(com.hp.modules.sys.entity.SysConfigEntity)
2019-03-15 15:59:19.425 [restartedMain] INFO  o.s.w.s.m.m.a.RequestMappingHandlerMapping - Mapped "{[/sys/config/info/{id}],methods=[GET]}" onto public com.hp.common.utils.R com.hp.modules.sys.controller.SysConfigController.info(java.lang.Long)
2019-03-15 15:59:19.426 [restartedMain] INFO  o.s.w.s.m.m.a.RequestMappingHandlerMapping - Mapped "{[/sys/log/list],methods=[GET]}" onto public com.hp.common.utils.R com.hp.modules.sys.controller.SysLogController.list(java.util.Map<java.lang.String, java.lang.Object>)
2019-03-15 15:59:19.427 [restartedMain] INFO  o.s.w.s.m.m.a.RequestMappingHandlerMapping - Mapped "{[/sys/login],methods=[POST]}" onto public java.util.Map<java.lang.String, java.lang.Object> com.hp.modules.sys.controller.SysLoginController.login(com.hp.modules.sys.form.SysLoginForm) throws java.io.IOException
2019-03-15 15:59:19.428 [restartedMain] INFO  o.s.w.s.m.m.a.RequestMappingHandlerMapping - Mapped "{[/sys/logout],methods=[POST]}" onto public com.hp.common.utils.R com.hp.modules.sys.controller.SysLoginController.logout()
2019-03-15 15:59:19.428 [restartedMain] INFO  o.s.w.s.m.m.a.RequestMappingHandlerMapping - Mapped "{[/captcha.jpg],methods=[GET]}" onto public void com.hp.modules.sys.controller.SysLoginController.captcha(javax.servlet.http.HttpServletResponse,java.lang.String) throws javax.servlet.ServletException,java.io.IOException
2019-03-15 15:59:19.431 [restartedMain] INFO  o.s.w.s.m.m.a.RequestMappingHandlerMapping - Mapped "{[/sys/menu/update],methods=[POST]}" onto public com.hp.common.utils.R com.hp.modules.sys.controller.SysMenuController.update(com.hp.modules.sys.entity.SysMenuEntity)
2019-03-15 15:59:19.431 [restartedMain] INFO  o.s.w.s.m.m.a.RequestMappingHandlerMapping - Mapped "{[/sys/menu/delete/{menuId}],methods=[POST]}" onto public com.hp.common.utils.R com.hp.modules.sys.controller.SysMenuController.delete(long)
2019-03-15 15:59:19.432 [restartedMain] INFO  o.s.w.s.m.m.a.RequestMappingHandlerMapping - Mapped "{[/sys/menu/list],methods=[GET]}" onto public java.util.List<com.hp.modules.sys.entity.SysMenuEntity> com.hp.modules.sys.controller.SysMenuController.list()
2019-03-15 15:59:19.432 [restartedMain] INFO  o.s.w.s.m.m.a.RequestMappingHandlerMapping - Mapped "{[/sys/menu/save],methods=[POST]}" onto public com.hp.common.utils.R com.hp.modules.sys.controller.SysMenuController.save(com.hp.modules.sys.entity.SysMenuEntity)
2019-03-15 15:59:19.433 [restartedMain] INFO  o.s.w.s.m.m.a.RequestMappingHandlerMapping - Mapped "{[/sys/menu/info/{menuId}],methods=[GET]}" onto public com.hp.common.utils.R com.hp.modules.sys.controller.SysMenuController.info(java.lang.Long)
2019-03-15 15:59:19.433 [restartedMain] INFO  o.s.w.s.m.m.a.RequestMappingHandlerMapping - Mapped "{[/sys/menu/nav],methods=[GET]}" onto public com.hp.common.utils.R com.hp.modules.sys.controller.SysMenuController.nav()
2019-03-15 15:59:19.433 [restartedMain] INFO  o.s.w.s.m.m.a.RequestMappingHandlerMapping - Mapped "{[/sys/menu/select],methods=[GET]}" onto public com.hp.common.utils.R com.hp.modules.sys.controller.SysMenuController.select()
2019-03-15 15:59:19.439 [restartedMain] INFO  o.s.w.s.m.m.a.RequestMappingHandlerMapping - Mapped "{[/sys/role/update],methods=[POST]}" onto public com.hp.common.utils.R com.hp.modules.sys.controller.SysRoleController.update(com.hp.modules.sys.entity.SysRoleEntity)
2019-03-15 15:59:19.439 [restartedMain] INFO  o.s.w.s.m.m.a.RequestMappingHandlerMapping - Mapped "{[/sys/role/delete],methods=[POST]}" onto public com.hp.common.utils.R com.hp.modules.sys.controller.SysRoleController.delete(java.lang.Long[])
2019-03-15 15:59:19.439 [restartedMain] INFO  o.s.w.s.m.m.a.RequestMappingHandlerMapping - Mapped "{[/sys/role/list],methods=[GET]}" onto public com.hp.common.utils.R com.hp.modules.sys.controller.SysRoleController.list(java.util.Map<java.lang.String, java.lang.Object>)
2019-03-15 15:59:19.439 [restartedMain] INFO  o.s.w.s.m.m.a.RequestMappingHandlerMapping - Mapped "{[/sys/role/save],methods=[POST]}" onto public com.hp.common.utils.R com.hp.modules.sys.controller.SysRoleController.save(com.hp.modules.sys.entity.SysRoleEntity)
2019-03-15 15:59:19.440 [restartedMain] INFO  o.s.w.s.m.m.a.RequestMappingHandlerMapping - Mapped "{[/sys/role/info/{roleId}],methods=[GET]}" onto public com.hp.common.utils.R com.hp.modules.sys.controller.SysRoleController.info(java.lang.Long)
2019-03-15 15:59:19.440 [restartedMain] INFO  o.s.w.s.m.m.a.RequestMappingHandlerMapping - Mapped "{[/sys/role/select],methods=[GET]}" onto public com.hp.common.utils.R com.hp.modules.sys.controller.SysRoleController.select()
2019-03-15 15:59:19.442 [restartedMain] INFO  o.s.w.s.m.m.a.RequestMappingHandlerMapping - Mapped "{[/sys/user/update],methods=[POST]}" onto public com.hp.common.utils.R com.hp.modules.sys.controller.SysUserController.update(com.hp.modules.sys.entity.SysUserEntity)
2019-03-15 15:59:19.443 [restartedMain] INFO  o.s.w.s.m.m.a.RequestMappingHandlerMapping - Mapped "{[/sys/user/delete],methods=[POST]}" onto public com.hp.common.utils.R com.hp.modules.sys.controller.SysUserController.delete(java.lang.Long[])
2019-03-15 15:59:19.443 [restartedMain] INFO  o.s.w.s.m.m.a.RequestMappingHandlerMapping - Mapped "{[/sys/user/list],methods=[GET]}" onto public com.hp.common.utils.R com.hp.modules.sys.controller.SysUserController.list(java.util.Map<java.lang.String, java.lang.Object>)
2019-03-15 15:59:19.443 [restartedMain] INFO  o.s.w.s.m.m.a.RequestMappingHandlerMapping - Mapped "{[/sys/user/save],methods=[POST]}" onto public com.hp.common.utils.R com.hp.modules.sys.controller.SysUserController.save(com.hp.modules.sys.entity.SysUserEntity)
2019-03-15 15:59:19.444 [restartedMain] INFO  o.s.w.s.m.m.a.RequestMappingHandlerMapping - Mapped "{[/sys/user/info/{userId}],methods=[GET]}" onto public com.hp.common.utils.R com.hp.modules.sys.controller.SysUserController.info(java.lang.Long)
2019-03-15 15:59:19.444 [restartedMain] INFO  o.s.w.s.m.m.a.RequestMappingHandlerMapping - Mapped "{[/sys/user/info],methods=[GET]}" onto public com.hp.common.utils.R com.hp.modules.sys.controller.SysUserController.info()
2019-03-15 15:59:19.444 [restartedMain] INFO  o.s.w.s.m.m.a.RequestMappingHandlerMapping - Mapped "{[/sys/user/password],methods=[POST]}" onto public com.hp.common.utils.R com.hp.modules.sys.controller.SysUserController.password(com.hp.modules.sys.form.PasswordForm)
2019-03-15 15:59:19.447 [restartedMain] INFO  o.s.w.s.m.m.a.RequestMappingHandlerMapping - Mapped "{[/sys/questionnaire/add],methods=[POST]}" onto public com.hp.common.utils.R com.hp.modules.sys.controller.TQuestionnaireController.add(com.hp.modules.sys.entity.TQuestionnaire)
2019-03-15 15:59:19.447 [restartedMain] INFO  o.s.w.s.m.m.a.RequestMappingHandlerMapping - Mapped "{[/sys/questionnaire/update],methods=[GET]}" onto public com.hp.common.utils.R com.hp.modules.sys.controller.TQuestionnaireController.update(com.hp.modules.sys.entity.TQuestionnaire)
2019-03-15 15:59:19.448 [restartedMain] INFO  o.s.w.s.m.m.a.RequestMappingHandlerMapping - Mapped "{[/sys/questionnaire/delete],methods=[POST]}" onto public com.hp.common.utils.R com.hp.modules.sys.controller.TQuestionnaireController.delete(java.lang.Long[])
2019-03-15 15:59:19.448 [restartedMain] INFO  o.s.w.s.m.m.a.RequestMappingHandlerMapping - Mapped "{[/sys/questionnaire/list],methods=[GET]}" onto public com.hp.common.utils.R com.hp.modules.sys.controller.TQuestionnaireController.list(java.util.Map<java.lang.String, java.lang.Object>)
2019-03-15 15:59:19.448 [restartedMain] INFO  o.s.w.s.m.m.a.RequestMappingHandlerMapping - Mapped "{[/sys/questionnaire/info/{questionnaireId}],methods=[GET]}" onto public com.hp.common.utils.R com.hp.modules.sys.controller.TQuestionnaireController.info(java.lang.Long)
2019-03-15 15:59:19.448 [restartedMain] INFO  o.s.w.s.m.m.a.RequestMappingHandlerMapping - Mapped "{[/sys/questionnaire/upload],methods=[POST]}" onto public com.hp.common.utils.R com.hp.modules.sys.controller.TQuestionnaireController.upload(org.springframework.web.multipart.MultipartFile)
2019-03-15 15:59:19.449 [restartedMain] INFO  o.s.w.s.m.m.a.RequestMappingHandlerMapping - Mapped "{[/sys/questionnaire/subjects/{questionnaireId}],methods=[GET]}" onto public com.hp.common.utils.R com.hp.modules.sys.controller.TQuestionnaireController.subjects(java.lang.Long)
2019-03-15 15:59:19.449 [restartedMain] INFO  o.s.w.s.m.m.a.RequestMappingHandlerMapping - Mapped "{[/sys/questionnaire/statistics],methods=[GET]}" onto public com.hp.common.utils.R com.hp.modules.sys.controller.TQuestionnaireController.statistics(java.util.Map<java.lang.String, java.lang.Object>)
2019-03-15 15:59:19.449 [restartedMain] INFO  o.s.w.s.m.m.a.RequestMappingHandlerMapping - Mapped "{[/sys/questionnaire/answers/{questionnaireId}],methods=[GET]}" onto public com.hp.common.utils.R com.hp.modules.sys.controller.TQuestionnaireController.subjectsAndAnswers(java.lang.Long)
2019-03-15 15:59:19.450 [restartedMain] INFO  o.s.w.s.m.m.a.RequestMappingHandlerMapping - Mapped "{[/sys/questionnaire/statisticsOnSubject],methods=[POST]}" onto public com.hp.common.utils.R com.hp.modules.sys.controller.TQuestionnaireController.statisticsOnSubject(java.util.Map<java.lang.String, java.lang.Object>)
2019-03-15 15:59:19.450 [restartedMain] INFO  o.s.w.s.m.m.a.RequestMappingHandlerMapping - Mapped "{[/sys/questionnaire/statisticsOnResult],methods=[POST]}" onto public com.hp.common.utils.R com.hp.modules.sys.controller.TQuestionnaireController.statisticsOnResult(java.util.Map<java.lang.String, java.lang.Object>)
2019-03-15 15:59:19.451 [restartedMain] INFO  o.s.w.s.m.m.a.RequestMappingHandlerMapping - Mapped "{[/sys/subject/add],methods=[GET]}" onto public com.hp.common.utils.R com.hp.modules.sys.controller.TSubjectController.add(java.util.List<com.hp.modules.sys.entity.TSubject>)
2019-03-15 15:59:19.452 [restartedMain] INFO  o.s.w.s.m.m.a.RequestMappingHandlerMapping - Mapped "{[/sys/subject/update],methods=[GET]}" onto public com.hp.common.utils.R com.hp.modules.sys.controller.TSubjectController.update(com.hp.modules.sys.entity.TSubject)
2019-03-15 15:59:19.452 [restartedMain] INFO  o.s.w.s.m.m.a.RequestMappingHandlerMapping - Mapped "{[/sys/subject/delete],methods=[POST]}" onto public com.hp.common.utils.R com.hp.modules.sys.controller.TSubjectController.delete(java.lang.Long[])
2019-03-15 15:59:19.452 [restartedMain] INFO  o.s.w.s.m.m.a.RequestMappingHandlerMapping - Mapped "{[/sys/subject/list],methods=[GET]}" onto public com.hp.common.utils.R com.hp.modules.sys.controller.TSubjectController.list(java.util.Map<java.lang.String, java.lang.Object>)
2019-03-15 15:59:19.452 [restartedMain] INFO  o.s.w.s.m.m.a.RequestMappingHandlerMapping - Mapped "{[/sys/subject/addAnswers],methods=[GET]}" onto public com.hp.common.utils.R com.hp.modules.sys.controller.TSubjectController.addSubject(com.hp.modules.sys.entity.TSurveyAnswers)
2019-03-15 15:59:19.453 [restartedMain] INFO  o.s.w.s.m.m.a.RequestMappingHandlerMapping - Mapped "{[/v2/api-docs],methods=[GET]}" onto public org.springframework.http.ResponseEntity<springfox.documentation.spring.web.json.Json> springfox.documentation.swagger2.web.Swagger2Controller.getDocumentation(java.lang.String)
2019-03-15 15:59:19.455 [restartedMain] INFO  o.s.w.s.m.m.a.RequestMappingHandlerMapping - Mapped "{[/configuration/ui]}" onto org.springframework.http.ResponseEntity<springfox.documentation.swagger.web.UiConfiguration> springfox.documentation.swagger.web.ApiResourceController.uiConfiguration()
2019-03-15 15:59:19.456 [restartedMain] INFO  o.s.w.s.m.m.a.RequestMappingHandlerMapping - Mapped "{[/swagger-resources]}" onto org.springframework.http.ResponseEntity<java.util.List<springfox.documentation.swagger.web.SwaggerResource>> springfox.documentation.swagger.web.ApiResourceController.swaggerResources()
2019-03-15 15:59:19.457 [restartedMain] INFO  o.s.w.s.m.m.a.RequestMappingHandlerMapping - Mapped "{[/configuration/security]}" onto org.springframework.http.ResponseEntity<springfox.documentation.swagger.web.SecurityConfiguration> springfox.documentation.swagger.web.ApiResourceController.securityConfiguration()
2019-03-15 15:59:19.458 [restartedMain] INFO  o.s.w.s.m.m.a.RequestMappingHandlerMapping - Mapped "{[/error]}" onto public org.springframework.http.ResponseEntity<java.util.Map<java.lang.String, java.lang.Object>> org.springframework.boot.autoconfigure.web.BasicErrorController.error(javax.servlet.http.HttpServletRequest)
2019-03-15 15:59:19.458 [restartedMain] INFO  o.s.w.s.m.m.a.RequestMappingHandlerMapping - Mapped "{[/error],produces=[text/html]}" onto public org.springframework.web.servlet.ModelAndView org.springframework.boot.autoconfigure.web.BasicErrorController.errorHtml(javax.servlet.http.HttpServletRequest,javax.servlet.http.HttpServletResponse)
2019-03-15 15:59:20.696 [restartedMain] INFO  o.s.w.s.m.m.a.RequestMappingHandlerAdapter - Looking for @ControllerAdvice: org.springframework.boot.context.embedded.AnnotationConfigEmbeddedWebApplicationContext@6ab5aac6: startup date [Fri Mar 15 15:59:08 CST 2019]; root of context hierarchy
2019-03-15 15:59:20.899 [restartedMain] INFO  o.s.web.servlet.handler.SimpleUrlHandlerMapping - Mapped URL path [/swagger-ui.html] onto handler of type [class org.springframework.web.servlet.resource.ResourceHttpRequestHandler]
2019-03-15 15:59:20.900 [restartedMain] INFO  o.s.web.servlet.handler.SimpleUrlHandlerMapping - Mapped URL path [/webjars/**] onto handler of type [class org.springframework.web.servlet.resource.ResourceHttpRequestHandler]
2019-03-15 15:59:20.900 [restartedMain] INFO  o.s.web.servlet.handler.SimpleUrlHandlerMapping - Mapped URL path [/**] onto handler of type [class org.springframework.web.servlet.resource.ResourceHttpRequestHandler]
2019-03-15 15:59:20.943 [restartedMain] INFO  o.s.w.s.m.m.a.ExceptionHandlerExceptionResolver - Detected @ExceptionHandler methods in RRExceptionHandler
2019-03-15 15:59:21.002 [restartedMain] INFO  o.s.web.servlet.handler.SimpleUrlHandlerMapping - Mapped URL path [/**/favicon.ico] onto handler of type [class org.springframework.web.servlet.resource.ResourceHttpRequestHandler]
2019-03-15 15:59:21.701 [restartedMain] INFO  o.s.ui.freemarker.SpringTemplateLoader - SpringTemplateLoader for FreeMarker: using resource loader [org.springframework.boot.context.embedded.AnnotationConfigEmbeddedWebApplicationContext@6ab5aac6: startup date [Fri Mar 15 15:59:08 CST 2019]; root of context hierarchy] and template loader path [classpath:/templates/]
2019-03-15 15:59:21.702 [restartedMain] INFO  o.s.w.servlet.view.freemarker.FreeMarkerConfigurer - ClassTemplateLoader for Spring macros added to FreeMarker configuration
2019-03-15 15:59:22.646 [restartedMain] INFO  o.s.b.d.autoconfigure.OptionalLiveReloadServer - LiveReload server is running on port 35729
2019-03-15 15:59:22.767 [restartedMain] INFO  o.s.jmx.export.annotation.AnnotationMBeanExporter - Registering beans for JMX exposure on startup
2019-03-15 15:59:22.769 [restartedMain] INFO  o.s.jmx.export.annotation.AnnotationMBeanExporter - Bean with name 'firstDataSource' has been autodetected for JMX exposure
2019-03-15 15:59:22.769 [restartedMain] INFO  o.s.jmx.export.annotation.AnnotationMBeanExporter - Bean with name 'secondDataSource' has been autodetected for JMX exposure
2019-03-15 15:59:22.770 [restartedMain] INFO  o.s.jmx.export.annotation.AnnotationMBeanExporter - Bean with name 'statFilter' has been autodetected for JMX exposure
2019-03-15 15:59:22.778 [restartedMain] INFO  o.s.jmx.export.annotation.AnnotationMBeanExporter - Located MBean 'firstDataSource': registering with JMX server as MBean [com.alibaba.druid.spring.boot.autoconfigure:name=firstDataSource,type=DruidDataSourceWrapper]
2019-03-15 15:59:22.780 [restartedMain] INFO  o.s.jmx.export.annotation.AnnotationMBeanExporter - Located MBean 'secondDataSource': registering with JMX server as MBean [com.alibaba.druid.spring.boot.autoconfigure:name=secondDataSource,type=DruidDataSourceWrapper]
2019-03-15 15:59:22.782 [restartedMain] INFO  o.s.jmx.export.annotation.AnnotationMBeanExporter - Located MBean 'statFilter': registering with JMX server as MBean [com.alibaba.druid.filter.stat:name=statFilter,type=StatFilter]
2019-03-15 15:59:22.793 [restartedMain] INFO  s.d.s.web.plugins.DocumentationPluginsBootstrapper - Context refreshed
2019-03-15 15:59:22.815 [restartedMain] INFO  s.d.s.web.plugins.DocumentationPluginsBootstrapper - Found {0} custom documentation plugin(s)
2019-03-15 15:59:22.824 [restartedMain] INFO  s.d.spring.web.scanners.ApiListingReferenceScanner - Scanning for api listing references
2019-03-15 15:59:22.832 [restartedMain] INFO  s.d.s.web.ClassOrApiAnnotationResourceGrouping - Group for method login was app登录接口
2019-03-15 15:59:22.836 [restartedMain] INFO  s.d.spring.web.scanners.ApiListingReferenceScanner - Request mapping: login belongs to groups: [[ResourceGroup{groupName='app登录接口', position=0, controller=com.hp.modules.app.controller.AppLoginController}]] 
2019-03-15 15:59:22.837 [restartedMain] INFO  s.d.s.web.ClassOrApiAnnotationResourceGrouping - Group for method notToken was app测试接口
2019-03-15 15:59:22.837 [restartedMain] INFO  s.d.spring.web.scanners.ApiListingReferenceScanner - Request mapping: notToken belongs to groups: [[ResourceGroup{groupName='app测试接口', position=0, controller=com.hp.modules.app.controller.AppTestController}]] 
2019-03-15 15:59:22.837 [restartedMain] INFO  s.d.s.web.ClassOrApiAnnotationResourceGrouping - Group for method register was app注册接口
2019-03-15 15:59:22.837 [restartedMain] INFO  s.d.spring.web.scanners.ApiListingReferenceScanner - Request mapping: register belongs to groups: [[ResourceGroup{groupName='app注册接口', position=0, controller=com.hp.modules.app.controller.AppRegisterController}]] 
2019-03-15 15:59:22.838 [restartedMain] INFO  s.d.s.web.ClassOrApiAnnotationResourceGrouping - Group for method userInfo was app测试接口
2019-03-15 15:59:22.838 [restartedMain] INFO  s.d.spring.web.scanners.ApiListingReferenceScanner - Request mapping: userInfo belongs to groups: [[ResourceGroup{groupName='app测试接口', position=0, controller=com.hp.modules.app.controller.AppTestController}]] 
2019-03-15 15:59:22.838 [restartedMain] INFO  s.d.s.web.ClassOrApiAnnotationResourceGrouping - Group for method userInfo was app测试接口
2019-03-15 15:59:22.838 [restartedMain] INFO  s.d.spring.web.scanners.ApiListingReferenceScanner - Request mapping: userInfo belongs to groups: [[ResourceGroup{groupName='app测试接口', position=0, controller=com.hp.modules.app.controller.AppTestController}]] 
2019-03-15 15:59:22.844 [restartedMain] INFO  s.d.spring.web.scanners.ApiListingReferenceScanner - Created resource listing Path: /default/app测试接口 Description: app测试接口 Position: 0
2019-03-15 15:59:22.845 [restartedMain] INFO  s.d.spring.web.scanners.ApiListingReferenceScanner - Created resource listing Path: /default/app登录接口 Description: app登录接口 Position: 0
2019-03-15 15:59:22.845 [restartedMain] INFO  s.d.spring.web.scanners.ApiListingReferenceScanner - Created resource listing Path: /default/app注册接口 Description: app注册接口 Position: 0
2019-03-15 15:59:22.865 [restartedMain] INFO  s.documentation.schema.ModelContextKeyGenerator - Cache Key Generated: com.hp.modules.app.form.RegisterForm(false)
2019-03-15 15:59:22.866 [restartedMain] INFO  s.documentation.spring.web.caching.CachingAspect - Caching aspect applied for cache models with key com.hp.modules.app.form.RegisterForm(false)
2019-03-15 15:59:22.875 [restartedMain] INFO  s.d.schema.property.ModelPropertiesKeyGenerator - Cache key generated: com.hp.modules.app.form.RegisterForm(false)
2019-03-15 15:59:22.875 [restartedMain] INFO  s.documentation.spring.web.caching.CachingAspect - Caching aspect applied for cache modelProperties with key com.hp.modules.app.form.RegisterForm(false)
2019-03-15 15:59:22.914 [restartedMain] INFO  s.documentation.schema.ModelContextKeyGenerator - Cache Key Generated: com.hp.modules.app.form.RegisterForm(false)
2019-03-15 15:59:22.914 [restartedMain] INFO  s.documentation.spring.web.caching.CachingAspect - Caching aspect applied for cache modelDependencies with key com.hp.modules.app.form.RegisterForm(false)
2019-03-15 15:59:22.919 [restartedMain] INFO  s.d.schema.property.ModelPropertiesKeyGenerator - Cache key generated: com.hp.modules.app.form.RegisterForm(false)
2019-03-15 15:59:22.919 [restartedMain] INFO  s.documentation.spring.web.caching.CachingAspect - Caching aspect applied for cache modelProperties with key com.hp.modules.app.form.RegisterForm(false)
2019-03-15 15:59:22.921 [restartedMain] INFO  s.documentation.schema.ModelContextKeyGenerator - Cache Key Generated: com.hp.common.utils.R(true)
2019-03-15 15:59:22.922 [restartedMain] INFO  s.documentation.spring.web.caching.CachingAspect - Caching aspect applied for cache models with key com.hp.common.utils.R(true)
2019-03-15 15:59:22.922 [restartedMain] INFO  s.documentation.schema.ModelContextKeyGenerator - Cache Key Generated: com.hp.common.utils.R(true)
2019-03-15 15:59:22.922 [restartedMain] INFO  s.documentation.spring.web.caching.CachingAspect - Caching aspect applied for cache modelDependencies with key com.hp.common.utils.R(true)
2019-03-15 15:59:22.922 [restartedMain] INFO  s.d.schema.property.ModelPropertiesKeyGenerator - Cache key generated: com.hp.common.utils.R(true)
2019-03-15 15:59:22.922 [restartedMain] INFO  s.documentation.spring.web.caching.CachingAspect - Caching aspect applied for cache modelProperties with key com.hp.common.utils.R(true)
2019-03-15 15:59:22.929 [restartedMain] INFO  s.documentation.spring.web.OperationsKeyGenerator - Cache key generated: /app/register.com.hp.modules.app.controller.AppRegisterController.register.DefaultGenericTypeNamingStrategy
2019-03-15 15:59:22.929 [restartedMain] INFO  s.documentation.spring.web.caching.CachingAspect - Caching aspect applied for cache operations with key /app/register.com.hp.modules.app.controller.AppRegisterController.register.DefaultGenericTypeNamingStrategy
2019-03-15 15:59:22.945 [restartedMain] INFO  s.d.s.web.ClassOrApiAnnotationResourceGrouping - Group for method register was app注册接口
2019-03-15 15:59:22.960 [restartedMain] INFO  s.d.s.web.ClassOrApiAnnotationResourceGrouping - Group for method register was app注册接口
2019-03-15 15:59:22.978 [restartedMain] INFO  s.documentation.schema.ModelContextKeyGenerator - Cache Key Generated: com.hp.common.utils.R(true)
2019-03-15 15:59:22.978 [restartedMain] INFO  s.documentation.spring.web.caching.CachingAspect - Caching aspect applied for cache models with key com.hp.common.utils.R(true)
2019-03-15 15:59:22.978 [restartedMain] INFO  s.documentation.schema.ModelContextKeyGenerator - Cache Key Generated: com.hp.common.utils.R(true)
2019-03-15 15:59:22.978 [restartedMain] INFO  s.documentation.spring.web.caching.CachingAspect - Caching aspect applied for cache modelDependencies with key com.hp.common.utils.R(true)
2019-03-15 15:59:22.979 [restartedMain] INFO  s.documentation.spring.web.OperationsKeyGenerator - Cache key generated: /app/notToken.com.hp.modules.app.controller.AppTestController.notToken.DefaultGenericTypeNamingStrategy
2019-03-15 15:59:22.979 [restartedMain] INFO  s.documentation.spring.web.caching.CachingAspect - Caching aspect applied for cache operations with key /app/notToken.com.hp.modules.app.controller.AppTestController.notToken.DefaultGenericTypeNamingStrategy
2019-03-15 15:59:22.980 [restartedMain] INFO  s.d.s.web.ClassOrApiAnnotationResourceGrouping - Group for method notToken was app测试接口
2019-03-15 15:59:22.982 [restartedMain] INFO  s.d.s.web.ClassOrApiAnnotationResourceGrouping - Group for method notToken was app测试接口
2019-03-15 15:59:22.985 [restartedMain] INFO  s.documentation.schema.ModelContextKeyGenerator - Cache Key Generated: com.hp.common.utils.R(true)
2019-03-15 15:59:22.985 [restartedMain] INFO  s.documentation.spring.web.caching.CachingAspect - Caching aspect applied for cache models with key com.hp.common.utils.R(true)
2019-03-15 15:59:22.985 [restartedMain] INFO  s.documentation.schema.ModelContextKeyGenerator - Cache Key Generated: com.hp.common.utils.R(true)
2019-03-15 15:59:22.985 [restartedMain] INFO  s.documentation.spring.web.caching.CachingAspect - Caching aspect applied for cache modelDependencies with key com.hp.common.utils.R(true)
2019-03-15 15:59:22.985 [restartedMain] INFO  s.documentation.spring.web.OperationsKeyGenerator - Cache key generated: /app/userId.com.hp.modules.app.controller.AppTestController.userInfo.DefaultGenericTypeNamingStrategy
2019-03-15 15:59:22.985 [restartedMain] INFO  s.documentation.spring.web.caching.CachingAspect - Caching aspect applied for cache operations with key /app/userId.com.hp.modules.app.controller.AppTestController.userInfo.DefaultGenericTypeNamingStrategy
2019-03-15 15:59:22.991 [restartedMain] INFO  s.d.s.web.ClassOrApiAnnotationResourceGrouping - Group for method userInfo was app测试接口
2019-03-15 15:59:22.993 [restartedMain] INFO  s.d.s.web.ClassOrApiAnnotationResourceGrouping - Group for method userInfo was app测试接口
2019-03-15 15:59:22.994 [restartedMain] INFO  s.documentation.schema.ModelContextKeyGenerator - Cache Key Generated: com.hp.common.utils.R(true)
2019-03-15 15:59:22.994 [restartedMain] INFO  s.documentation.spring.web.caching.CachingAspect - Caching aspect applied for cache models with key com.hp.common.utils.R(true)
2019-03-15 15:59:22.995 [restartedMain] INFO  s.documentation.schema.ModelContextKeyGenerator - Cache Key Generated: com.hp.common.utils.R(true)
2019-03-15 15:59:22.995 [restartedMain] INFO  s.documentation.spring.web.caching.CachingAspect - Caching aspect applied for cache modelDependencies with key com.hp.common.utils.R(true)
2019-03-15 15:59:22.995 [restartedMain] INFO  s.documentation.spring.web.OperationsKeyGenerator - Cache key generated: /app/userInfo.com.hp.modules.app.controller.AppTestController.userInfo.DefaultGenericTypeNamingStrategy
2019-03-15 15:59:22.995 [restartedMain] INFO  s.documentation.spring.web.caching.CachingAspect - Caching aspect applied for cache operations with key /app/userInfo.com.hp.modules.app.controller.AppTestController.userInfo.DefaultGenericTypeNamingStrategy
2019-03-15 15:59:22.997 [restartedMain] INFO  s.d.s.web.ClassOrApiAnnotationResourceGrouping - Group for method userInfo was app测试接口
2019-03-15 15:59:22.998 [restartedMain] INFO  s.d.s.web.ClassOrApiAnnotationResourceGrouping - Group for method userInfo was app测试接口
2019-03-15 15:59:22.999 [restartedMain] INFO  s.d.s.w.r.operation.CachingOperationNameGenerator - Generating unique operation named: userInfoUsingGET_1
2019-03-15 15:59:23.000 [restartedMain] INFO  s.documentation.schema.ModelContextKeyGenerator - Cache Key Generated: com.hp.modules.app.form.LoginForm(false)
2019-03-15 15:59:23.000 [restartedMain] INFO  s.documentation.spring.web.caching.CachingAspect - Caching aspect applied for cache models with key com.hp.modules.app.form.LoginForm(false)
2019-03-15 15:59:23.000 [restartedMain] INFO  s.d.schema.property.ModelPropertiesKeyGenerator - Cache key generated: com.hp.modules.app.form.LoginForm(false)
2019-03-15 15:59:23.000 [restartedMain] INFO  s.documentation.spring.web.caching.CachingAspect - Caching aspect applied for cache modelProperties with key com.hp.modules.app.form.LoginForm(false)
2019-03-15 15:59:23.002 [restartedMain] INFO  s.documentation.schema.ModelContextKeyGenerator - Cache Key Generated: com.hp.modules.app.form.LoginForm(false)
2019-03-15 15:59:23.003 [restartedMain] INFO  s.documentation.spring.web.caching.CachingAspect - Caching aspect applied for cache modelDependencies with key com.hp.modules.app.form.LoginForm(false)
2019-03-15 15:59:23.003 [restartedMain] INFO  s.d.schema.property.ModelPropertiesKeyGenerator - Cache key generated: com.hp.modules.app.form.LoginForm(false)
2019-03-15 15:59:23.003 [restartedMain] INFO  s.documentation.spring.web.caching.CachingAspect - Caching aspect applied for cache modelProperties with key com.hp.modules.app.form.LoginForm(false)
2019-03-15 15:59:23.003 [restartedMain] INFO  s.documentation.schema.ModelContextKeyGenerator - Cache Key Generated: com.hp.common.utils.R(true)
2019-03-15 15:59:23.003 [restartedMain] INFO  s.documentation.spring.web.caching.CachingAspect - Caching aspect applied for cache models with key com.hp.common.utils.R(true)
2019-03-15 15:59:23.003 [restartedMain] INFO  s.documentation.schema.ModelContextKeyGenerator - Cache Key Generated: com.hp.common.utils.R(true)
2019-03-15 15:59:23.003 [restartedMain] INFO  s.documentation.spring.web.caching.CachingAspect - Caching aspect applied for cache modelDependencies with key com.hp.common.utils.R(true)
2019-03-15 15:59:23.004 [restartedMain] INFO  s.documentation.spring.web.OperationsKeyGenerator - Cache key generated: /app/login.com.hp.modules.app.controller.AppLoginController.login.DefaultGenericTypeNamingStrategy
2019-03-15 15:59:23.004 [restartedMain] INFO  s.documentation.spring.web.caching.CachingAspect - Caching aspect applied for cache operations with key /app/login.com.hp.modules.app.controller.AppLoginController.login.DefaultGenericTypeNamingStrategy
2019-03-15 15:59:23.007 [restartedMain] INFO  s.d.s.web.ClassOrApiAnnotationResourceGrouping - Group for method login was app登录接口
2019-03-15 15:59:23.008 [restartedMain] INFO  s.d.s.web.ClassOrApiAnnotationResourceGrouping - Group for method login was app登录接口
2019-03-15 15:59:23.028 [restartedMain] INFO  org.apache.coyote.http11.Http11NioProtocol - Initializing ProtocolHandler ["http-nio-5000"]
2019-03-15 15:59:23.044 [restartedMain] INFO  org.apache.coyote.http11.Http11NioProtocol - Starting ProtocolHandler ["http-nio-5000"]
2019-03-15 15:59:23.057 [restartedMain] INFO  org.apache.tomcat.util.net.NioSelectorPool - Using a shared selector for servlet write/read
2019-03-15 15:59:23.077 [restartedMain] INFO  o.s.b.c.e.tomcat.TomcatEmbeddedServletContainer - Tomcat started on port(s): 5000 (http)
2019-03-15 15:59:23.085 [restartedMain] INFO  com.hp.PcApplication - Started PcApplication in 15.362 seconds (JVM running for 15.801)
2019-03-15 15:59:23.085 [restartedMain] INFO  com.hp.PcApplication - 微信后台服务已启动......
