2019-03-14 14:58:26.405 [restartedMain] INFO  com.hp.PcApplication - Starting PcApplication on DESKTOP-F1HOJGL with PID 490292 (E:\wx\hpwx\hp-parent\hp-wx-pc\target\classes started by gq in E:\wx\hpwx\hp-parent\hp-wx-pc)
2019-03-14 14:58:26.409 [restartedMain] INFO  com.hp.PcApplication - The following profiles are active: test
2019-03-14 14:58:26.490 [restartedMain] INFO  o.s.b.c.e.AnnotationConfigEmbeddedWebApplicationContext - Refreshing org.springframework.boot.context.embedded.AnnotationConfigEmbeddedWebApplicationContext@381fdd24: startup date [Thu Mar 14 14:58:26 CST 2019]; root of context hierarchy
2019-03-14 14:58:26.875 [background-preinit] INFO  org.hibernate.validator.internal.util.Version - HV000001: Hibernate Validator 5.3.5.Final
2019-03-14 14:58:28.819 [restartedMain] INFO  o.s.d.r.config.RepositoryConfigurationDelegate - Multiple Spring Data modules found, entering strict repository configuration mode!
2019-03-14 14:58:29.311 [restartedMain] INFO  c.u.j.c.EnableEncryptablePropertiesBeanFactoryPostProcessor - Post-processing PropertySource instances
2019-03-14 14:58:29.369 [restartedMain] INFO  c.u.j.c.EnableEncryptablePropertiesBeanFactoryPostProcessor - Converting PropertySource servletConfigInitParams [org.springframework.core.env.PropertySource$StubPropertySource] to EncryptablePropertySourceWrapper
2019-03-14 14:58:29.369 [restartedMain] INFO  c.u.j.c.EnableEncryptablePropertiesBeanFactoryPostProcessor - Converting PropertySource servletContextInitParams [org.springframework.core.env.PropertySource$StubPropertySource] to EncryptablePropertySourceWrapper
2019-03-14 14:58:29.370 [restartedMain] INFO  c.u.j.c.EnableEncryptablePropertiesBeanFactoryPostProcessor - Converting PropertySource systemProperties [org.springframework.core.env.MapPropertySource] to EncryptableMapPropertySourceWrapper
2019-03-14 14:58:29.370 [restartedMain] INFO  c.u.j.c.EnableEncryptablePropertiesBeanFactoryPostProcessor - Converting PropertySource systemEnvironment [org.springframework.core.env.SystemEnvironmentPropertySource] to EncryptableMapPropertySourceWrapper
2019-03-14 14:58:29.370 [restartedMain] INFO  c.u.j.c.EnableEncryptablePropertiesBeanFactoryPostProcessor - Converting PropertySource random [org.springframework.boot.context.config.RandomValuePropertySource] to EncryptablePropertySourceWrapper
2019-03-14 14:58:29.370 [restartedMain] INFO  c.u.j.c.EnableEncryptablePropertiesBeanFactoryPostProcessor - Converting PropertySource applicationConfig: [classpath:/application-test.yml] [org.springframework.core.env.MapPropertySource] to EncryptableMapPropertySourceWrapper
2019-03-14 14:58:29.370 [restartedMain] INFO  c.u.j.c.EnableEncryptablePropertiesBeanFactoryPostProcessor - Converting PropertySource applicationConfig: [classpath:/application.yml] [org.springframework.core.env.MapPropertySource] to EncryptableMapPropertySourceWrapper
2019-03-14 14:58:29.370 [restartedMain] INFO  c.u.j.c.EnableEncryptablePropertiesBeanFactoryPostProcessor - Converting PropertySource refresh [org.springframework.core.env.MapPropertySource] to EncryptableMapPropertySourceWrapper
2019-03-14 14:58:29.412 [restartedMain] INFO  o.s.c.s.PostProcessorRegistrationDelegate$BeanPostProcessorChecker - Bean 'shiroConfig' of type [com.hp.config.ShiroConfig$$EnhancerBySpringCGLIB$$e2c85f7] is not eligible for getting processed by all BeanPostProcessors (for example: not eligible for auto-proxying)
2019-03-14 14:58:29.634 [restartedMain] INFO  c.u.j.resolver.DefaultLazyPropertyResolver - Property Resolver custom Bean not found with name 'encryptablePropertyResolver'. Initializing Default Property Resolver
2019-03-14 14:58:29.637 [restartedMain] INFO  c.u.j.detector.DefaultLazyPropertyDetector - Property Detector custom Bean not found with name 'encryptablePropertyDetector'. Initializing Default Property Detector
2019-03-14 14:58:29.731 [restartedMain] INFO  o.s.c.s.PostProcessorRegistrationDelegate$BeanPostProcessorChecker - Bean 'mybatis-plus-com.baomidou.mybatisplus.spring.boot.starter.MybatisPlusProperties' of type [com.baomidou.mybatisplus.spring.boot.starter.MybatisPlusProperties] is not eligible for getting processed by all BeanPostProcessors (for example: not eligible for auto-proxying)
2019-03-14 14:58:29.737 [restartedMain] INFO  o.s.c.s.PostProcessorRegistrationDelegate$BeanPostProcessorChecker - Bean 'mybatisPlusConfig' of type [com.hp.config.MybatisPlusConfig$$EnhancerBySpringCGLIB$$92add2d3] is not eligible for getting processed by all BeanPostProcessors (for example: not eligible for auto-proxying)
2019-03-14 14:58:29.749 [restartedMain] INFO  o.s.c.s.PostProcessorRegistrationDelegate$BeanPostProcessorChecker - Bean 'paginationInterceptor' of type [com.baomidou.mybatisplus.plugins.PaginationInterceptor] is not eligible for getting processed by all BeanPostProcessors (for example: not eligible for auto-proxying)
2019-03-14 14:58:29.763 [restartedMain] INFO  o.s.c.s.PostProcessorRegistrationDelegate$BeanPostProcessorChecker - Bean 'com.baomidou.mybatisplus.spring.boot.starter.MybatisPlusAutoConfiguration' of type [com.baomidou.mybatisplus.spring.boot.starter.MybatisPlusAutoConfiguration$$EnhancerBySpringCGLIB$$12b18f2f] is not eligible for getting processed by all BeanPostProcessors (for example: not eligible for auto-proxying)
2019-03-14 14:58:29.768 [restartedMain] INFO  o.s.c.s.PostProcessorRegistrationDelegate$BeanPostProcessorChecker - Bean 'dynamicDataSourceConfig' of type [com.hp.datasources.DynamicDataSourceConfig$$EnhancerBySpringCGLIB$$9bca8d24] is not eligible for getting processed by all BeanPostProcessors (for example: not eligible for auto-proxying)
2019-03-14 14:58:29.889 [restartedMain] INFO  o.s.c.s.PostProcessorRegistrationDelegate$BeanPostProcessorChecker - Bean 'spring.datasource-org.springframework.boot.autoconfigure.jdbc.DataSourceProperties' of type [org.springframework.boot.autoconfigure.jdbc.DataSourceProperties] is not eligible for getting processed by all BeanPostProcessors (for example: not eligible for auto-proxying)
2019-03-14 14:58:29.901 [restartedMain] INFO  o.s.c.s.PostProcessorRegistrationDelegate$BeanPostProcessorChecker - Bean 'com.alibaba.druid.spring.boot.autoconfigure.stat.DruidFilterConfiguration' of type [com.alibaba.druid.spring.boot.autoconfigure.stat.DruidFilterConfiguration] is not eligible for getting processed by all BeanPostProcessors (for example: not eligible for auto-proxying)
2019-03-14 14:58:30.191 [restartedMain] INFO  o.s.c.s.PostProcessorRegistrationDelegate$BeanPostProcessorChecker - Bean 'statFilter' of type [com.alibaba.druid.filter.stat.StatFilter] is not eligible for getting processed by all BeanPostProcessors (for example: not eligible for auto-proxying)
2019-03-14 14:58:30.504 [restartedMain] INFO  o.s.c.s.PostProcessorRegistrationDelegate$BeanPostProcessorChecker - Bean 'firstDataSource' of type [com.alibaba.druid.spring.boot.autoconfigure.DruidDataSourceWrapper] is not eligible for getting processed by all BeanPostProcessors (for example: not eligible for auto-proxying)
2019-03-14 14:58:30.741 [restartedMain] INFO  o.s.c.s.PostProcessorRegistrationDelegate$BeanPostProcessorChecker - Bean 'secondDataSource' of type [com.alibaba.druid.spring.boot.autoconfigure.DruidDataSourceWrapper] is not eligible for getting processed by all BeanPostProcessors (for example: not eligible for auto-proxying)
2019-03-14 14:58:30.770 [restartedMain] INFO  o.s.c.s.PostProcessorRegistrationDelegate$BeanPostProcessorChecker - Bean 'dataSource' of type [com.hp.datasources.DynamicDataSource] is not eligible for getting processed by all BeanPostProcessors (for example: not eligible for auto-proxying)
2019-03-14 14:58:33.895 [restartedMain] INFO  com.alibaba.druid.pool.DruidDataSource - {dataSource-1} inited
2019-03-14 14:58:34.887 [restartedMain] INFO  o.s.c.s.PostProcessorRegistrationDelegate$BeanPostProcessorChecker - Bean 'sqlSessionFactory' of type [org.apache.ibatis.session.defaults.DefaultSqlSessionFactory] is not eligible for getting processed by all BeanPostProcessors (for example: not eligible for auto-proxying)
2019-03-14 14:58:34.900 [restartedMain] INFO  o.s.c.s.PostProcessorRegistrationDelegate$BeanPostProcessorChecker - Bean 'sqlSessionTemplate' of type [org.mybatis.spring.SqlSessionTemplate] is not eligible for getting processed by all BeanPostProcessors (for example: not eligible for auto-proxying)
2019-03-14 14:58:34.901 [restartedMain] INFO  o.s.c.s.PostProcessorRegistrationDelegate$BeanPostProcessorChecker - Bean 'sysMenuDao' of type [org.mybatis.spring.mapper.MapperFactoryBean] is not eligible for getting processed by all BeanPostProcessors (for example: not eligible for auto-proxying)
2019-03-14 14:58:34.907 [restartedMain] INFO  o.s.c.s.PostProcessorRegistrationDelegate$BeanPostProcessorChecker - Bean 'sysMenuDao' of type [com.sun.proxy.$Proxy77] is not eligible for getting processed by all BeanPostProcessors (for example: not eligible for auto-proxying)
2019-03-14 14:58:34.913 [restartedMain] INFO  o.s.c.s.PostProcessorRegistrationDelegate$BeanPostProcessorChecker - Bean 'sysUserDao' of type [org.mybatis.spring.mapper.MapperFactoryBean] is not eligible for getting processed by all BeanPostProcessors (for example: not eligible for auto-proxying)
2019-03-14 14:58:34.916 [restartedMain] INFO  o.s.c.s.PostProcessorRegistrationDelegate$BeanPostProcessorChecker - Bean 'sysUserDao' of type [com.sun.proxy.$Proxy78] is not eligible for getting processed by all BeanPostProcessors (for example: not eligible for auto-proxying)
2019-03-14 14:58:34.925 [restartedMain] INFO  o.s.c.s.PostProcessorRegistrationDelegate$BeanPostProcessorChecker - Bean 'sysUserTokenDao' of type [org.mybatis.spring.mapper.MapperFactoryBean] is not eligible for getting processed by all BeanPostProcessors (for example: not eligible for auto-proxying)
2019-03-14 14:58:34.930 [restartedMain] INFO  o.s.c.s.PostProcessorRegistrationDelegate$BeanPostProcessorChecker - Bean 'sysUserTokenDao' of type [com.sun.proxy.$Proxy79] is not eligible for getting processed by all BeanPostProcessors (for example: not eligible for auto-proxying)
2019-03-14 14:58:34.932 [restartedMain] INFO  o.s.c.s.PostProcessorRegistrationDelegate$BeanPostProcessorChecker - Bean 'shiroServiceImpl' of type [com.hp.modules.sys.service.impl.ShiroServiceImpl] is not eligible for getting processed by all BeanPostProcessors (for example: not eligible for auto-proxying)
2019-03-14 14:58:34.933 [restartedMain] INFO  o.s.c.s.PostProcessorRegistrationDelegate$BeanPostProcessorChecker - Bean 'OAuth2Realm' of type [com.hp.modules.sys.oauth2.OAuth2Realm] is not eligible for getting processed by all BeanPostProcessors (for example: not eligible for auto-proxying)
2019-03-14 14:58:34.964 [restartedMain] INFO  o.s.c.s.PostProcessorRegistrationDelegate$BeanPostProcessorChecker - Bean 'sessionManager' of type [org.apache.shiro.web.session.mgt.DefaultWebSessionManager] is not eligible for getting processed by all BeanPostProcessors (for example: not eligible for auto-proxying)
2019-03-14 14:58:35.016 [restartedMain] INFO  o.s.c.s.PostProcessorRegistrationDelegate$BeanPostProcessorChecker - Bean 'securityManager' of type [org.apache.shiro.web.mgt.DefaultWebSecurityManager] is not eligible for getting processed by all BeanPostProcessors (for example: not eligible for auto-proxying)
2019-03-14 14:58:35.083 [restartedMain] INFO  o.s.c.s.PostProcessorRegistrationDelegate$BeanPostProcessorChecker - Bean 'authorizationAttributeSourceAdvisor' of type [org.apache.shiro.spring.security.interceptor.AuthorizationAttributeSourceAdvisor] is not eligible for getting processed by all BeanPostProcessors (for example: not eligible for auto-proxying)
2019-03-14 14:58:35.160 [restartedMain] INFO  o.s.c.s.PostProcessorRegistrationDelegate$BeanPostProcessorChecker - Bean 'org.springframework.transaction.annotation.ProxyTransactionManagementConfiguration' of type [org.springframework.transaction.annotation.ProxyTransactionManagementConfiguration$$EnhancerBySpringCGLIB$$c511f0d2] is not eligible for getting processed by all BeanPostProcessors (for example: not eligible for auto-proxying)
2019-03-14 14:58:36.086 [restartedMain] INFO  o.s.b.c.e.tomcat.TomcatEmbeddedServletContainer - Tomcat initialized with port(s): 5000 (http)
2019-03-14 14:58:36.103 [restartedMain] INFO  org.apache.catalina.core.StandardService - Starting service [Tomcat]
2019-03-14 14:58:36.105 [restartedMain] INFO  org.apache.catalina.core.StandardEngine - Starting Servlet Engine: Apache Tomcat/8.5.15
2019-03-14 14:58:36.256 [localhost-startStop-1] INFO  o.a.c.c.C.[Tomcat].[localhost].[/hpwxpc] - Initializing Spring embedded WebApplicationContext
2019-03-14 14:58:36.257 [localhost-startStop-1] INFO  org.springframework.web.context.ContextLoader - Root WebApplicationContext: initialization completed in 9767 ms
2019-03-14 14:58:36.795 [localhost-startStop-1] INFO  o.s.boot.web.servlet.FilterRegistrationBean - Mapping filter: 'characterEncodingFilter' to: [/*]
2019-03-14 14:58:36.796 [localhost-startStop-1] INFO  o.s.boot.web.servlet.FilterRegistrationBean - Mapping filter: 'hiddenHttpMethodFilter' to: [/*]
2019-03-14 14:58:36.797 [localhost-startStop-1] INFO  o.s.boot.web.servlet.FilterRegistrationBean - Mapping filter: 'httpPutFormContentFilter' to: [/*]
2019-03-14 14:58:36.797 [localhost-startStop-1] INFO  o.s.boot.web.servlet.FilterRegistrationBean - Mapping filter: 'requestContextFilter' to: [/*]
2019-03-14 14:58:36.798 [localhost-startStop-1] INFO  o.s.boot.web.servlet.FilterRegistrationBean - Mapping filter: 'delegatingFilterProxy' to urls: [/*]
2019-03-14 14:58:36.798 [localhost-startStop-1] INFO  o.s.boot.web.servlet.FilterRegistrationBean - Mapping filter: 'xssFilter' to urls: [/*]
2019-03-14 14:58:36.798 [localhost-startStop-1] INFO  o.s.boot.web.servlet.FilterRegistrationBean - Mapping filter: 'webStatFilter' to urls: [/*]
2019-03-14 14:58:36.798 [localhost-startStop-1] INFO  o.s.boot.web.servlet.FilterRegistrationBean - Mapping filter: 'shiroFilter' to: [/*]
2019-03-14 14:58:36.798 [localhost-startStop-1] INFO  o.s.boot.web.servlet.ServletRegistrationBean - Mapping servlet: 'dispatcherServlet' to [/]
2019-03-14 14:58:36.800 [localhost-startStop-1] INFO  o.s.boot.web.servlet.ServletRegistrationBean - Mapping servlet: 'statViewServlet' to [/druid/*]
2019-03-14 14:58:39.768 [restartedMain] INFO  org.springframework.aop.framework.CglibAopProxy - Method [java.util.List springfox.documentation.schema.property.OptimizedModelPropertiesProvider.candidateProperties(com.fasterxml.classmate.ResolvedType,com.fasterxml.jackson.databind.introspect.AnnotatedMember,com.fasterxml.jackson.databind.introspect.BeanPropertyDefinition,springfox.documentation.spi.schema.contexts.ModelContext)] is package-visible across different ClassLoaders and cannot get proxied via CGLIB: Declare this method as public or protected if you need to support invocations through the proxy.
2019-03-14 14:58:40.412 [restartedMain] INFO  o.s.w.s.m.m.a.RequestMappingHandlerMapping - Mapped "{[/health_check]}" onto public java.lang.String com.hp.check.CheckHeathController.healthcheck()
2019-03-14 14:58:40.419 [restartedMain] INFO  o.s.w.s.m.m.a.RequestMappingHandlerMapping - Mapped "{[/app/login],methods=[POST]}" onto public com.hp.common.utils.R com.hp.modules.app.controller.AppLoginController.login(com.hp.modules.app.form.LoginForm)
2019-03-14 14:58:40.420 [restartedMain] INFO  o.s.w.s.m.m.a.RequestMappingHandlerMapping - Mapped "{[/app/register],methods=[POST]}" onto public com.hp.common.utils.R com.hp.modules.app.controller.AppRegisterController.register(com.hp.modules.app.form.RegisterForm)
2019-03-14 14:58:40.422 [restartedMain] INFO  o.s.w.s.m.m.a.RequestMappingHandlerMapping - Mapped "{[/app/userId],methods=[GET]}" onto public com.hp.common.utils.R com.hp.modules.app.controller.AppTestController.userInfo(java.lang.Integer)
2019-03-14 14:58:40.423 [restartedMain] INFO  o.s.w.s.m.m.a.RequestMappingHandlerMapping - Mapped "{[/app/userInfo],methods=[GET]}" onto public com.hp.common.utils.R com.hp.modules.app.controller.AppTestController.userInfo(com.hp.modules.app.entity.UserEntity)
2019-03-14 14:58:40.423 [restartedMain] INFO  o.s.w.s.m.m.a.RequestMappingHandlerMapping - Mapped "{[/app/notToken],methods=[GET]}" onto public com.hp.common.utils.R com.hp.modules.app.controller.AppTestController.notToken()
2019-03-14 14:58:40.425 [restartedMain] INFO  o.s.w.s.m.m.a.RequestMappingHandlerMapping - Mapped "{[/sys/oss/delete],methods=[POST]}" onto public com.hp.common.utils.R com.hp.modules.oss.controller.SysOssController.delete(java.lang.Long[])
2019-03-14 14:58:40.426 [restartedMain] INFO  o.s.w.s.m.m.a.RequestMappingHandlerMapping - Mapped "{[/sys/oss/list],methods=[GET]}" onto public com.hp.common.utils.R com.hp.modules.oss.controller.SysOssController.list(java.util.Map<java.lang.String, java.lang.Object>)
2019-03-14 14:58:40.427 [restartedMain] INFO  o.s.w.s.m.m.a.RequestMappingHandlerMapping - Mapped "{[/sys/oss/config],methods=[GET]}" onto public com.hp.common.utils.R com.hp.modules.oss.controller.SysOssController.config()
2019-03-14 14:58:40.427 [restartedMain] INFO  o.s.w.s.m.m.a.RequestMappingHandlerMapping - Mapped "{[/sys/oss/upload],methods=[POST]}" onto public com.hp.common.utils.R com.hp.modules.oss.controller.SysOssController.upload(org.springframework.web.multipart.MultipartFile) throws java.lang.Exception
2019-03-14 14:58:40.428 [restartedMain] INFO  o.s.w.s.m.m.a.RequestMappingHandlerMapping - Mapped "{[/sys/oss/saveConfig],methods=[POST]}" onto public com.hp.common.utils.R com.hp.modules.oss.controller.SysOssController.saveConfig(com.hp.modules.oss.cloud.CloudStorageConfig)
2019-03-14 14:58:40.430 [restartedMain] INFO  o.s.w.s.m.m.a.RequestMappingHandlerMapping - Mapped "{[/sys/config/update],methods=[POST]}" onto public com.hp.common.utils.R com.hp.modules.sys.controller.SysConfigController.update(com.hp.modules.sys.entity.SysConfigEntity)
2019-03-14 14:58:40.431 [restartedMain] INFO  o.s.w.s.m.m.a.RequestMappingHandlerMapping - Mapped "{[/sys/config/delete],methods=[POST]}" onto public com.hp.common.utils.R com.hp.modules.sys.controller.SysConfigController.delete(java.lang.Long[])
2019-03-14 14:58:40.431 [restartedMain] INFO  o.s.w.s.m.m.a.RequestMappingHandlerMapping - Mapped "{[/sys/config/list],methods=[GET]}" onto public com.hp.common.utils.R com.hp.modules.sys.controller.SysConfigController.list(java.util.Map<java.lang.String, java.lang.Object>)
2019-03-14 14:58:40.432 [restartedMain] INFO  o.s.w.s.m.m.a.RequestMappingHandlerMapping - Mapped "{[/sys/config/save],methods=[POST]}" onto public com.hp.common.utils.R com.hp.modules.sys.controller.SysConfigController.save(com.hp.modules.sys.entity.SysConfigEntity)
2019-03-14 14:58:40.432 [restartedMain] INFO  o.s.w.s.m.m.a.RequestMappingHandlerMapping - Mapped "{[/sys/config/info/{id}],methods=[GET]}" onto public com.hp.common.utils.R com.hp.modules.sys.controller.SysConfigController.info(java.lang.Long)
2019-03-14 14:58:40.433 [restartedMain] INFO  o.s.w.s.m.m.a.RequestMappingHandlerMapping - Mapped "{[/sys/log/list],methods=[GET]}" onto public com.hp.common.utils.R com.hp.modules.sys.controller.SysLogController.list(java.util.Map<java.lang.String, java.lang.Object>)
2019-03-14 14:58:40.435 [restartedMain] INFO  o.s.w.s.m.m.a.RequestMappingHandlerMapping - Mapped "{[/captcha.jpg],methods=[GET]}" onto public void com.hp.modules.sys.controller.SysLoginController.captcha(javax.servlet.http.HttpServletResponse,java.lang.String) throws javax.servlet.ServletException,java.io.IOException
2019-03-14 14:58:40.435 [restartedMain] INFO  o.s.w.s.m.m.a.RequestMappingHandlerMapping - Mapped "{[/sys/logout],methods=[POST]}" onto public com.hp.common.utils.R com.hp.modules.sys.controller.SysLoginController.logout()
2019-03-14 14:58:40.435 [restartedMain] INFO  o.s.w.s.m.m.a.RequestMappingHandlerMapping - Mapped "{[/sys/login],methods=[POST]}" onto public java.util.Map<java.lang.String, java.lang.Object> com.hp.modules.sys.controller.SysLoginController.login(com.hp.modules.sys.form.SysLoginForm) throws java.io.IOException
2019-03-14 14:58:40.438 [restartedMain] INFO  o.s.w.s.m.m.a.RequestMappingHandlerMapping - Mapped "{[/sys/menu/update],methods=[POST]}" onto public com.hp.common.utils.R com.hp.modules.sys.controller.SysMenuController.update(com.hp.modules.sys.entity.SysMenuEntity)
2019-03-14 14:58:40.439 [restartedMain] INFO  o.s.w.s.m.m.a.RequestMappingHandlerMapping - Mapped "{[/sys/menu/delete/{menuId}],methods=[POST]}" onto public com.hp.common.utils.R com.hp.modules.sys.controller.SysMenuController.delete(long)
2019-03-14 14:58:40.439 [restartedMain] INFO  o.s.w.s.m.m.a.RequestMappingHandlerMapping - Mapped "{[/sys/menu/list],methods=[GET]}" onto public java.util.List<com.hp.modules.sys.entity.SysMenuEntity> com.hp.modules.sys.controller.SysMenuController.list()
2019-03-14 14:58:40.439 [restartedMain] INFO  o.s.w.s.m.m.a.RequestMappingHandlerMapping - Mapped "{[/sys/menu/save],methods=[POST]}" onto public com.hp.common.utils.R com.hp.modules.sys.controller.SysMenuController.save(com.hp.modules.sys.entity.SysMenuEntity)
2019-03-14 14:58:40.440 [restartedMain] INFO  o.s.w.s.m.m.a.RequestMappingHandlerMapping - Mapped "{[/sys/menu/info/{menuId}],methods=[GET]}" onto public com.hp.common.utils.R com.hp.modules.sys.controller.SysMenuController.info(java.lang.Long)
2019-03-14 14:58:40.440 [restartedMain] INFO  o.s.w.s.m.m.a.RequestMappingHandlerMapping - Mapped "{[/sys/menu/select],methods=[GET]}" onto public com.hp.common.utils.R com.hp.modules.sys.controller.SysMenuController.select()
2019-03-14 14:58:40.440 [restartedMain] INFO  o.s.w.s.m.m.a.RequestMappingHandlerMapping - Mapped "{[/sys/menu/nav],methods=[GET]}" onto public com.hp.common.utils.R com.hp.modules.sys.controller.SysMenuController.nav()
2019-03-14 14:58:40.448 [restartedMain] INFO  o.s.w.s.m.m.a.RequestMappingHandlerMapping - Mapped "{[/sys/role/update],methods=[POST]}" onto public com.hp.common.utils.R com.hp.modules.sys.controller.SysRoleController.update(com.hp.modules.sys.entity.SysRoleEntity)
2019-03-14 14:58:40.449 [restartedMain] INFO  o.s.w.s.m.m.a.RequestMappingHandlerMapping - Mapped "{[/sys/role/delete],methods=[POST]}" onto public com.hp.common.utils.R com.hp.modules.sys.controller.SysRoleController.delete(java.lang.Long[])
2019-03-14 14:58:40.449 [restartedMain] INFO  o.s.w.s.m.m.a.RequestMappingHandlerMapping - Mapped "{[/sys/role/list],methods=[GET]}" onto public com.hp.common.utils.R com.hp.modules.sys.controller.SysRoleController.list(java.util.Map<java.lang.String, java.lang.Object>)
2019-03-14 14:58:40.449 [restartedMain] INFO  o.s.w.s.m.m.a.RequestMappingHandlerMapping - Mapped "{[/sys/role/save],methods=[POST]}" onto public com.hp.common.utils.R com.hp.modules.sys.controller.SysRoleController.save(com.hp.modules.sys.entity.SysRoleEntity)
2019-03-14 14:58:40.449 [restartedMain] INFO  o.s.w.s.m.m.a.RequestMappingHandlerMapping - Mapped "{[/sys/role/info/{roleId}],methods=[GET]}" onto public com.hp.common.utils.R com.hp.modules.sys.controller.SysRoleController.info(java.lang.Long)
2019-03-14 14:58:40.450 [restartedMain] INFO  o.s.w.s.m.m.a.RequestMappingHandlerMapping - Mapped "{[/sys/role/select],methods=[GET]}" onto public com.hp.common.utils.R com.hp.modules.sys.controller.SysRoleController.select()
2019-03-14 14:58:40.452 [restartedMain] INFO  o.s.w.s.m.m.a.RequestMappingHandlerMapping - Mapped "{[/sys/user/update],methods=[POST]}" onto public com.hp.common.utils.R com.hp.modules.sys.controller.SysUserController.update(com.hp.modules.sys.entity.SysUserEntity)
2019-03-14 14:58:40.452 [restartedMain] INFO  o.s.w.s.m.m.a.RequestMappingHandlerMapping - Mapped "{[/sys/user/delete],methods=[POST]}" onto public com.hp.common.utils.R com.hp.modules.sys.controller.SysUserController.delete(java.lang.Long[])
2019-03-14 14:58:40.452 [restartedMain] INFO  o.s.w.s.m.m.a.RequestMappingHandlerMapping - Mapped "{[/sys/user/list],methods=[GET]}" onto public com.hp.common.utils.R com.hp.modules.sys.controller.SysUserController.list(java.util.Map<java.lang.String, java.lang.Object>)
2019-03-14 14:58:40.453 [restartedMain] INFO  o.s.w.s.m.m.a.RequestMappingHandlerMapping - Mapped "{[/sys/user/save],methods=[POST]}" onto public com.hp.common.utils.R com.hp.modules.sys.controller.SysUserController.save(com.hp.modules.sys.entity.SysUserEntity)
2019-03-14 14:58:40.453 [restartedMain] INFO  o.s.w.s.m.m.a.RequestMappingHandlerMapping - Mapped "{[/sys/user/info/{userId}],methods=[GET]}" onto public com.hp.common.utils.R com.hp.modules.sys.controller.SysUserController.info(java.lang.Long)
2019-03-14 14:58:40.453 [restartedMain] INFO  o.s.w.s.m.m.a.RequestMappingHandlerMapping - Mapped "{[/sys/user/info],methods=[GET]}" onto public com.hp.common.utils.R com.hp.modules.sys.controller.SysUserController.info()
2019-03-14 14:58:40.453 [restartedMain] INFO  o.s.w.s.m.m.a.RequestMappingHandlerMapping - Mapped "{[/sys/user/password],methods=[POST]}" onto public com.hp.common.utils.R com.hp.modules.sys.controller.SysUserController.password(com.hp.modules.sys.form.PasswordForm)
2019-03-14 14:58:40.456 [restartedMain] INFO  o.s.w.s.m.m.a.RequestMappingHandlerMapping - Mapped "{[/sys/questionnaire/add],methods=[POST]}" onto public com.hp.common.utils.R com.hp.modules.sys.controller.TQuestionnaireController.add(com.hp.modules.sys.entity.TQuestionnaire)
2019-03-14 14:58:40.457 [restartedMain] INFO  o.s.w.s.m.m.a.RequestMappingHandlerMapping - Mapped "{[/sys/questionnaire/update],methods=[GET]}" onto public com.hp.common.utils.R com.hp.modules.sys.controller.TQuestionnaireController.update(com.hp.modules.sys.entity.TQuestionnaire)
2019-03-14 14:58:40.457 [restartedMain] INFO  o.s.w.s.m.m.a.RequestMappingHandlerMapping - Mapped "{[/sys/questionnaire/delete],methods=[POST]}" onto public com.hp.common.utils.R com.hp.modules.sys.controller.TQuestionnaireController.delete(java.lang.Long[])
2019-03-14 14:58:40.458 [restartedMain] INFO  o.s.w.s.m.m.a.RequestMappingHandlerMapping - Mapped "{[/sys/questionnaire/list],methods=[GET]}" onto public com.hp.common.utils.R com.hp.modules.sys.controller.TQuestionnaireController.list(java.util.Map<java.lang.String, java.lang.Object>)
2019-03-14 14:58:40.458 [restartedMain] INFO  o.s.w.s.m.m.a.RequestMappingHandlerMapping - Mapped "{[/sys/questionnaire/info/{questionnaireId}],methods=[GET]}" onto public com.hp.common.utils.R com.hp.modules.sys.controller.TQuestionnaireController.info(java.lang.Long)
2019-03-14 14:58:40.458 [restartedMain] INFO  o.s.w.s.m.m.a.RequestMappingHandlerMapping - Mapped "{[/sys/questionnaire/upload],methods=[POST]}" onto public com.hp.common.utils.R com.hp.modules.sys.controller.TQuestionnaireController.upload(org.springframework.web.multipart.MultipartFile)
2019-03-14 14:58:40.458 [restartedMain] INFO  o.s.w.s.m.m.a.RequestMappingHandlerMapping - Mapped "{[/sys/questionnaire/statistics],methods=[GET]}" onto public com.hp.common.utils.R com.hp.modules.sys.controller.TQuestionnaireController.statistics(java.util.Map<java.lang.String, java.lang.Object>)
2019-03-14 14:58:40.458 [restartedMain] INFO  o.s.w.s.m.m.a.RequestMappingHandlerMapping - Mapped "{[/sys/questionnaire/subjects/{questionnaireId}],methods=[GET]}" onto public com.hp.common.utils.R com.hp.modules.sys.controller.TQuestionnaireController.subjects(java.lang.Long)
2019-03-14 14:58:40.459 [restartedMain] INFO  o.s.w.s.m.m.a.RequestMappingHandlerMapping - Mapped "{[/sys/questionnaire/statisticsOnResult],methods=[POST]}" onto public com.hp.common.utils.R com.hp.modules.sys.controller.TQuestionnaireController.statisticsOnResult(java.util.Map<java.lang.String, java.lang.Object>)
2019-03-14 14:58:40.459 [restartedMain] INFO  o.s.w.s.m.m.a.RequestMappingHandlerMapping - Mapped "{[/sys/questionnaire/answers/{questionnaireId}],methods=[GET]}" onto public com.hp.common.utils.R com.hp.modules.sys.controller.TQuestionnaireController.subjectsAndAnswers(java.lang.Long)
2019-03-14 14:58:40.460 [restartedMain] INFO  o.s.w.s.m.m.a.RequestMappingHandlerMapping - Mapped "{[/sys/questionnaire/statisticsOnSubject],methods=[POST]}" onto public com.hp.common.utils.R com.hp.modules.sys.controller.TQuestionnaireController.statisticsOnSubject(java.util.Map<java.lang.String, java.lang.Object>)
2019-03-14 14:58:40.463 [restartedMain] INFO  o.s.w.s.m.m.a.RequestMappingHandlerMapping - Mapped "{[/sys/subject/add],methods=[GET]}" onto public com.hp.common.utils.R com.hp.modules.sys.controller.TSubjectController.add(java.util.List<com.hp.modules.sys.entity.TSubject>)
2019-03-14 14:58:40.464 [restartedMain] INFO  o.s.w.s.m.m.a.RequestMappingHandlerMapping - Mapped "{[/sys/subject/update],methods=[GET]}" onto public com.hp.common.utils.R com.hp.modules.sys.controller.TSubjectController.update(com.hp.modules.sys.entity.TSubject)
2019-03-14 14:58:40.464 [restartedMain] INFO  o.s.w.s.m.m.a.RequestMappingHandlerMapping - Mapped "{[/sys/subject/delete],methods=[POST]}" onto public com.hp.common.utils.R com.hp.modules.sys.controller.TSubjectController.delete(java.lang.Long[])
2019-03-14 14:58:40.464 [restartedMain] INFO  o.s.w.s.m.m.a.RequestMappingHandlerMapping - Mapped "{[/sys/subject/list],methods=[GET]}" onto public com.hp.common.utils.R com.hp.modules.sys.controller.TSubjectController.list(java.util.Map<java.lang.String, java.lang.Object>)
2019-03-14 14:58:40.464 [restartedMain] INFO  o.s.w.s.m.m.a.RequestMappingHandlerMapping - Mapped "{[/sys/subject/addAnswers],methods=[GET]}" onto public com.hp.common.utils.R com.hp.modules.sys.controller.TSubjectController.addSubject(com.hp.modules.sys.entity.TSurveyAnswers)
2019-03-14 14:58:40.465 [restartedMain] INFO  o.s.w.s.m.m.a.RequestMappingHandlerMapping - Mapped "{[/v2/api-docs],methods=[GET]}" onto public org.springframework.http.ResponseEntity<springfox.documentation.spring.web.json.Json> springfox.documentation.swagger2.web.Swagger2Controller.getDocumentation(java.lang.String)
2019-03-14 14:58:40.468 [restartedMain] INFO  o.s.w.s.m.m.a.RequestMappingHandlerMapping - Mapped "{[/swagger-resources]}" onto org.springframework.http.ResponseEntity<java.util.List<springfox.documentation.swagger.web.SwaggerResource>> springfox.documentation.swagger.web.ApiResourceController.swaggerResources()
2019-03-14 14:58:40.469 [restartedMain] INFO  o.s.w.s.m.m.a.RequestMappingHandlerMapping - Mapped "{[/configuration/ui]}" onto org.springframework.http.ResponseEntity<springfox.documentation.swagger.web.UiConfiguration> springfox.documentation.swagger.web.ApiResourceController.uiConfiguration()
2019-03-14 14:58:40.470 [restartedMain] INFO  o.s.w.s.m.m.a.RequestMappingHandlerMapping - Mapped "{[/configuration/security]}" onto org.springframework.http.ResponseEntity<springfox.documentation.swagger.web.SecurityConfiguration> springfox.documentation.swagger.web.ApiResourceController.securityConfiguration()
2019-03-14 14:58:40.473 [restartedMain] INFO  o.s.w.s.m.m.a.RequestMappingHandlerMapping - Mapped "{[/error]}" onto public org.springframework.http.ResponseEntity<java.util.Map<java.lang.String, java.lang.Object>> org.springframework.boot.autoconfigure.web.BasicErrorController.error(javax.servlet.http.HttpServletRequest)
2019-03-14 14:58:40.473 [restartedMain] INFO  o.s.w.s.m.m.a.RequestMappingHandlerMapping - Mapped "{[/error],produces=[text/html]}" onto public org.springframework.web.servlet.ModelAndView org.springframework.boot.autoconfigure.web.BasicErrorController.errorHtml(javax.servlet.http.HttpServletRequest,javax.servlet.http.HttpServletResponse)
2019-03-14 14:58:41.943 [restartedMain] INFO  o.s.w.s.m.m.a.RequestMappingHandlerAdapter - Looking for @ControllerAdvice: org.springframework.boot.context.embedded.AnnotationConfigEmbeddedWebApplicationContext@381fdd24: startup date [Thu Mar 14 14:58:26 CST 2019]; root of context hierarchy
2019-03-14 14:58:42.158 [restartedMain] INFO  o.s.web.servlet.handler.SimpleUrlHandlerMapping - Mapped URL path [/swagger-ui.html] onto handler of type [class org.springframework.web.servlet.resource.ResourceHttpRequestHandler]
2019-03-14 14:58:42.158 [restartedMain] INFO  o.s.web.servlet.handler.SimpleUrlHandlerMapping - Mapped URL path [/webjars/**] onto handler of type [class org.springframework.web.servlet.resource.ResourceHttpRequestHandler]
2019-03-14 14:58:42.158 [restartedMain] INFO  o.s.web.servlet.handler.SimpleUrlHandlerMapping - Mapped URL path [/**] onto handler of type [class org.springframework.web.servlet.resource.ResourceHttpRequestHandler]
2019-03-14 14:58:42.205 [restartedMain] INFO  o.s.w.s.m.m.a.ExceptionHandlerExceptionResolver - Detected @ExceptionHandler methods in RRExceptionHandler
2019-03-14 14:58:42.372 [restartedMain] INFO  o.s.web.servlet.handler.SimpleUrlHandlerMapping - Mapped URL path [/**/favicon.ico] onto handler of type [class org.springframework.web.servlet.resource.ResourceHttpRequestHandler]
2019-03-14 14:58:43.592 [restartedMain] INFO  o.s.ui.freemarker.SpringTemplateLoader - SpringTemplateLoader for FreeMarker: using resource loader [org.springframework.boot.context.embedded.AnnotationConfigEmbeddedWebApplicationContext@381fdd24: startup date [Thu Mar 14 14:58:26 CST 2019]; root of context hierarchy] and template loader path [classpath:/templates/]
2019-03-14 14:58:43.593 [restartedMain] INFO  o.s.w.servlet.view.freemarker.FreeMarkerConfigurer - ClassTemplateLoader for Spring macros added to FreeMarker configuration
2019-03-14 14:58:45.108 [restartedMain] INFO  o.s.b.d.autoconfigure.OptionalLiveReloadServer - LiveReload server is running on port 35729
2019-03-14 14:58:45.270 [restartedMain] INFO  o.s.jmx.export.annotation.AnnotationMBeanExporter - Registering beans for JMX exposure on startup
2019-03-14 14:58:45.273 [restartedMain] INFO  o.s.jmx.export.annotation.AnnotationMBeanExporter - Bean with name 'firstDataSource' has been autodetected for JMX exposure
2019-03-14 14:58:45.274 [restartedMain] INFO  o.s.jmx.export.annotation.AnnotationMBeanExporter - Bean with name 'secondDataSource' has been autodetected for JMX exposure
2019-03-14 14:58:45.275 [restartedMain] INFO  o.s.jmx.export.annotation.AnnotationMBeanExporter - Bean with name 'statFilter' has been autodetected for JMX exposure
2019-03-14 14:58:45.281 [restartedMain] INFO  o.s.jmx.export.annotation.AnnotationMBeanExporter - Located MBean 'firstDataSource': registering with JMX server as MBean [com.alibaba.druid.spring.boot.autoconfigure:name=firstDataSource,type=DruidDataSourceWrapper]
2019-03-14 14:58:45.283 [restartedMain] INFO  o.s.jmx.export.annotation.AnnotationMBeanExporter - Located MBean 'secondDataSource': registering with JMX server as MBean [com.alibaba.druid.spring.boot.autoconfigure:name=secondDataSource,type=DruidDataSourceWrapper]
2019-03-14 14:58:45.284 [restartedMain] INFO  o.s.jmx.export.annotation.AnnotationMBeanExporter - Located MBean 'statFilter': registering with JMX server as MBean [com.alibaba.druid.filter.stat:name=statFilter,type=StatFilter]
2019-03-14 14:58:45.293 [restartedMain] INFO  s.d.s.web.plugins.DocumentationPluginsBootstrapper - Context refreshed
2019-03-14 14:58:45.331 [restartedMain] INFO  s.d.s.web.plugins.DocumentationPluginsBootstrapper - Found {0} custom documentation plugin(s)
2019-03-14 14:58:45.343 [restartedMain] INFO  s.d.spring.web.scanners.ApiListingReferenceScanner - Scanning for api listing references
2019-03-14 14:58:45.356 [restartedMain] INFO  s.d.s.web.ClassOrApiAnnotationResourceGrouping - Group for method login was app登录接口
2019-03-14 14:58:45.361 [restartedMain] INFO  s.d.spring.web.scanners.ApiListingReferenceScanner - Request mapping: login belongs to groups: [[ResourceGroup{groupName='app登录接口', position=0, controller=com.hp.modules.app.controller.AppLoginController}]] 
2019-03-14 14:58:45.363 [restartedMain] INFO  s.d.s.web.ClassOrApiAnnotationResourceGrouping - Group for method notToken was app测试接口
2019-03-14 14:58:45.364 [restartedMain] INFO  s.d.spring.web.scanners.ApiListingReferenceScanner - Request mapping: notToken belongs to groups: [[ResourceGroup{groupName='app测试接口', position=0, controller=com.hp.modules.app.controller.AppTestController}]] 
2019-03-14 14:58:45.364 [restartedMain] INFO  s.d.s.web.ClassOrApiAnnotationResourceGrouping - Group for method register was app注册接口
2019-03-14 14:58:45.364 [restartedMain] INFO  s.d.spring.web.scanners.ApiListingReferenceScanner - Request mapping: register belongs to groups: [[ResourceGroup{groupName='app注册接口', position=0, controller=com.hp.modules.app.controller.AppRegisterController}]] 
2019-03-14 14:58:45.365 [restartedMain] INFO  s.d.s.web.ClassOrApiAnnotationResourceGrouping - Group for method userInfo was app测试接口
2019-03-14 14:58:45.365 [restartedMain] INFO  s.d.spring.web.scanners.ApiListingReferenceScanner - Request mapping: userInfo belongs to groups: [[ResourceGroup{groupName='app测试接口', position=0, controller=com.hp.modules.app.controller.AppTestController}]] 
2019-03-14 14:58:45.365 [restartedMain] INFO  s.d.s.web.ClassOrApiAnnotationResourceGrouping - Group for method userInfo was app测试接口
2019-03-14 14:58:45.366 [restartedMain] INFO  s.d.spring.web.scanners.ApiListingReferenceScanner - Request mapping: userInfo belongs to groups: [[ResourceGroup{groupName='app测试接口', position=0, controller=com.hp.modules.app.controller.AppTestController}]] 
2019-03-14 14:58:45.373 [restartedMain] INFO  s.d.spring.web.scanners.ApiListingReferenceScanner - Created resource listing Path: /default/app登录接口 Description: app登录接口 Position: 0
2019-03-14 14:58:45.376 [restartedMain] INFO  s.d.spring.web.scanners.ApiListingReferenceScanner - Created resource listing Path: /default/app注册接口 Description: app注册接口 Position: 0
2019-03-14 14:58:45.379 [restartedMain] INFO  s.d.spring.web.scanners.ApiListingReferenceScanner - Created resource listing Path: /default/app测试接口 Description: app测试接口 Position: 0
2019-03-14 14:58:45.419 [restartedMain] INFO  s.documentation.schema.ModelContextKeyGenerator - Cache Key Generated: com.hp.modules.app.form.RegisterForm(false)
2019-03-14 14:58:45.419 [restartedMain] INFO  s.documentation.spring.web.caching.CachingAspect - Caching aspect applied for cache models with key com.hp.modules.app.form.RegisterForm(false)
2019-03-14 14:58:45.434 [restartedMain] INFO  s.d.schema.property.ModelPropertiesKeyGenerator - Cache key generated: com.hp.modules.app.form.RegisterForm(false)
2019-03-14 14:58:45.434 [restartedMain] INFO  s.documentation.spring.web.caching.CachingAspect - Caching aspect applied for cache modelProperties with key com.hp.modules.app.form.RegisterForm(false)
2019-03-14 14:58:45.493 [restartedMain] INFO  s.documentation.schema.ModelContextKeyGenerator - Cache Key Generated: com.hp.modules.app.form.RegisterForm(false)
2019-03-14 14:58:45.493 [restartedMain] INFO  s.documentation.spring.web.caching.CachingAspect - Caching aspect applied for cache modelDependencies with key com.hp.modules.app.form.RegisterForm(false)
2019-03-14 14:58:45.497 [restartedMain] INFO  s.d.schema.property.ModelPropertiesKeyGenerator - Cache key generated: com.hp.modules.app.form.RegisterForm(false)
2019-03-14 14:58:45.498 [restartedMain] INFO  s.documentation.spring.web.caching.CachingAspect - Caching aspect applied for cache modelProperties with key com.hp.modules.app.form.RegisterForm(false)
2019-03-14 14:58:45.499 [restartedMain] INFO  s.documentation.schema.ModelContextKeyGenerator - Cache Key Generated: com.hp.common.utils.R(true)
2019-03-14 14:58:45.500 [restartedMain] INFO  s.documentation.spring.web.caching.CachingAspect - Caching aspect applied for cache models with key com.hp.common.utils.R(true)
2019-03-14 14:58:45.500 [restartedMain] INFO  s.documentation.schema.ModelContextKeyGenerator - Cache Key Generated: com.hp.common.utils.R(true)
2019-03-14 14:58:45.500 [restartedMain] INFO  s.documentation.spring.web.caching.CachingAspect - Caching aspect applied for cache modelDependencies with key com.hp.common.utils.R(true)
2019-03-14 14:58:45.500 [restartedMain] INFO  s.d.schema.property.ModelPropertiesKeyGenerator - Cache key generated: com.hp.common.utils.R(true)
2019-03-14 14:58:45.500 [restartedMain] INFO  s.documentation.spring.web.caching.CachingAspect - Caching aspect applied for cache modelProperties with key com.hp.common.utils.R(true)
2019-03-14 14:58:45.510 [restartedMain] INFO  s.documentation.spring.web.OperationsKeyGenerator - Cache key generated: /app/register.com.hp.modules.app.controller.AppRegisterController.register.DefaultGenericTypeNamingStrategy
2019-03-14 14:58:45.510 [restartedMain] INFO  s.documentation.spring.web.caching.CachingAspect - Caching aspect applied for cache operations with key /app/register.com.hp.modules.app.controller.AppRegisterController.register.DefaultGenericTypeNamingStrategy
2019-03-14 14:58:45.531 [restartedMain] INFO  s.d.s.web.ClassOrApiAnnotationResourceGrouping - Group for method register was app注册接口
2019-03-14 14:58:45.554 [restartedMain] INFO  s.d.s.web.ClassOrApiAnnotationResourceGrouping - Group for method register was app注册接口
2019-03-14 14:58:45.577 [restartedMain] INFO  s.documentation.schema.ModelContextKeyGenerator - Cache Key Generated: com.hp.common.utils.R(true)
2019-03-14 14:58:45.577 [restartedMain] INFO  s.documentation.spring.web.caching.CachingAspect - Caching aspect applied for cache models with key com.hp.common.utils.R(true)
2019-03-14 14:58:45.577 [restartedMain] INFO  s.documentation.schema.ModelContextKeyGenerator - Cache Key Generated: com.hp.common.utils.R(true)
2019-03-14 14:58:45.577 [restartedMain] INFO  s.documentation.spring.web.caching.CachingAspect - Caching aspect applied for cache modelDependencies with key com.hp.common.utils.R(true)
2019-03-14 14:58:45.578 [restartedMain] INFO  s.documentation.spring.web.OperationsKeyGenerator - Cache key generated: /app/notToken.com.hp.modules.app.controller.AppTestController.notToken.DefaultGenericTypeNamingStrategy
2019-03-14 14:58:45.578 [restartedMain] INFO  s.documentation.spring.web.caching.CachingAspect - Caching aspect applied for cache operations with key /app/notToken.com.hp.modules.app.controller.AppTestController.notToken.DefaultGenericTypeNamingStrategy
2019-03-14 14:58:45.578 [restartedMain] INFO  s.d.s.web.ClassOrApiAnnotationResourceGrouping - Group for method notToken was app测试接口
2019-03-14 14:58:45.579 [restartedMain] INFO  s.d.s.web.ClassOrApiAnnotationResourceGrouping - Group for method notToken was app测试接口
2019-03-14 14:58:45.586 [restartedMain] INFO  s.documentation.schema.ModelContextKeyGenerator - Cache Key Generated: com.hp.common.utils.R(true)
2019-03-14 14:58:45.586 [restartedMain] INFO  s.documentation.spring.web.caching.CachingAspect - Caching aspect applied for cache models with key com.hp.common.utils.R(true)
2019-03-14 14:58:45.586 [restartedMain] INFO  s.documentation.schema.ModelContextKeyGenerator - Cache Key Generated: com.hp.common.utils.R(true)
2019-03-14 14:58:45.586 [restartedMain] INFO  s.documentation.spring.web.caching.CachingAspect - Caching aspect applied for cache modelDependencies with key com.hp.common.utils.R(true)
2019-03-14 14:58:45.587 [restartedMain] INFO  s.documentation.spring.web.OperationsKeyGenerator - Cache key generated: /app/userId.com.hp.modules.app.controller.AppTestController.userInfo.DefaultGenericTypeNamingStrategy
2019-03-14 14:58:45.587 [restartedMain] INFO  s.documentation.spring.web.caching.CachingAspect - Caching aspect applied for cache operations with key /app/userId.com.hp.modules.app.controller.AppTestController.userInfo.DefaultGenericTypeNamingStrategy
2019-03-14 14:58:45.592 [restartedMain] INFO  s.d.s.web.ClassOrApiAnnotationResourceGrouping - Group for method userInfo was app测试接口
2019-03-14 14:58:45.593 [restartedMain] INFO  s.d.s.web.ClassOrApiAnnotationResourceGrouping - Group for method userInfo was app测试接口
2019-03-14 14:58:45.595 [restartedMain] INFO  s.documentation.schema.ModelContextKeyGenerator - Cache Key Generated: com.hp.common.utils.R(true)
2019-03-14 14:58:45.595 [restartedMain] INFO  s.documentation.spring.web.caching.CachingAspect - Caching aspect applied for cache models with key com.hp.common.utils.R(true)
2019-03-14 14:58:45.596 [restartedMain] INFO  s.documentation.schema.ModelContextKeyGenerator - Cache Key Generated: com.hp.common.utils.R(true)
2019-03-14 14:58:45.596 [restartedMain] INFO  s.documentation.spring.web.caching.CachingAspect - Caching aspect applied for cache modelDependencies with key com.hp.common.utils.R(true)
2019-03-14 14:58:45.596 [restartedMain] INFO  s.documentation.spring.web.OperationsKeyGenerator - Cache key generated: /app/userInfo.com.hp.modules.app.controller.AppTestController.userInfo.DefaultGenericTypeNamingStrategy
2019-03-14 14:58:45.596 [restartedMain] INFO  s.documentation.spring.web.caching.CachingAspect - Caching aspect applied for cache operations with key /app/userInfo.com.hp.modules.app.controller.AppTestController.userInfo.DefaultGenericTypeNamingStrategy
2019-03-14 14:58:45.598 [restartedMain] INFO  s.d.s.web.ClassOrApiAnnotationResourceGrouping - Group for method userInfo was app测试接口
2019-03-14 14:58:45.599 [restartedMain] INFO  s.d.s.web.ClassOrApiAnnotationResourceGrouping - Group for method userInfo was app测试接口
2019-03-14 14:58:45.600 [restartedMain] INFO  s.d.s.w.r.operation.CachingOperationNameGenerator - Generating unique operation named: userInfoUsingGET_1
2019-03-14 14:58:45.602 [restartedMain] INFO  s.documentation.schema.ModelContextKeyGenerator - Cache Key Generated: com.hp.modules.app.form.LoginForm(false)
2019-03-14 14:58:45.602 [restartedMain] INFO  s.documentation.spring.web.caching.CachingAspect - Caching aspect applied for cache models with key com.hp.modules.app.form.LoginForm(false)
2019-03-14 14:58:45.602 [restartedMain] INFO  s.d.schema.property.ModelPropertiesKeyGenerator - Cache key generated: com.hp.modules.app.form.LoginForm(false)
2019-03-14 14:58:45.602 [restartedMain] INFO  s.documentation.spring.web.caching.CachingAspect - Caching aspect applied for cache modelProperties with key com.hp.modules.app.form.LoginForm(false)
2019-03-14 14:58:45.605 [restartedMain] INFO  s.documentation.schema.ModelContextKeyGenerator - Cache Key Generated: com.hp.modules.app.form.LoginForm(false)
2019-03-14 14:58:45.606 [restartedMain] INFO  s.documentation.spring.web.caching.CachingAspect - Caching aspect applied for cache modelDependencies with key com.hp.modules.app.form.LoginForm(false)
2019-03-14 14:58:45.606 [restartedMain] INFO  s.d.schema.property.ModelPropertiesKeyGenerator - Cache key generated: com.hp.modules.app.form.LoginForm(false)
2019-03-14 14:58:45.607 [restartedMain] INFO  s.documentation.spring.web.caching.CachingAspect - Caching aspect applied for cache modelProperties with key com.hp.modules.app.form.LoginForm(false)
2019-03-14 14:58:45.607 [restartedMain] INFO  s.documentation.schema.ModelContextKeyGenerator - Cache Key Generated: com.hp.common.utils.R(true)
2019-03-14 14:58:45.607 [restartedMain] INFO  s.documentation.spring.web.caching.CachingAspect - Caching aspect applied for cache models with key com.hp.common.utils.R(true)
2019-03-14 14:58:45.607 [restartedMain] INFO  s.documentation.schema.ModelContextKeyGenerator - Cache Key Generated: com.hp.common.utils.R(true)
2019-03-14 14:58:45.607 [restartedMain] INFO  s.documentation.spring.web.caching.CachingAspect - Caching aspect applied for cache modelDependencies with key com.hp.common.utils.R(true)
2019-03-14 14:58:45.607 [restartedMain] INFO  s.documentation.spring.web.OperationsKeyGenerator - Cache key generated: /app/login.com.hp.modules.app.controller.AppLoginController.login.DefaultGenericTypeNamingStrategy
2019-03-14 14:58:45.607 [restartedMain] INFO  s.documentation.spring.web.caching.CachingAspect - Caching aspect applied for cache operations with key /app/login.com.hp.modules.app.controller.AppLoginController.login.DefaultGenericTypeNamingStrategy
2019-03-14 14:58:45.610 [restartedMain] INFO  s.d.s.web.ClassOrApiAnnotationResourceGrouping - Group for method login was app登录接口
2019-03-14 14:58:45.611 [restartedMain] INFO  s.d.s.web.ClassOrApiAnnotationResourceGrouping - Group for method login was app登录接口
2019-03-14 14:58:45.636 [restartedMain] INFO  org.apache.coyote.http11.Http11NioProtocol - Initializing ProtocolHandler ["http-nio-5000"]
2019-03-14 14:58:45.657 [restartedMain] INFO  org.apache.coyote.http11.Http11NioProtocol - Starting ProtocolHandler ["http-nio-5000"]
2019-03-14 14:58:45.685 [restartedMain] INFO  org.apache.tomcat.util.net.NioSelectorPool - Using a shared selector for servlet write/read
2019-03-14 14:58:45.717 [restartedMain] INFO  o.s.b.c.e.tomcat.TomcatEmbeddedServletContainer - Tomcat started on port(s): 5000 (http)
2019-03-14 14:58:45.727 [restartedMain] INFO  com.hp.PcApplication - Started PcApplication in 19.925 seconds (JVM running for 20.587)
2019-03-14 14:58:45.728 [restartedMain] INFO  com.hp.PcApplication - 微信后台服务已启动......
2019-03-14 14:59:45.914 [http-nio-5000-exec-1] INFO  o.a.c.c.C.[Tomcat].[localhost].[/hpwxpc] - Initializing Spring FrameworkServlet 'dispatcherServlet'
2019-03-14 14:59:45.914 [http-nio-5000-exec-1] INFO  org.springframework.web.servlet.DispatcherServlet - FrameworkServlet 'dispatcherServlet': initialization started
2019-03-14 14:59:45.987 [http-nio-5000-exec-1] INFO  org.springframework.web.servlet.DispatcherServlet - FrameworkServlet 'dispatcherServlet': initialization completed in 73 ms
2019-03-14 14:59:46.042 [http-nio-5000-exec-1] INFO  o.a.s.session.mgt.AbstractValidatingSessionManager - Enabling session validation scheduler...
